<?xml version="1.0" encoding="UTF-8"?>
<!-- Generated by org.testng.reporters.JUnitXMLReporter -->
<testsuite ignored="8" hostname="MSI" failures="1" tests="28" name="Backup" time="115.934" errors="0" timestamp="2020-01-19T17:13:35 GMT+03:00">
  <testcase classname="TestPage.TestDashboard.Backup.TestVerifiedBackup" name="testCreateVerifiedBackupScheduleIncorrect" time="0.259"/>
  <testcase classname="TestPage.TestDashboard.Backup.TestVerifiedBackup" name="testCreateVerifiedBackupMaxNumbNegative" time="0.419"/>
  <testcase classname="TestPage.TestDashboard.Backup.TestVerifiedBackup" name="testCreateVerifiedBackupMaxNumbNotNumbers" time="0.461"/>
  <testcase classname="TestPage.TestDashboard.Backup.TestVerifiedBackup" name="testCreateVerifiedBackupCorrect" time="13.69"/>
  <testcase classname="TestPage.TestDashboard.Backup.TestIncrementalBackup" name="testCreateIncrementalBackupMaxDurationEmpty" time="3.335"/>
  <testcase classname="TestPage.TestDashboard.Backup.TestIncrementalBackup" name="testCreateIncrementalBackupMinFreeSpaceEmpty" time="2.885"/>
  <testcase classname="TestPage.TestDashboard.Backup.TestIncrementalBackup" name="testCreateIncrementalBackupPathFolderEmpty" time="2.799"/>
  <testcase classname="TestPage.TestDashboard.Backup.TestIncrementalBackup" name="testCreateIncrementalBackupJournalFolderEmpty" time="2.825"/>
  <testcase classname="TestPage.TestDashboard.Backup.TestIncrementalBackup" name="testCreateIncrementalBackupPerformBackupEmpty" time="2.79"/>
  <testcase classname="TestPage.TestDashboard.Backup.TestIncrementalBackup" name="testCreateIncrementalBackupCorrect" time="14.786"/>
  <testcase classname="TestPage.TestDashboard.Backup.TestDumpBackup" name="testCreateDumpBackupScheduleIncorrect" time="0.657"/>
  <testcase classname="TestPage.TestDashboard.Backup.TestDumpBackup" name="testCreateDumpBackupMinFreeSpaceEmpty" time="0.592"/>
  <testcase classname="TestPage.TestDashboard.Backup.TestDumpBackup" name="testCreateDumpBackupPathFolderEmpty" time="0.561"/>
  <testcase classname="TestPage.TestDashboard.Backup.TestDumpBackup" name="testCreateDumpBackupMaxNumbFilesEmpty" time="0.6"/>
  <testcase classname="TestPage.TestDashboard.Backup.TestDumpBackup" name="testCreateDumpBackupCorrect" time="12.742"/>
  <testcase classname="TestPage.TestDashboard.Backup.TestRestoreDb" name="testCreateRestoreDbScheduleIncorrect" time="1.807"/>
  <testcase classname="TestPage.TestDashboard.Backup.TestRestoreDb" name="testCreateRestoreDbBackupFolderEmptyField" time="1.249"/>
  <testcase classname="TestPage.TestDashboard.Backup.TestRestoreDb" name="testCreateRestoreDbPathTemplateBackupFolderEmptyField" time="1.196"/>
  <testcase classname="TestPage.TestDashboard.Backup.TestRestoreDb" name="testCreateRestoreTimeTakeBackupEmptyField" time="1.694"/>
  <testcase classname="TestPage.TestDashboard.Backup.TestRestoreDb" name="testCreateRestoreDbPathRestoreFolderEmptyField" time="1.155"/>
  <testcase classname="TestPage.TestDashboard.Backup.TestRestoreDb" name="testCreateRestoreDbRestoreFileNameEmptyField" time="1.688"/>
  <testcase classname="TestPage.TestDashboard.Backup.TestRestoreDb" name="testCreateRestoreDbSuffixFileNameEmptyField" time="1.173"/>
  <testcase classname="TestPage.TestDashboard.Backup.TestRestoreDb" name="testCreateRestoreDbLimitProcessTimeEmptyField" time="1.7"/>
  <testcase classname="TestPage.TestDashboard.Backup.TestRestoreDb" name="testCreateRestoreDbMinFreeSpaceEmptyField" time="1.231"/>
  <testcase classname="TestPage.TestDashboard.Backup.TestRestoreDb" name="testCreateRestoreDbCorrect" time="13.341">
    <failure type="java.lang.AssertionError" message="Status verified backup not OK expected [OK] but found [MINOR]">
      <![CDATA[java.lang.AssertionError: Status verified backup not OK expected [OK] but found [MINOR]
at TestPage.TestDashboard.Backup.TestRestoreDb.testCreateRestoreDbCorrect(TestRestoreDb.java:204)
at java.base/java.util.ArrayList.forEach(ArrayList.java:1540)
... Removed 35 stack frames]]>
    </failure>
  </testcase> <!-- testCreateRestoreDbCorrect -->
  <testcase classname="TestPage.TestDashboard.Backup.TestSqlPing" name="testCheckScheduleIncorrect" time="1.735"/>
  <testcase classname="TestPage.TestDashboard.Backup.TestSqlPing" name="testCheckSqlQueryEmptyField" time="1.313"/>
  <testcase classname="TestPage.TestDashboard.Backup.TestSqlPing" name="testCreateSqlPingCorrect" time="13.85"/>
  <testcase classname="TestPage.EnvContainer" name="@BeforeSuite suiteSetUp" time="0.0">
    <ignored/>
  </testcase> <!-- @BeforeSuite suiteSetUp -->
  <testcase classname="TestPage.EnvContainer" name="@BeforeSuite suiteSetUp" time="0.0">
    <ignored/>
  </testcase> <!-- @BeforeSuite suiteSetUp -->
  <testcase classname="TestPage.EnvContainer" name="@BeforeSuite suiteSetUp" time="0.0">
    <ignored/>
  </testcase> <!-- @BeforeSuite suiteSetUp -->
  <testcase classname="TestPage.EnvContainer" name="@BeforeSuite suiteSetUp" time="0.0">
    <ignored/>
  </testcase> <!-- @BeforeSuite suiteSetUp -->
  <testcase classname="TestPage.EnvContainer" name="@AfterSuite suiteTearDown" time="0.0">
    <ignored/>
  </testcase> <!-- @AfterSuite suiteTearDown -->
  <testcase classname="TestPage.EnvContainer" name="@AfterSuite suiteTearDown" time="0.0">
    <ignored/>
  </testcase> <!-- @AfterSuite suiteTearDown -->
  <testcase classname="TestPage.EnvContainer" name="@AfterSuite suiteTearDown" time="0.0">
    <ignored/>
  </testcase> <!-- @AfterSuite suiteTearDown -->
  <testcase classname="TestPage.EnvContainer" name="@AfterSuite suiteTearDown" time="0.0">
    <ignored/>
  </testcase> <!-- @AfterSuite suiteTearDown -->
</testsuite> <!-- Backup -->
