<?xml version="1.0" encoding="UTF-8"?>
<!-- Generated by org.testng.reporters.JUnitXMLReporter -->
<testsuite ignored="2" hostname="MSI" failures="0" tests="14" name="CloudBackup" time="23.648" errors="0" timestamp="2020-02-05T23:53:23 GMT+03:00">
  <testcase classname="TestPage.TestDashboard.Backup.TestCloudBackup" name="testCheckPeriodEmptyField" time="0.294"/>
  <testcase classname="TestPage.TestDashboard.Backup.TestCloudBackup" name="testCheckMonitorFolderEmptyField" time="0.792"/>
  <testcase classname="TestPage.TestDashboard.Backup.TestCloudBackup" name="testCheckFilenameTemplateEmptyField" time="0.743"/>
  <testcase classname="TestPage.TestDashboard.Backup.TestCloudBackup" name="testCheckFiledConnectionFtpEmptyField" time="1.19"/>
  <testcase classname="TestPage.TestDashboard.Backup.TestCloudBackup" name="testCheckKeepNSourceFilesFieldEmptyField" time="0.735"/>
  <testcase classname="TestPage.TestDashboard.Backup.TestCloudBackup" name="testCheckFtpServerEmptyField" time="3.816"/>
  <testcase classname="TestPage.TestDashboard.Backup.TestCloudBackup" name="testCheckFtpPortEmptyField" time="1.384"/>
  <testcase classname="TestPage.TestDashboard.Backup.TestCloudBackupReceiver" name="testCheckPeriodEmptyField" time="2.191"/>
  <testcase classname="TestPage.TestDashboard.Backup.TestCloudBackupReceiver" name="testCheckWatchIncomingFilesEmptyField" time="0.903"/>
  <testcase classname="TestPage.TestDashboard.Backup.TestCloudBackupReceiver" name="testCheckFilenameTemplateEmptyField" time="0.874"/>
  <testcase classname="TestPage.TestDashboard.Backup.TestCloudBackupReceiver" name="testCheckExtensionPackedFilesEmptyField" time="0.885"/>
  <testcase classname="TestPage.TestDashboard.Backup.TestCloudBackupReceiver" name="testCheckDecryptPasswordEmptyField" time="0.878"/>
  <testcase classname="TestPage.TestDashboard.Backup.TestCloudBackupReceiver" name="testCheckAlertFileCountIncorrectValue" time="0.906"/>
  <testcase classname="TestPage.TestDashboard.Backup.TestCloudBackupReceiver" name="testCheckAlertFileAgeEmptyField" time="0.964"/>
  <testcase classname="TestPage.EnvContainer" name="@BeforeSuite suiteSetUp" time="0.0">
    <ignored/>
  </testcase> <!-- @BeforeSuite suiteSetUp -->
  <testcase classname="TestPage.EnvContainer" name="@AfterSuite suiteTearDown" time="0.0">
    <ignored/>
  </testcase> <!-- @AfterSuite suiteTearDown -->
</testsuite> <!-- CloudBackup -->
