<?xml version="1.0" encoding="UTF-8"?>
<!-- Generated by org.testng.reporters.JUnitXMLReporter -->
<testsuite ignored="0" hostname="MSI" failures="1" tests="1" name="Common" time="14.182" errors="0" timestamp="2019-12-18T23:01:24 GMT+03:00">
  <testcase classname="TestPage.TestDashboard.TestBackup" name="testCreateVBCorrect" time="12.572">
    <failure type="java.lang.AssertionError" message="Status verified backup not OK expected [OK] but found [OFF]">
      <![CDATA[java.lang.AssertionError: Status verified backup not OK expected [OK] but found [OFF]
at TestPage.TestDashboard.TestBackup.testCreateVBCorrect(TestBackup.java:124)
at java.base/java.util.ArrayList.forEach(ArrayList.java:1540)
... Removed 35 stack frames]]>
    </failure>
  </testcase> <!-- testCreateVBCorrect -->
</testsuite> <!-- Common -->
