<?xml version="1.0" encoding="UTF-8"?>
<!-- Generated by org.testng.reporters.JUnitXMLReporter -->
<testsuite ignored="0" hostname="MSI" failures="0" tests="6" name="Database" time="24.867" errors="0" timestamp="2020-04-02T15:33:00 GMT+03:00">
  <testcase classname="TestPage.TestDashboard.TestDatabase" name="testAddDbEmptyPath" time="0.53"/>
  <testcase classname="TestPage.TestDashboard.TestDatabase" name="testAddDbEmptyName" time="0.51"/>
  <testcase classname="TestPage.TestDashboard.TestDatabase" name="testAddDbIncorrectPath" time="0.408"/>
  <testcase classname="TestPage.TestDashboard.TestDatabase" name="testAddDbIncorrectAlias" time="0.651"/>
  <testcase classname="TestPage.TestDashboard.TestDatabase" name="testAddDbCorrect" time="6.403"/>
  <testcase classname="TestPage.TestDashboard.TestDatabase" name="testAddDbAlreadyExist" time="2.555"/>
</testsuite> <!-- Database -->
