<?xml version="1.0" encoding="UTF-8"?>
<!-- Generated by org.testng.reporters.JUnitXMLReporter -->
<testsuite ignored="0" hostname="MSI" failures="0" tests="4" name="DbStatus" time="5.956" errors="0" timestamp="2020-02-05T23:54:38 GMT+03:00">
  <testcase classname="TestPage.TestDashboard.TestDbStatus" name="testCheckPeriodEmptyField" time="1.29"/>
  <testcase classname="TestPage.TestDashboard.TestDbStatus" name="testCheckStoreStatisticEmptyField" time="0.64"/>
  <testcase classname="TestPage.TestDashboard.TestDbStatus" name="testCheckStatisticsArchiveDepthEmptyValue" time="0.551"/>
  <testcase classname="TestPage.TestDashboard.TestDbStatus" name="testCheckStatisticsFileNamePatternEmptyField" time="0.572"/>
</testsuite> <!-- DbStatus -->
