<?xml version="1.0" encoding="UTF-8"?>
<!-- Generated by org.testng.reporters.JUnitXMLReporter -->
<testsuite ignored="0" hostname="MSI" failures="0" tests="4" name="DbStatus" time="7.485" errors="0" timestamp="2020-04-02T15:39:34 GMT+03:00">
  <testcase classname="TestPage.TestDashboard.TestDbStatus" name="testCheckPeriodEmptyField" time="1.53"/>
  <testcase classname="TestPage.TestDashboard.TestDbStatus" name="testCheckStoreStatisticEmptyField" time="0.883"/>
  <testcase classname="TestPage.TestDashboard.TestDbStatus" name="testCheckStatisticsArchiveDepthEmptyValue" time="0.838"/>
  <testcase classname="TestPage.TestDashboard.TestDbStatus" name="testCheckStatisticsFileNamePatternEmptyField" time="0.803"/>
</testsuite> <!-- DbStatus -->
