<?xml version="1.0" encoding="UTF-8"?>
<!-- Generated by org.testng.reporters.JUnitXMLReporter -->
<testsuite ignored="0" hostname="MSI" failures="0" tests="3" name="Delta" time="6.199" errors="0" timestamp="2020-04-02T15:39:18 GMT+03:00">
  <testcase classname="TestPage.TestDashboard.TestDelta" name="testCheckPeriodEmptyField" time="1.445"/>
  <testcase classname="TestPage.TestDashboard.TestDelta" name="testCheckFiledMaxDeltaBytesEmptyValue" time="0.687"/>
  <testcase classname="TestPage.TestDashboard.TestDelta" name="testCheckFiledMaxDeltaMinutesEmptyValue" time="0.631"/>
</testsuite> <!-- Delta -->
