<?xml version="1.0" encoding="UTF-8"?>
<!-- Generated by org.testng.reporters.JUnitXMLReporter -->
<testsuite ignored="0" hostname="MSI" failures="0" tests="3" name="DiskSpace" time="8.124" errors="0" timestamp="2020-04-02T15:39:26 GMT+03:00">
  <testcase classname="TestPage.TestDashboard.TestDiskSpace" name="testCheckPeriodEmptyField" time="1.435"/>
  <testcase classname="TestPage.TestDashboard.TestDiskSpace" name="testCheckFiledMaxDeltaBytesEmptyValue" time="0.662"/>
  <testcase classname="TestPage.TestDashboard.TestDiskSpace" name="testCheckFiledMaxDeltaMinutesEmptyValue" time="0.605"/>
</testsuite> <!-- DiskSpace -->
