<?xml version="1.0" encoding="UTF-8"?>
<!-- Generated by org.testng.reporters.JUnitXMLReporter -->
<testsuite ignored="0" hostname="MSI" failures="0" tests="3" name="DiskSpace" time="6.585" errors="0" timestamp="2020-03-03T23:13:19 GMT+03:00">
  <testcase classname="TestPage.TestDashboard.TestDiskSpace" name="testCheckPeriodEmptyField" time="1.32"/>
  <testcase classname="TestPage.TestDashboard.TestDiskSpace" name="testCheckFiledMaxDeltaBytesEmptyValue" time="0.478"/>
  <testcase classname="TestPage.TestDashboard.TestDiskSpace" name="testCheckFiledMaxDeltaMinutesEmptyValue" time="0.434"/>
</testsuite> <!-- DiskSpace -->
