<?xml version="1.0" encoding="UTF-8"?>
<!-- Generated by org.testng.reporters.JUnitXMLReporter -->
<testsuite ignored="0" hostname="MSI" failures="0" tests="6" name="IncrementalBackup" time="60.811" errors="0" timestamp="2020-04-02T15:34:43 GMT+03:00">
  <testcase classname="TestPage.TestDashboard.Backup.TestIncrementalBackup" name="testCreateIncrementalBackupMaxDurationEmpty" time="3.837"/>
  <testcase classname="TestPage.TestDashboard.Backup.TestIncrementalBackup" name="testCreateIncrementalBackupMinFreeSpaceEmpty" time="3.693"/>
  <testcase classname="TestPage.TestDashboard.Backup.TestIncrementalBackup" name="testCreateIncrementalBackupPathFolderEmpty" time="3.647"/>
  <testcase classname="TestPage.TestDashboard.Backup.TestIncrementalBackup" name="testCreateIncrementalBackupJournalFolderEmpty" time="3.669"/>
  <testcase classname="TestPage.TestDashboard.Backup.TestIncrementalBackup" name="testCreateIncrementalBackupPerformBackupEmpty" time="3.63"/>
  <testcase classname="TestPage.TestDashboard.Backup.TestIncrementalBackup" name="testCreateIncrementalBackupCorrect" time="36.675"/>
</testsuite> <!-- IncrementalBackup -->
