<?xml version="1.0" encoding="UTF-8"?>
<!-- Generated by org.testng.reporters.JUnitXMLReporter -->
<testsuite ignored="0" hostname="MSI" failures="0" tests="2" name="IndexStatistics" time="4.391" errors="0" timestamp="2020-03-03T23:13:29 GMT+03:00">
  <testcase classname="TestPage.TestDashboard.TestIndexStatistics" name="testCheckFieldPeriodEmptyValue" time="1.355"/>
  <testcase classname="TestPage.TestDashboard.TestIndexStatistics" name="testCheckFieldStatisticsArchiveDepthEmptyValue" time="0.488"/>
</testsuite> <!-- IndexStatistics -->
