<?xml version="1.0" encoding="UTF-8"?>
<!-- Generated by org.testng.reporters.JUnitXMLReporter -->
<testsuite ignored="0" hostname="MSI" failures="0" tests="2" name="IndexStatistics" time="5.514" errors="0" timestamp="2020-04-02T15:39:39 GMT+03:00">
  <testcase classname="TestPage.TestDashboard.TestIndexStatistics" name="testCheckFieldPeriodEmptyValue" time="1.447"/>
  <testcase classname="TestPage.TestDashboard.TestIndexStatistics" name="testCheckFieldStatisticsArchiveDepthEmptyValue" time="0.589"/>
</testsuite> <!-- IndexStatistics -->
