<?xml version="1.0" encoding="UTF-8"?>
<!-- Generated by org.testng.reporters.JUnitXMLReporter -->
<testsuite ignored="0" hostname="MSI" failures="0" tests="4" name="LowLevelMetadata" time="6.011" errors="0" timestamp="2020-03-03T23:13:35 GMT+03:00">
  <testcase classname="TestPage.TestDashboard.TestLowLevelMetadata" name="testCheckPeriodEmptyField" time="1.37"/>
  <testcase classname="TestPage.TestDashboard.TestLowLevelMetadata" name="testCheckFieldMetadataFolderEmptyValue" time="0.624"/>
  <testcase classname="TestPage.TestDashboard.TestLowLevelMetadata" name="testCheckFieldMaxFormatsEmptyValue" time="0.637"/>
  <testcase classname="TestPage.TestDashboard.TestLowLevelMetadata" name="testCheckFieldDateFormatFolderNameEmptyValue" time="0.62"/>
</testsuite> <!-- LowLevelMetadata -->
