<?xml version="1.0" encoding="UTF-8"?>
<!-- Generated by org.testng.reporters.JUnitXMLReporter -->
<testsuite ignored="0" hostname="MSI" failures="0" tests="4" name="LowLevelMetadata" time="7.467" errors="0" timestamp="2020-04-02T15:39:47 GMT+03:00">
  <testcase classname="TestPage.TestDashboard.TestLowLevelMetadata" name="testCheckPeriodEmptyField" time="1.449"/>
  <testcase classname="TestPage.TestDashboard.TestLowLevelMetadata" name="testCheckFieldMetadataFolderEmptyValue" time="0.894"/>
  <testcase classname="TestPage.TestDashboard.TestLowLevelMetadata" name="testCheckFieldMaxFormatsEmptyValue" time="0.834"/>
  <testcase classname="TestPage.TestDashboard.TestLowLevelMetadata" name="testCheckFieldDateFormatFolderNameEmptyValue" time="0.873"/>
</testsuite> <!-- LowLevelMetadata -->
