<?xml version="1.0" encoding="UTF-8"?>
<!-- Generated by org.testng.reporters.JUnitXMLReporter -->
<testsuite ignored="0" hostname="MSI" failures="0" tests="2" name="PerformanceMonitoring" time="7.401" errors="0" timestamp="2020-04-02T15:43:13 GMT+03:00">
  <testcase classname="TestPage.TestPerformance.TestPerformanceMonitoring" name="testCheckPeriodEmptyField" time="2.896"/>
  <testcase classname="TestPage.TestPerformance.TestPerformanceMonitoring" name="testCheckFieldOutputFolderEmptyValue" time="1.926"/>
</testsuite> <!-- PerformanceMonitoring -->
