<?xml version="1.0" encoding="UTF-8"?>
<!-- Generated by org.testng.reporters.JUnitXMLReporter -->
<testsuite ignored="0" hostname="MSI" failures="0" tests="2" name="PerformanceMonitoring" time="6.15" errors="0" timestamp="2020-03-03T23:16:48 GMT+03:00">
  <testcase classname="TestPage.TestPerformance.TestPerformanceMonitoring" name="testCheckPeriodEmptyField" time="2.901"/>
  <testcase classname="TestPage.TestPerformance.TestPerformanceMonitoring" name="testCheckFieldOutputFolderEmptyValue" time="0.72"/>
</testsuite> <!-- PerformanceMonitoring -->
