<?xml version="1.0" encoding="UTF-8"?>
<!-- Generated by org.testng.reporters.JUnitXMLReporter -->
<testsuite ignored="0" hostname="MSI" failures="0" tests="15" name="Replica" time="176.418" errors="0" timestamp="2020-03-03T23:16:31 GMT+03:00">
  <testcase classname="TestPage.TestDashboard.Replica.TestReplica" name="testCreateMasterSync_EmptyReplicaDatabaseField" time="2.273"/>
  <testcase classname="TestPage.TestDashboard.Replica.TestReplica" name="testCreateMasterSync_Correct" time="5.125"/>
  <testcase classname="TestPage.TestDashboard.Replica.TestReplica" name="testCreateReplicaSync_Correct" time="7.366"/>
  <testcase classname="TestPage.TestDashboard.Replica.TestReplica" name="testCreateMasterAsync_EmptyLogDirectoryField" time="5.807"/>
  <testcase classname="TestPage.TestDashboard.Replica.TestReplica" name="testCreateMasterAsync_EmptyLogArchiveDirectoryField" time="1.502"/>
  <testcase classname="TestPage.TestDashboard.Replica.TestReplica" name="testCreateMasterAsync_IncorrectLogArchiveTimeoutField" time="0.469"/>
  <testcase classname="TestPage.TestDashboard.Replica.TestReplica" name="testCreateMasterAsync_Correct" time="6.113"/>
  <testcase classname="TestPage.TestDashboard.Replica.TestReplica" name="testCreateMasterAsync_CheckCreateTable" time="80.155"/>
  <testcase classname="TestPage.TestDashboard.Replica.TestReplica" name="testCreateMasterAsync_ReinitializeReplicaDatabaseCorrect" time="16.152"/>
  <testcase classname="TestPage.TestDashboard.Replica.TestReplica" name="testCreateReplicaAsync_EmptyLogArchiveDirectoryField" time="12.751"/>
  <testcase classname="TestPage.TestDashboard.Replica.TestReplica" name="testCreateReplicaAsync_Correct" time="4.839"/>
  <testcase classname="TestPage.TestDashboard.Replica.TestReplica" name="testAddFtpCorrect" time="10.316"/>
  <testcase classname="TestPage.TestDashboard.Replica.TestReplica" name="testAddCloudBackupCorrect" time="9.049"/>
  <testcase classname="TestPage.TestDashboard.Replica.TestReplica" name="testAddCloudBackupReceiverCorrect" time="7.365"/>
  <testcase classname="TestPage.TestDashboard.Replica.TestReplica" name="testCreateReplicaAsync_CheckSelectTable" time="5.006"/>
</testsuite> <!-- Replica -->
