<?xml version="1.0" encoding="UTF-8"?>
<!-- Generated by org.testng.reporters.JUnitXMLReporter -->
<testsuite ignored="6" hostname="MSI" failures="1" tests="29" name="Replica" time="81.741" errors="0" timestamp="2020-01-19T17:14:56 GMT+03:00">
  <testcase classname="TestPage.TestDashboard.Replica.TestReplica" name="testCheckPeriodEmptyField" time="0.253"/>
  <testcase classname="TestPage.TestDashboard.Replica.TestReplica" name="testCheckMonitorFolderEmptyField" time="0.787"/>
  <testcase classname="TestPage.TestDashboard.Replica.TestReplica" name="testCheckFilenameTemplateEmptyField" time="0.697"/>
  <testcase classname="TestPage.TestDashboard.Replica.TestReplica" name="testCheckFiledConnectionFtpEmptyField" time="0.896"/>
  <testcase classname="TestPage.TestDashboard.Replica.TestReplica" name="testCheckKeepNSourceFilesFieldEmptyField" time="0.801"/>
  <testcase classname="TestPage.TestDashboard.Replica.TestReplica" name="testCheckFtpServerEmptyField" time="3.692"/>
  <testcase classname="TestPage.TestDashboard.Replica.TestReplica" name="testCheckFtpPortEmptyField" time="1.377"/>
  <testcase classname="TestPage.TestDashboard.Replica.TestReplica" name="testAddFtpCorrect" time="0.395"/>
  <testcase classname="TestPage.TestDashboard.Replica.TestReplica" name="testAddCloudBackupCorrect" time="2.019"/>
  <testcase classname="TestPage.TestDashboard.Backup.TestCloudBackup" name="testCheckPeriodEmptyField" time="0.276"/>
  <testcase classname="TestPage.TestDashboard.Backup.TestCloudBackup" name="testCheckMonitorFolderEmptyField" time="0.759"/>
  <testcase classname="TestPage.TestDashboard.Backup.TestCloudBackup" name="testCheckFilenameTemplateEmptyField" time="0.696"/>
  <testcase classname="TestPage.TestDashboard.Backup.TestCloudBackup" name="testCheckFiledConnectionFtpEmptyField" time="0.73"/>
  <testcase classname="TestPage.TestDashboard.Backup.TestCloudBackup" name="testCheckKeepNSourceFilesFieldEmptyField" time="0.72"/>
  <testcase classname="TestPage.TestDashboard.Backup.TestCloudBackup" name="testCheckFtpServerEmptyField" time="3.669"/>
  <testcase classname="TestPage.TestDashboard.Backup.TestCloudBackup" name="testCheckFtpPortEmptyField" time="1.364"/>
  <testcase classname="TestPage.TestDashboard.Backup.TestCloudBackup" name="testAddFtpCorrect" time="0.642"/>
  <testcase classname="TestPage.TestDashboard.Backup.TestCloudBackup" name="testAddCloudBackupCorrect" time="14.341"/>
  <testcase classname="TestPage.TestDashboard.Backup.TestCloudBackupReceiver" name="testCheckPeriodEmptyField" time="2.58"/>
  <testcase classname="TestPage.TestDashboard.Backup.TestCloudBackupReceiver" name="testCheckWatchIncomingFilesEmptyField" time="0.96"/>
  <testcase classname="TestPage.TestDashboard.Backup.TestCloudBackupReceiver" name="testCheckFilenameTemplateEmptyField" time="0.838"/>
  <testcase classname="TestPage.TestDashboard.Backup.TestCloudBackupReceiver" name="testCheckExtensionPackedFilesEmptyField" time="0.851"/>
  <testcase classname="TestPage.TestDashboard.Backup.TestCloudBackupReceiver" name="testCheckDecryptPasswordEmptyField" time="0.838"/>
  <testcase classname="TestPage.TestDashboard.Backup.TestCloudBackupReceiver" name="testCheckAlertFileCountIncorrectValue" time="0.868"/>
  <testcase classname="TestPage.TestDashboard.Backup.TestCloudBackupReceiver" name="testCheckAlertFileAgeEmptyField" time="1.394"/>
  <testcase classname="TestPage.TestDashboard.Backup.TestCloudBackupReceiver" name="testAddCloudBackupReceiverCorrect" time="12.832">
    <failure type="java.lang.AssertionError" message="Status cloud backup receiver not OK expected [OK] but found [UNKNOWN]">
      <![CDATA[java.lang.AssertionError: Status cloud backup receiver not OK expected [OK] but found [UNKNOWN]
at TestPage.TestDashboard.Backup.TestCloudBackupReceiver.testAddCloudBackupReceiverCorrect(TestCloudBackupReceiver.java:175)
at java.base/java.util.ArrayList.forEach(ArrayList.java:1540)
... Removed 35 stack frames]]>
    </failure>
  </testcase> <!-- testAddCloudBackupReceiverCorrect -->
  <testcase classname="TestPage.TestDashboard.Backup.TestValidateDb" name="testCheckScheduleIncorrectField" time="1.268"/>
  <testcase classname="TestPage.TestDashboard.Backup.TestValidateDb" name="testCheckShutdownTimeoutEmptyField" time="0.39"/>
  <testcase classname="TestPage.TestDashboard.Backup.TestValidateDb" name="testCreateValidateBDCorrect" time="13.422"/>
  <testcase classname="TestPage.EnvContainer" name="@BeforeSuite suiteSetUp" time="0.0">
    <ignored/>
  </testcase> <!-- @BeforeSuite suiteSetUp -->
  <testcase classname="TestPage.EnvContainer" name="@BeforeSuite suiteSetUp" time="0.0">
    <ignored/>
  </testcase> <!-- @BeforeSuite suiteSetUp -->
  <testcase classname="TestPage.EnvContainer" name="@BeforeSuite suiteSetUp" time="0.0">
    <ignored/>
  </testcase> <!-- @BeforeSuite suiteSetUp -->
  <testcase classname="TestPage.EnvContainer" name="@AfterSuite suiteTearDown" time="0.0">
    <ignored/>
  </testcase> <!-- @AfterSuite suiteTearDown -->
  <testcase classname="TestPage.EnvContainer" name="@AfterSuite suiteTearDown" time="0.0">
    <ignored/>
  </testcase> <!-- @AfterSuite suiteTearDown -->
  <testcase classname="TestPage.EnvContainer" name="@AfterSuite suiteTearDown" time="0.0">
    <ignored/>
  </testcase> <!-- @AfterSuite suiteTearDown -->
</testsuite> <!-- Replica -->
