<?xml version="1.0" encoding="UTF-8"?>
<!-- Generated by org.testng.reporters.JUnitXMLReporter -->
<testsuite ignored="0" hostname="MSI" failures="0" tests="10" name="RestoreDb" time="58.305" errors="0" timestamp="2020-04-02T15:36:25 GMT+03:00">
  <testcase classname="TestPage.TestDashboard.Backup.TestRestoreDb" name="testCreateRestoreDbScheduleIncorrect" time="2.082"/>
  <testcase classname="TestPage.TestDashboard.Backup.TestRestoreDb" name="testCreateRestoreDbBackupFolderEmptyField" time="1.904"/>
  <testcase classname="TestPage.TestDashboard.Backup.TestRestoreDb" name="testCreateRestoreDbPathTemplateBackupFolderEmptyField" time="1.91"/>
  <testcase classname="TestPage.TestDashboard.Backup.TestRestoreDb" name="testCreateRestoreTimeTakeBackupEmptyField" time="1.927"/>
  <testcase classname="TestPage.TestDashboard.Backup.TestRestoreDb" name="testCreateRestoreDbPathRestoreFolderEmptyField" time="1.888"/>
  <testcase classname="TestPage.TestDashboard.Backup.TestRestoreDb" name="testCreateRestoreDbRestoreFileNameEmptyField" time="1.917"/>
  <testcase classname="TestPage.TestDashboard.Backup.TestRestoreDb" name="testCreateRestoreDbSuffixFileNameEmptyField" time="1.943"/>
  <testcase classname="TestPage.TestDashboard.Backup.TestRestoreDb" name="testCreateRestoreDbLimitProcessTimeEmptyField" time="1.946"/>
  <testcase classname="TestPage.TestDashboard.Backup.TestRestoreDb" name="testCreateRestoreDbMinFreeSpaceEmptyField" time="1.915"/>
  <testcase classname="TestPage.TestDashboard.Backup.TestRestoreDb" name="testCreateRestoreDbCorrect" time="35.332"/>
</testsuite> <!-- RestoreDb -->
