<?xml version="1.0" encoding="UTF-8"?>
<!-- Generated by org.testng.reporters.JUnitXMLReporter -->
<testsuite ignored="0" hostname="MSI" failures="1" tests="3" name="SqlPing" time="52.231" errors="0" timestamp="2020-04-02T15:37:18 GMT+03:00">
  <testcase classname="TestPage.TestDashboard.Backup.TestSqlPing" name="testCheckScheduleIncorrect" time="1.478"/>
  <testcase classname="TestPage.TestDashboard.Backup.TestSqlPing" name="testCheckSqlQueryEmptyField" time="1.468"/>
  <testcase classname="TestPage.TestDashboard.Backup.TestSqlPing" name="testCreateSqlPingCorrect" time="45.147">
    <failure type="java.lang.AssertionError" message="Status sql ping not OK expected [OK] but found [IMPORTANT]">
      <![CDATA[java.lang.AssertionError: Status sql ping not OK expected [OK] but found [IMPORTANT]
at TestPage.TestDashboard.Backup.TestSqlPing.testCreateSqlPingCorrect(TestSqlPing.java:101)
at java.base/java.util.ArrayList.forEach(ArrayList.java:1540)
... Removed 35 stack frames]]>
    </failure>
  </testcase> <!-- testCreateSqlPingCorrect -->
</testsuite> <!-- SqlPing -->
