<?xml version="1.0" encoding="UTF-8"?>
<!-- Generated by org.testng.reporters.JUnitXMLReporter -->
<testsuite ignored="0" hostname="MSI" failures="0" tests="3" name="SweepSchedule" time="6.773" errors="0" timestamp="2020-04-02T15:39:12 GMT+03:00">
  <testcase classname="TestPage.TestDashboard.TestSweepSchedule" name="testCheckPeriodEmptyField" time="1.445"/>
  <testcase classname="TestPage.TestDashboard.TestSweepSchedule" name="testCheckFiledDeadlockScansThresholdEmptyValue" time="1.57"/>
  <testcase classname="TestPage.TestDashboard.TestSweepSchedule" name="testCreateFiledDeadlockScansThresholdNumbNegativeValue" time="0.302"/>
</testsuite> <!-- SweepSchedule -->
