<?xml version="1.0" encoding="UTF-8"?>
<!-- Generated by org.testng.reporters.JUnitXMLReporter -->
<testsuite ignored="0" hostname="MSI" failures="0" tests="3" name="SweepSchedule" time="6.129" errors="0" timestamp="2020-02-05T23:54:20 GMT+03:00">
  <testcase classname="TestPage.TestDashboard.TestSweepSchedule" name="testCheckPeriodEmptyField" time="1.362"/>
  <testcase classname="TestPage.TestDashboard.TestSweepSchedule" name="testCheckFiledDeadlockScansThresholdEmptyValue" time="1.516"/>
  <testcase classname="TestPage.TestDashboard.TestSweepSchedule" name="testCreateFiledDeadlockScansThresholdNumbNegativeValue" time="0.264"/>
</testsuite> <!-- SweepSchedule -->
