<?xml version="1.0" encoding="UTF-8"?>
<!-- Generated by org.testng.reporters.JUnitXMLReporter -->
<testsuite ignored="0" hostname="MSI" failures="0" tests="8" name="TransactionMonitoring" time="9.852" errors="0" timestamp="2020-04-02T15:43:06 GMT+03:00">
  <testcase classname="TestPage.TestPerformance.TestTransactionMonitoring" name="testCheckPeriodEmptyField" time="2.458"/>
  <testcase classname="TestPage.TestPerformance.TestTransactionMonitoring" name="testCheckFieldOutputFolderEmptyValue" time="0.9"/>
  <testcase classname="TestPage.TestPerformance.TestTransactionMonitoring" name="testCheckFiledShowTransactionsOlderEmptyValue" time="0.86"/>
  <testcase classname="TestPage.TestPerformance.TestTransactionMonitoring" name="testCreateFiledShowTransactionsOlderNumbNegativeValue" time="0.25"/>
  <testcase classname="TestPage.TestPerformance.TestTransactionMonitoring" name="testCheckSendAlertOldestActiveTransactionEmptyValue" time="0.851"/>
  <testcase classname="TestPage.TestPerformance.TestTransactionMonitoring" name="testCreateSendAlertOldestActiveTransactionNumbNegativeValue" time="0.29"/>
  <testcase classname="TestPage.TestPerformance.TestTransactionMonitoring" name="testCheckShowOnlyNNOldestActiveTransactionsEmptyValue" time="1.399"/>
  <testcase classname="TestPage.TestPerformance.TestTransactionMonitoring" name="testCreateShowOnlyNNOldestActiveTransactionsNumbNegativeValue" time="0.263"/>
</testsuite> <!-- TransactionMonitoring -->
