<?xml version="1.0" encoding="UTF-8"?>
<!-- Generated by org.testng.reporters.JUnitXMLReporter -->
<testsuite ignored="0" hostname="MSI" failures="0" tests="4" name="Transactions" time="7.232" errors="0" timestamp="2020-04-02T15:38:39 GMT+03:00">
  <testcase classname="TestPage.TestDashboard.TestTransactions" name="testCheckPeriodEmptyField" time="1.444"/>
  <testcase classname="TestPage.TestDashboard.TestTransactions" name="testCheckFiledAlterOSTOITMoreEmptyField" time="0.835"/>
  <testcase classname="TestPage.TestDashboard.TestTransactions" name="testCheckFiledMaxTransactionsEmptyField" time="0.765"/>
  <testcase classname="TestPage.TestDashboard.TestTransactions" name="testCheckFiledAlterNextOATMoreEmptyField" time="0.774"/>
</testsuite> <!-- Transactions -->
