<?xml version="1.0" encoding="UTF-8"?>
<!-- Generated by org.testng.reporters.JUnitXMLReporter -->
<testsuite ignored="0" hostname="MSI" failures="0" tests="3" name="ValidateDb" time="41.179" errors="0" timestamp="2020-04-02T15:37:59 GMT+03:00">
  <testcase classname="TestPage.TestDashboard.Backup.TestValidateDb" name="testCheckScheduleIncorrectField" time="1.456"/>
  <testcase classname="TestPage.TestDashboard.Backup.TestValidateDb" name="testCheckShutdownTimeoutEmptyField" time="0.594"/>
  <testcase classname="TestPage.TestDashboard.Backup.TestValidateDb" name="testCreateValidateBDCorrect" time="34.619"/>
</testsuite> <!-- ValidateDb -->
