<?xml version="1.0" encoding="UTF-8"?>
<!-- Generated by org.testng.reporters.JUnitXMLReporter -->
<testsuite ignored="0" hostname="MSI" failures="0" tests="4" name="VerifiedBackup" time="42.371" errors="0" timestamp="2020-04-02T15:33:42 GMT+03:00">
  <testcase classname="TestPage.TestDashboard.Backup.TestVerifiedBackup" name="testCreateVerifiedBackupScheduleIncorrect" time="1.79"/>
  <testcase classname="TestPage.TestDashboard.Backup.TestVerifiedBackup" name="testCreateVerifiedBackupMaxNumbNegative" time="0.649"/>
  <testcase classname="TestPage.TestDashboard.Backup.TestVerifiedBackup" name="testCreateVerifiedBackupMaxNumbNotNumbers" time="0.674"/>
  <testcase classname="TestPage.TestDashboard.Backup.TestVerifiedBackup" name="testCreateVerifiedBackupCorrect" time="35.471"/>
</testsuite> <!-- VerifiedBackup -->
