-------------------------------------------------------------------------------
Test set: TestSuite
-------------------------------------------------------------------------------
Tests run: 1, Failures: 1, Errors: 0, Skipped: 0, Time elapsed: 30.318 s <<< FAILURE! - in TestSuite
testCreateVBCorrect(TestPage.TestDashboard.TestBackup)  Time elapsed: 12.581 s  <<< FAILURE!
java.lang.AssertionError: Status verified backup not OK expected [OK] but found [OFF]
	at TestPage.TestDashboard.TestBackup.testCreateVBCorrect(TestBackup.java:124)

