<?xml version="1.0" encoding="UTF-8"?>
<testng-results ignored="2" total="122" passed="119" failed="1" skipped="0">
  <reporter-output>
  </reporter-output>
  <suite started-at="2020-04-02T15:32:35 GMT+03:00" name="TestOne" finished-at="2020-04-02T15:43:13 GMT+03:00" duration-ms="638118">
    <groups>
    </groups>
    <test started-at="2020-04-02T15:32:35 GMT+03:00" name="Database" finished-at="2020-04-02T15:33:00 GMT+03:00" duration-ms="24867">
      <class name="TestPage.TestDashboard.TestDatabase">
        <test-method is-config="true" signature="classSetUp()[pri:0, instance:TestPage.TestDashboard.TestDatabase@6622a690]" started-at="2020-04-02T15:32:35 GMT+03:00" name="classSetUp" finished-at="2020-04-02T15:32:49 GMT+03:00" duration-ms="13647" status="PASS">
          <reporter-output>
          </reporter-output>
        </test-method> <!-- classSetUp -->
        <test-method signature="testAddDbEmptyPath()[pri:1, instance:TestPage.TestDashboard.TestDatabase@6622a690]" started-at="2020-04-02T15:32:49 GMT+03:00" name="testAddDbEmptyPath" finished-at="2020-04-02T15:32:49 GMT+03:00" duration-ms="530" status="PASS">
          <reporter-output>
          </reporter-output>
        </test-method> <!-- testAddDbEmptyPath -->
        <test-method is-config="true" signature="methodTearDown(java.lang.reflect.Method, org.testng.ITestResult)[pri:0, instance:TestPage.TestDashboard.TestDatabase@6622a690]" started-at="2020-04-02T15:32:49 GMT+03:00" name="methodTearDown" finished-at="2020-04-02T15:32:49 GMT+03:00" duration-ms="2" status="PASS">
          <params>
            <param index="0">
              <value>
                <![CDATA[public void TestPage.TestDashboard.TestDatabase.testAddDbEmptyPath()]]>
              </value>
            </param>
            <param index="1">
              <value>
                <![CDATA[[TestResult name=testAddDbEmptyPath status=SUCCESS method=TestDatabase.testAddDbEmptyPath()[pri:1, instance:TestPage.TestDashboard.TestDatabase@6622a690] output={null}]]]>
              </value>
            </param>
          </params>
          <reporter-output>
          </reporter-output>
        </test-method> <!-- methodTearDown -->
        <test-method signature="testAddDbEmptyName()[pri:2, instance:TestPage.TestDashboard.TestDatabase@6622a690]" started-at="2020-04-02T15:32:49 GMT+03:00" name="testAddDbEmptyName" finished-at="2020-04-02T15:32:50 GMT+03:00" duration-ms="510" status="PASS">
          <reporter-output>
          </reporter-output>
        </test-method> <!-- testAddDbEmptyName -->
        <test-method is-config="true" signature="methodTearDown(java.lang.reflect.Method, org.testng.ITestResult)[pri:0, instance:TestPage.TestDashboard.TestDatabase@6622a690]" started-at="2020-04-02T15:32:50 GMT+03:00" name="methodTearDown" finished-at="2020-04-02T15:32:50 GMT+03:00" duration-ms="1" status="PASS">
          <params>
            <param index="0">
              <value>
                <![CDATA[public void TestPage.TestDashboard.TestDatabase.testAddDbEmptyName()]]>
              </value>
            </param>
            <param index="1">
              <value>
                <![CDATA[[TestResult name=testAddDbEmptyName status=SUCCESS method=TestDatabase.testAddDbEmptyName()[pri:2, instance:TestPage.TestDashboard.TestDatabase@6622a690] output={null}]]]>
              </value>
            </param>
          </params>
          <reporter-output>
          </reporter-output>
        </test-method> <!-- methodTearDown -->
        <test-method signature="testAddDbIncorrectPath()[pri:3, instance:TestPage.TestDashboard.TestDatabase@6622a690]" started-at="2020-04-02T15:32:50 GMT+03:00" name="testAddDbIncorrectPath" finished-at="2020-04-02T15:32:50 GMT+03:00" duration-ms="408" status="PASS">
          <reporter-output>
          </reporter-output>
        </test-method> <!-- testAddDbIncorrectPath -->
        <test-method is-config="true" signature="methodTearDown(java.lang.reflect.Method, org.testng.ITestResult)[pri:0, instance:TestPage.TestDashboard.TestDatabase@6622a690]" started-at="2020-04-02T15:32:50 GMT+03:00" name="methodTearDown" finished-at="2020-04-02T15:32:50 GMT+03:00" duration-ms="1" status="PASS">
          <params>
            <param index="0">
              <value>
                <![CDATA[public void TestPage.TestDashboard.TestDatabase.testAddDbIncorrectPath()]]>
              </value>
            </param>
            <param index="1">
              <value>
                <![CDATA[[TestResult name=testAddDbIncorrectPath status=SUCCESS method=TestDatabase.testAddDbIncorrectPath()[pri:3, instance:TestPage.TestDashboard.TestDatabase@6622a690] output={null}]]]>
              </value>
            </param>
          </params>
          <reporter-output>
          </reporter-output>
        </test-method> <!-- methodTearDown -->
        <test-method signature="testAddDbIncorrectAlias()[pri:4, instance:TestPage.TestDashboard.TestDatabase@6622a690]" started-at="2020-04-02T15:32:50 GMT+03:00" name="testAddDbIncorrectAlias" finished-at="2020-04-02T15:32:51 GMT+03:00" duration-ms="651" status="PASS">
          <reporter-output>
          </reporter-output>
        </test-method> <!-- testAddDbIncorrectAlias -->
        <test-method is-config="true" signature="methodTearDown(java.lang.reflect.Method, org.testng.ITestResult)[pri:0, instance:TestPage.TestDashboard.TestDatabase@6622a690]" started-at="2020-04-02T15:32:51 GMT+03:00" name="methodTearDown" finished-at="2020-04-02T15:32:51 GMT+03:00" duration-ms="1" status="PASS">
          <params>
            <param index="0">
              <value>
                <![CDATA[public void TestPage.TestDashboard.TestDatabase.testAddDbIncorrectAlias()]]>
              </value>
            </param>
            <param index="1">
              <value>
                <![CDATA[[TestResult name=testAddDbIncorrectAlias status=SUCCESS method=TestDatabase.testAddDbIncorrectAlias()[pri:4, instance:TestPage.TestDashboard.TestDatabase@6622a690] output={null}]]]>
              </value>
            </param>
          </params>
          <reporter-output>
          </reporter-output>
        </test-method> <!-- methodTearDown -->
        <test-method signature="testAddDbCorrect()[pri:5, instance:TestPage.TestDashboard.TestDatabase@6622a690]" started-at="2020-04-02T15:32:51 GMT+03:00" name="testAddDbCorrect" finished-at="2020-04-02T15:32:57 GMT+03:00" duration-ms="6403" status="PASS">
          <reporter-output>
          </reporter-output>
        </test-method> <!-- testAddDbCorrect -->
        <test-method is-config="true" signature="methodTearDown(java.lang.reflect.Method, org.testng.ITestResult)[pri:0, instance:TestPage.TestDashboard.TestDatabase@6622a690]" started-at="2020-04-02T15:32:57 GMT+03:00" name="methodTearDown" finished-at="2020-04-02T15:32:57 GMT+03:00" duration-ms="1" status="PASS">
          <params>
            <param index="0">
              <value>
                <![CDATA[public void TestPage.TestDashboard.TestDatabase.testAddDbCorrect()]]>
              </value>
            </param>
            <param index="1">
              <value>
                <![CDATA[[TestResult name=testAddDbCorrect status=SUCCESS method=TestDatabase.testAddDbCorrect()[pri:5, instance:TestPage.TestDashboard.TestDatabase@6622a690] output={null}]]]>
              </value>
            </param>
          </params>
          <reporter-output>
          </reporter-output>
        </test-method> <!-- methodTearDown -->
        <test-method signature="testAddDbAlreadyExist()[pri:6, instance:TestPage.TestDashboard.TestDatabase@6622a690]" started-at="2020-04-02T15:32:57 GMT+03:00" name="testAddDbAlreadyExist" finished-at="2020-04-02T15:33:00 GMT+03:00" duration-ms="2555" status="PASS">
          <reporter-output>
          </reporter-output>
        </test-method> <!-- testAddDbAlreadyExist -->
        <test-method is-config="true" signature="methodTearDown(java.lang.reflect.Method, org.testng.ITestResult)[pri:0, instance:TestPage.TestDashboard.TestDatabase@6622a690]" started-at="2020-04-02T15:33:00 GMT+03:00" name="methodTearDown" finished-at="2020-04-02T15:33:00 GMT+03:00" duration-ms="0" status="PASS">
          <params>
            <param index="0">
              <value>
                <![CDATA[public void TestPage.TestDashboard.TestDatabase.testAddDbAlreadyExist()]]>
              </value>
            </param>
            <param index="1">
              <value>
                <![CDATA[[TestResult name=testAddDbAlreadyExist status=SUCCESS method=TestDatabase.testAddDbAlreadyExist()[pri:6, instance:TestPage.TestDashboard.TestDatabase@6622a690] output={null}]]]>
              </value>
            </param>
          </params>
          <reporter-output>
          </reporter-output>
        </test-method> <!-- methodTearDown -->
      </class> <!-- TestPage.TestDashboard.TestDatabase -->
    </test> <!-- Database -->
    <test started-at="2020-04-02T15:33:00 GMT+03:00" name="VerifiedBackup" finished-at="2020-04-02T15:33:42 GMT+03:00" duration-ms="42371">
      <class name="TestPage.TestDashboard.Backup.TestVerifiedBackup">
        <test-method is-config="true" signature="classSetUp()[pri:0, instance:TestPage.TestDashboard.Backup.TestVerifiedBackup@2375b321]" started-at="2020-04-02T15:33:00 GMT+03:00" name="classSetUp" finished-at="2020-04-02T15:33:04 GMT+03:00" duration-ms="3758" status="PASS">
          <reporter-output>
          </reporter-output>
        </test-method> <!-- classSetUp -->
        <test-method signature="testCreateVerifiedBackupScheduleIncorrect()[pri:1, instance:TestPage.TestDashboard.Backup.TestVerifiedBackup@2375b321]" started-at="2020-04-02T15:33:04 GMT+03:00" name="testCreateVerifiedBackupScheduleIncorrect" finished-at="2020-04-02T15:33:06 GMT+03:00" duration-ms="1790" status="PASS">
          <reporter-output>
          </reporter-output>
        </test-method> <!-- testCreateVerifiedBackupScheduleIncorrect -->
        <test-method is-config="true" signature="methodTearDown(java.lang.reflect.Method, org.testng.ITestResult)[pri:0, instance:TestPage.TestDashboard.Backup.TestVerifiedBackup@2375b321]" started-at="2020-04-02T15:33:06 GMT+03:00" name="methodTearDown" finished-at="2020-04-02T15:33:06 GMT+03:00" duration-ms="0" status="PASS">
          <params>
            <param index="0">
              <value>
                <![CDATA[public void TestPage.TestDashboard.Backup.TestVerifiedBackup.testCreateVerifiedBackupScheduleIncorrect()]]>
              </value>
            </param>
            <param index="1">
              <value>
                <![CDATA[[TestResult name=testCreateVerifiedBackupScheduleIncorrect status=SUCCESS method=TestVerifiedBackup.testCreateVerifiedBackupScheduleIncorrect()[pri:1, instance:TestPage.TestDashboard.Backup.TestVerifiedBackup@2375b321] output={null}]]]>
              </value>
            </param>
          </params>
          <reporter-output>
          </reporter-output>
        </test-method> <!-- methodTearDown -->
        <test-method signature="testCreateVerifiedBackupMaxNumbNegative()[pri:2, instance:TestPage.TestDashboard.Backup.TestVerifiedBackup@2375b321]" started-at="2020-04-02T15:33:06 GMT+03:00" name="testCreateVerifiedBackupMaxNumbNegative" finished-at="2020-04-02T15:33:06 GMT+03:00" duration-ms="649" status="PASS">
          <reporter-output>
          </reporter-output>
        </test-method> <!-- testCreateVerifiedBackupMaxNumbNegative -->
        <test-method is-config="true" signature="methodTearDown(java.lang.reflect.Method, org.testng.ITestResult)[pri:0, instance:TestPage.TestDashboard.Backup.TestVerifiedBackup@2375b321]" started-at="2020-04-02T15:33:06 GMT+03:00" name="methodTearDown" finished-at="2020-04-02T15:33:06 GMT+03:00" duration-ms="0" status="PASS">
          <params>
            <param index="0">
              <value>
                <![CDATA[public void TestPage.TestDashboard.Backup.TestVerifiedBackup.testCreateVerifiedBackupMaxNumbNegative()]]>
              </value>
            </param>
            <param index="1">
              <value>
                <![CDATA[[TestResult name=testCreateVerifiedBackupMaxNumbNegative status=SUCCESS method=TestVerifiedBackup.testCreateVerifiedBackupMaxNumbNegative()[pri:2, instance:TestPage.TestDashboard.Backup.TestVerifiedBackup@2375b321] output={null}]]]>
              </value>
            </param>
          </params>
          <reporter-output>
          </reporter-output>
        </test-method> <!-- methodTearDown -->
        <test-method signature="testCreateVerifiedBackupMaxNumbNotNumbers()[pri:3, instance:TestPage.TestDashboard.Backup.TestVerifiedBackup@2375b321]" started-at="2020-04-02T15:33:06 GMT+03:00" name="testCreateVerifiedBackupMaxNumbNotNumbers" finished-at="2020-04-02T15:33:07 GMT+03:00" duration-ms="674" status="PASS">
          <reporter-output>
          </reporter-output>
        </test-method> <!-- testCreateVerifiedBackupMaxNumbNotNumbers -->
        <test-method is-config="true" signature="methodTearDown(java.lang.reflect.Method, org.testng.ITestResult)[pri:0, instance:TestPage.TestDashboard.Backup.TestVerifiedBackup@2375b321]" started-at="2020-04-02T15:33:07 GMT+03:00" name="methodTearDown" finished-at="2020-04-02T15:33:07 GMT+03:00" duration-ms="1" status="PASS">
          <params>
            <param index="0">
              <value>
                <![CDATA[public void TestPage.TestDashboard.Backup.TestVerifiedBackup.testCreateVerifiedBackupMaxNumbNotNumbers()]]>
              </value>
            </param>
            <param index="1">
              <value>
                <![CDATA[[TestResult name=testCreateVerifiedBackupMaxNumbNotNumbers status=SUCCESS method=TestVerifiedBackup.testCreateVerifiedBackupMaxNumbNotNumbers()[pri:3, instance:TestPage.TestDashboard.Backup.TestVerifiedBackup@2375b321] output={null}]]]>
              </value>
            </param>
          </params>
          <reporter-output>
          </reporter-output>
        </test-method> <!-- methodTearDown -->
        <test-method signature="testCreateVerifiedBackupCorrect()[pri:4, instance:TestPage.TestDashboard.Backup.TestVerifiedBackup@2375b321]" started-at="2020-04-02T15:33:07 GMT+03:00" name="testCreateVerifiedBackupCorrect" finished-at="2020-04-02T15:33:42 GMT+03:00" duration-ms="35471" status="PASS">
          <reporter-output>
          </reporter-output>
        </test-method> <!-- testCreateVerifiedBackupCorrect -->
        <test-method is-config="true" signature="methodTearDown(java.lang.reflect.Method, org.testng.ITestResult)[pri:0, instance:TestPage.TestDashboard.Backup.TestVerifiedBackup@2375b321]" started-at="2020-04-02T15:33:42 GMT+03:00" name="methodTearDown" finished-at="2020-04-02T15:33:42 GMT+03:00" duration-ms="0" status="PASS">
          <params>
            <param index="0">
              <value>
                <![CDATA[public void TestPage.TestDashboard.Backup.TestVerifiedBackup.testCreateVerifiedBackupCorrect()]]>
              </value>
            </param>
            <param index="1">
              <value>
                <![CDATA[[TestResult name=testCreateVerifiedBackupCorrect status=SUCCESS method=TestVerifiedBackup.testCreateVerifiedBackupCorrect()[pri:4, instance:TestPage.TestDashboard.Backup.TestVerifiedBackup@2375b321] output={null}]]]>
              </value>
            </param>
          </params>
          <reporter-output>
          </reporter-output>
        </test-method> <!-- methodTearDown -->
      </class> <!-- TestPage.TestDashboard.Backup.TestVerifiedBackup -->
    </test> <!-- VerifiedBackup -->
    <test started-at="2020-04-02T15:33:42 GMT+03:00" name="IncrementalBackup" finished-at="2020-04-02T15:34:43 GMT+03:00" duration-ms="60811">
      <class name="TestPage.TestDashboard.Backup.TestIncrementalBackup">
        <test-method is-config="true" signature="classSetUp()[pri:0, instance:TestPage.TestDashboard.Backup.TestIncrementalBackup@35e478f]" started-at="2020-04-02T15:33:42 GMT+03:00" name="classSetUp" finished-at="2020-04-02T15:33:48 GMT+03:00" duration-ms="5644" status="PASS">
          <reporter-output>
          </reporter-output>
        </test-method> <!-- classSetUp -->
        <test-method signature="testCreateIncrementalBackupMaxDurationEmpty()[pri:1, instance:TestPage.TestDashboard.Backup.TestIncrementalBackup@35e478f]" started-at="2020-04-02T15:33:48 GMT+03:00" name="testCreateIncrementalBackupMaxDurationEmpty" finished-at="2020-04-02T15:33:52 GMT+03:00" duration-ms="3837" status="PASS">
          <reporter-output>
          </reporter-output>
        </test-method> <!-- testCreateIncrementalBackupMaxDurationEmpty -->
        <test-method is-config="true" signature="methodTearDown(java.lang.reflect.Method, org.testng.ITestResult)[pri:0, instance:TestPage.TestDashboard.Backup.TestIncrementalBackup@35e478f]" started-at="2020-04-02T15:33:52 GMT+03:00" name="methodTearDown" finished-at="2020-04-02T15:33:52 GMT+03:00" duration-ms="0" status="PASS">
          <params>
            <param index="0">
              <value>
                <![CDATA[public void TestPage.TestDashboard.Backup.TestIncrementalBackup.testCreateIncrementalBackupMaxDurationEmpty()]]>
              </value>
            </param>
            <param index="1">
              <value>
                <![CDATA[[TestResult name=testCreateIncrementalBackupMaxDurationEmpty status=SUCCESS method=TestIncrementalBackup.testCreateIncrementalBackupMaxDurationEmpty()[pri:1, instance:TestPage.TestDashboard.Backup.TestIncrementalBackup@35e478f] output={null}]]]>
              </value>
            </param>
          </params>
          <reporter-output>
          </reporter-output>
        </test-method> <!-- methodTearDown -->
        <test-method signature="testCreateIncrementalBackupMinFreeSpaceEmpty()[pri:2, instance:TestPage.TestDashboard.Backup.TestIncrementalBackup@35e478f]" started-at="2020-04-02T15:33:52 GMT+03:00" name="testCreateIncrementalBackupMinFreeSpaceEmpty" finished-at="2020-04-02T15:33:56 GMT+03:00" duration-ms="3693" status="PASS">
          <reporter-output>
          </reporter-output>
        </test-method> <!-- testCreateIncrementalBackupMinFreeSpaceEmpty -->
        <test-method is-config="true" signature="methodTearDown(java.lang.reflect.Method, org.testng.ITestResult)[pri:0, instance:TestPage.TestDashboard.Backup.TestIncrementalBackup@35e478f]" started-at="2020-04-02T15:33:56 GMT+03:00" name="methodTearDown" finished-at="2020-04-02T15:33:56 GMT+03:00" duration-ms="0" status="PASS">
          <params>
            <param index="0">
              <value>
                <![CDATA[public void TestPage.TestDashboard.Backup.TestIncrementalBackup.testCreateIncrementalBackupMinFreeSpaceEmpty()]]>
              </value>
            </param>
            <param index="1">
              <value>
                <![CDATA[[TestResult name=testCreateIncrementalBackupMinFreeSpaceEmpty status=SUCCESS method=TestIncrementalBackup.testCreateIncrementalBackupMinFreeSpaceEmpty()[pri:2, instance:TestPage.TestDashboard.Backup.TestIncrementalBackup@35e478f] output={null}]]]>
              </value>
            </param>
          </params>
          <reporter-output>
          </reporter-output>
        </test-method> <!-- methodTearDown -->
        <test-method signature="testCreateIncrementalBackupPathFolderEmpty()[pri:3, instance:TestPage.TestDashboard.Backup.TestIncrementalBackup@35e478f]" started-at="2020-04-02T15:33:56 GMT+03:00" name="testCreateIncrementalBackupPathFolderEmpty" finished-at="2020-04-02T15:33:59 GMT+03:00" duration-ms="3647" status="PASS">
          <reporter-output>
          </reporter-output>
        </test-method> <!-- testCreateIncrementalBackupPathFolderEmpty -->
        <test-method is-config="true" signature="methodTearDown(java.lang.reflect.Method, org.testng.ITestResult)[pri:0, instance:TestPage.TestDashboard.Backup.TestIncrementalBackup@35e478f]" started-at="2020-04-02T15:33:59 GMT+03:00" name="methodTearDown" finished-at="2020-04-02T15:33:59 GMT+03:00" duration-ms="0" status="PASS">
          <params>
            <param index="0">
              <value>
                <![CDATA[public void TestPage.TestDashboard.Backup.TestIncrementalBackup.testCreateIncrementalBackupPathFolderEmpty()]]>
              </value>
            </param>
            <param index="1">
              <value>
                <![CDATA[[TestResult name=testCreateIncrementalBackupPathFolderEmpty status=SUCCESS method=TestIncrementalBackup.testCreateIncrementalBackupPathFolderEmpty()[pri:3, instance:TestPage.TestDashboard.Backup.TestIncrementalBackup@35e478f] output={null}]]]>
              </value>
            </param>
          </params>
          <reporter-output>
          </reporter-output>
        </test-method> <!-- methodTearDown -->
        <test-method signature="testCreateIncrementalBackupJournalFolderEmpty()[pri:4, instance:TestPage.TestDashboard.Backup.TestIncrementalBackup@35e478f]" started-at="2020-04-02T15:33:59 GMT+03:00" name="testCreateIncrementalBackupJournalFolderEmpty" finished-at="2020-04-02T15:34:03 GMT+03:00" duration-ms="3669" status="PASS">
          <reporter-output>
          </reporter-output>
        </test-method> <!-- testCreateIncrementalBackupJournalFolderEmpty -->
        <test-method is-config="true" signature="methodTearDown(java.lang.reflect.Method, org.testng.ITestResult)[pri:0, instance:TestPage.TestDashboard.Backup.TestIncrementalBackup@35e478f]" started-at="2020-04-02T15:34:03 GMT+03:00" name="methodTearDown" finished-at="2020-04-02T15:34:03 GMT+03:00" duration-ms="1" status="PASS">
          <params>
            <param index="0">
              <value>
                <![CDATA[public void TestPage.TestDashboard.Backup.TestIncrementalBackup.testCreateIncrementalBackupJournalFolderEmpty()]]>
              </value>
            </param>
            <param index="1">
              <value>
                <![CDATA[[TestResult name=testCreateIncrementalBackupJournalFolderEmpty status=SUCCESS method=TestIncrementalBackup.testCreateIncrementalBackupJournalFolderEmpty()[pri:4, instance:TestPage.TestDashboard.Backup.TestIncrementalBackup@35e478f] output={null}]]]>
              </value>
            </param>
          </params>
          <reporter-output>
          </reporter-output>
        </test-method> <!-- methodTearDown -->
        <test-method signature="testCreateIncrementalBackupPerformBackupEmpty()[pri:5, instance:TestPage.TestDashboard.Backup.TestIncrementalBackup@35e478f]" started-at="2020-04-02T15:34:03 GMT+03:00" name="testCreateIncrementalBackupPerformBackupEmpty" finished-at="2020-04-02T15:34:07 GMT+03:00" duration-ms="3630" status="PASS">
          <reporter-output>
          </reporter-output>
        </test-method> <!-- testCreateIncrementalBackupPerformBackupEmpty -->
        <test-method is-config="true" signature="methodTearDown(java.lang.reflect.Method, org.testng.ITestResult)[pri:0, instance:TestPage.TestDashboard.Backup.TestIncrementalBackup@35e478f]" started-at="2020-04-02T15:34:07 GMT+03:00" name="methodTearDown" finished-at="2020-04-02T15:34:07 GMT+03:00" duration-ms="1" status="PASS">
          <params>
            <param index="0">
              <value>
                <![CDATA[public void TestPage.TestDashboard.Backup.TestIncrementalBackup.testCreateIncrementalBackupPerformBackupEmpty()]]>
              </value>
            </param>
            <param index="1">
              <value>
                <![CDATA[[TestResult name=testCreateIncrementalBackupPerformBackupEmpty status=SUCCESS method=TestIncrementalBackup.testCreateIncrementalBackupPerformBackupEmpty()[pri:5, instance:TestPage.TestDashboard.Backup.TestIncrementalBackup@35e478f] output={null}]]]>
              </value>
            </param>
          </params>
          <reporter-output>
          </reporter-output>
        </test-method> <!-- methodTearDown -->
        <test-method signature="testCreateIncrementalBackupCorrect()[pri:6, instance:TestPage.TestDashboard.Backup.TestIncrementalBackup@35e478f]" started-at="2020-04-02T15:34:07 GMT+03:00" name="testCreateIncrementalBackupCorrect" finished-at="2020-04-02T15:34:43 GMT+03:00" duration-ms="36675" status="PASS">
          <reporter-output>
          </reporter-output>
        </test-method> <!-- testCreateIncrementalBackupCorrect -->
        <test-method is-config="true" signature="methodTearDown(java.lang.reflect.Method, org.testng.ITestResult)[pri:0, instance:TestPage.TestDashboard.Backup.TestIncrementalBackup@35e478f]" started-at="2020-04-02T15:34:43 GMT+03:00" name="methodTearDown" finished-at="2020-04-02T15:34:43 GMT+03:00" duration-ms="0" status="PASS">
          <params>
            <param index="0">
              <value>
                <![CDATA[public void TestPage.TestDashboard.Backup.TestIncrementalBackup.testCreateIncrementalBackupCorrect()]]>
              </value>
            </param>
            <param index="1">
              <value>
                <![CDATA[[TestResult name=testCreateIncrementalBackupCorrect status=SUCCESS method=TestIncrementalBackup.testCreateIncrementalBackupCorrect()[pri:6, instance:TestPage.TestDashboard.Backup.TestIncrementalBackup@35e478f] output={null}]]]>
              </value>
            </param>
          </params>
          <reporter-output>
          </reporter-output>
        </test-method> <!-- methodTearDown -->
      </class> <!-- TestPage.TestDashboard.Backup.TestIncrementalBackup -->
    </test> <!-- IncrementalBackup -->
    <test started-at="2020-04-02T15:34:43 GMT+03:00" name="DumpBackup" finished-at="2020-04-02T15:35:27 GMT+03:00" duration-ms="43637">
      <class name="TestPage.TestDashboard.Backup.TestDumpBackup">
        <test-method is-config="true" signature="classSetUp()[pri:0, instance:TestPage.TestDashboard.Backup.TestDumpBackup@143d9a93]" started-at="2020-04-02T15:34:43 GMT+03:00" name="classSetUp" finished-at="2020-04-02T15:34:49 GMT+03:00" duration-ms="5674" status="PASS">
          <reporter-output>
          </reporter-output>
        </test-method> <!-- classSetUp -->
        <test-method signature="testCreateDumpBackupScheduleIncorrect()[pri:1, instance:TestPage.TestDashboard.Backup.TestDumpBackup@143d9a93]" started-at="2020-04-02T15:34:49 GMT+03:00" name="testCreateDumpBackupScheduleIncorrect" finished-at="2020-04-02T15:34:50 GMT+03:00" duration-ms="1065" status="PASS">
          <reporter-output>
          </reporter-output>
        </test-method> <!-- testCreateDumpBackupScheduleIncorrect -->
        <test-method is-config="true" signature="methodTearDown(java.lang.reflect.Method, org.testng.ITestResult)[pri:0, instance:TestPage.TestDashboard.Backup.TestDumpBackup@143d9a93]" started-at="2020-04-02T15:34:50 GMT+03:00" name="methodTearDown" finished-at="2020-04-02T15:34:50 GMT+03:00" duration-ms="0" status="PASS">
          <params>
            <param index="0">
              <value>
                <![CDATA[public void TestPage.TestDashboard.Backup.TestDumpBackup.testCreateDumpBackupScheduleIncorrect()]]>
              </value>
            </param>
            <param index="1">
              <value>
                <![CDATA[[TestResult name=testCreateDumpBackupScheduleIncorrect status=SUCCESS method=TestDumpBackup.testCreateDumpBackupScheduleIncorrect()[pri:1, instance:TestPage.TestDashboard.Backup.TestDumpBackup@143d9a93] output={null}]]]>
              </value>
            </param>
          </params>
          <reporter-output>
          </reporter-output>
        </test-method> <!-- methodTearDown -->
        <test-method signature="testCreateDumpBackupMinFreeSpaceEmpty()[pri:2, instance:TestPage.TestDashboard.Backup.TestDumpBackup@143d9a93]" started-at="2020-04-02T15:34:50 GMT+03:00" name="testCreateDumpBackupMinFreeSpaceEmpty" finished-at="2020-04-02T15:34:51 GMT+03:00" duration-ms="995" status="PASS">
          <reporter-output>
          </reporter-output>
        </test-method> <!-- testCreateDumpBackupMinFreeSpaceEmpty -->
        <test-method is-config="true" signature="methodTearDown(java.lang.reflect.Method, org.testng.ITestResult)[pri:0, instance:TestPage.TestDashboard.Backup.TestDumpBackup@143d9a93]" started-at="2020-04-02T15:34:51 GMT+03:00" name="methodTearDown" finished-at="2020-04-02T15:34:51 GMT+03:00" duration-ms="0" status="PASS">
          <params>
            <param index="0">
              <value>
                <![CDATA[public void TestPage.TestDashboard.Backup.TestDumpBackup.testCreateDumpBackupMinFreeSpaceEmpty()]]>
              </value>
            </param>
            <param index="1">
              <value>
                <![CDATA[[TestResult name=testCreateDumpBackupMinFreeSpaceEmpty status=SUCCESS method=TestDumpBackup.testCreateDumpBackupMinFreeSpaceEmpty()[pri:2, instance:TestPage.TestDashboard.Backup.TestDumpBackup@143d9a93] output={null}]]]>
              </value>
            </param>
          </params>
          <reporter-output>
          </reporter-output>
        </test-method> <!-- methodTearDown -->
        <test-method signature="testCreateDumpBackupPathFolderEmpty()[pri:3, instance:TestPage.TestDashboard.Backup.TestDumpBackup@143d9a93]" started-at="2020-04-02T15:34:51 GMT+03:00" name="testCreateDumpBackupPathFolderEmpty" finished-at="2020-04-02T15:34:52 GMT+03:00" duration-ms="1166" status="PASS">
          <reporter-output>
          </reporter-output>
        </test-method> <!-- testCreateDumpBackupPathFolderEmpty -->
        <test-method is-config="true" signature="methodTearDown(java.lang.reflect.Method, org.testng.ITestResult)[pri:0, instance:TestPage.TestDashboard.Backup.TestDumpBackup@143d9a93]" started-at="2020-04-02T15:34:52 GMT+03:00" name="methodTearDown" finished-at="2020-04-02T15:34:52 GMT+03:00" duration-ms="1" status="PASS">
          <params>
            <param index="0">
              <value>
                <![CDATA[public void TestPage.TestDashboard.Backup.TestDumpBackup.testCreateDumpBackupPathFolderEmpty()]]>
              </value>
            </param>
            <param index="1">
              <value>
                <![CDATA[[TestResult name=testCreateDumpBackupPathFolderEmpty status=SUCCESS method=TestDumpBackup.testCreateDumpBackupPathFolderEmpty()[pri:3, instance:TestPage.TestDashboard.Backup.TestDumpBackup@143d9a93] output={null}]]]>
              </value>
            </param>
          </params>
          <reporter-output>
          </reporter-output>
        </test-method> <!-- methodTearDown -->
        <test-method signature="testCreateDumpBackupMaxNumbFilesEmpty()[pri:4, instance:TestPage.TestDashboard.Backup.TestDumpBackup@143d9a93]" started-at="2020-04-02T15:34:52 GMT+03:00" name="testCreateDumpBackupMaxNumbFilesEmpty" finished-at="2020-04-02T15:34:53 GMT+03:00" duration-ms="882" status="PASS">
          <reporter-output>
          </reporter-output>
        </test-method> <!-- testCreateDumpBackupMaxNumbFilesEmpty -->
        <test-method is-config="true" signature="methodTearDown(java.lang.reflect.Method, org.testng.ITestResult)[pri:0, instance:TestPage.TestDashboard.Backup.TestDumpBackup@143d9a93]" started-at="2020-04-02T15:34:53 GMT+03:00" name="methodTearDown" finished-at="2020-04-02T15:34:53 GMT+03:00" duration-ms="2" status="PASS">
          <params>
            <param index="0">
              <value>
                <![CDATA[public void TestPage.TestDashboard.Backup.TestDumpBackup.testCreateDumpBackupMaxNumbFilesEmpty()]]>
              </value>
            </param>
            <param index="1">
              <value>
                <![CDATA[[TestResult name=testCreateDumpBackupMaxNumbFilesEmpty status=SUCCESS method=TestDumpBackup.testCreateDumpBackupMaxNumbFilesEmpty()[pri:4, instance:TestPage.TestDashboard.Backup.TestDumpBackup@143d9a93] output={null}]]]>
              </value>
            </param>
          </params>
          <reporter-output>
          </reporter-output>
        </test-method> <!-- methodTearDown -->
        <test-method signature="testCreateDumpBackupCorrect()[pri:5, instance:TestPage.TestDashboard.Backup.TestDumpBackup@143d9a93]" started-at="2020-04-02T15:34:53 GMT+03:00" name="testCreateDumpBackupCorrect" finished-at="2020-04-02T15:35:27 GMT+03:00" duration-ms="33836" status="PASS">
          <reporter-output>
          </reporter-output>
        </test-method> <!-- testCreateDumpBackupCorrect -->
        <test-method is-config="true" signature="methodTearDown(java.lang.reflect.Method, org.testng.ITestResult)[pri:0, instance:TestPage.TestDashboard.Backup.TestDumpBackup@143d9a93]" started-at="2020-04-02T15:35:27 GMT+03:00" name="methodTearDown" finished-at="2020-04-02T15:35:27 GMT+03:00" duration-ms="0" status="PASS">
          <params>
            <param index="0">
              <value>
                <![CDATA[public void TestPage.TestDashboard.Backup.TestDumpBackup.testCreateDumpBackupCorrect()]]>
              </value>
            </param>
            <param index="1">
              <value>
                <![CDATA[[TestResult name=testCreateDumpBackupCorrect status=SUCCESS method=TestDumpBackup.testCreateDumpBackupCorrect()[pri:5, instance:TestPage.TestDashboard.Backup.TestDumpBackup@143d9a93] output={null}]]]>
              </value>
            </param>
          </params>
          <reporter-output>
          </reporter-output>
        </test-method> <!-- methodTearDown -->
      </class> <!-- TestPage.TestDashboard.Backup.TestDumpBackup -->
    </test> <!-- DumpBackup -->
    <test started-at="2020-04-02T15:35:27 GMT+03:00" name="RestoreDb" finished-at="2020-04-02T15:36:25 GMT+03:00" duration-ms="58305">
      <class name="TestPage.TestDashboard.Backup.TestRestoreDb">
        <test-method is-config="true" signature="classSetUp()[pri:0, instance:TestPage.TestDashboard.Backup.TestRestoreDb@d400943]" started-at="2020-04-02T15:35:27 GMT+03:00" name="classSetUp" finished-at="2020-04-02T15:35:32 GMT+03:00" duration-ms="5486" status="PASS">
          <reporter-output>
          </reporter-output>
        </test-method> <!-- classSetUp -->
        <test-method signature="testCreateRestoreDbScheduleIncorrect()[pri:1, instance:TestPage.TestDashboard.Backup.TestRestoreDb@d400943]" started-at="2020-04-02T15:35:32 GMT+03:00" name="testCreateRestoreDbScheduleIncorrect" finished-at="2020-04-02T15:35:35 GMT+03:00" duration-ms="2082" status="PASS">
          <reporter-output>
          </reporter-output>
        </test-method> <!-- testCreateRestoreDbScheduleIncorrect -->
        <test-method is-config="true" signature="methodTearDown(java.lang.reflect.Method, org.testng.ITestResult)[pri:0, instance:TestPage.TestDashboard.Backup.TestRestoreDb@d400943]" started-at="2020-04-02T15:35:35 GMT+03:00" name="methodTearDown" finished-at="2020-04-02T15:35:35 GMT+03:00" duration-ms="1" status="PASS">
          <params>
            <param index="0">
              <value>
                <![CDATA[public void TestPage.TestDashboard.Backup.TestRestoreDb.testCreateRestoreDbScheduleIncorrect()]]>
              </value>
            </param>
            <param index="1">
              <value>
                <![CDATA[[TestResult name=testCreateRestoreDbScheduleIncorrect status=SUCCESS method=TestRestoreDb.testCreateRestoreDbScheduleIncorrect()[pri:1, instance:TestPage.TestDashboard.Backup.TestRestoreDb@d400943] output={null}]]]>
              </value>
            </param>
          </params>
          <reporter-output>
          </reporter-output>
        </test-method> <!-- methodTearDown -->
        <test-method signature="testCreateRestoreDbBackupFolderEmptyField()[pri:2, instance:TestPage.TestDashboard.Backup.TestRestoreDb@d400943]" started-at="2020-04-02T15:35:35 GMT+03:00" name="testCreateRestoreDbBackupFolderEmptyField" finished-at="2020-04-02T15:35:36 GMT+03:00" duration-ms="1904" status="PASS">
          <reporter-output>
          </reporter-output>
        </test-method> <!-- testCreateRestoreDbBackupFolderEmptyField -->
        <test-method is-config="true" signature="methodTearDown(java.lang.reflect.Method, org.testng.ITestResult)[pri:0, instance:TestPage.TestDashboard.Backup.TestRestoreDb@d400943]" started-at="2020-04-02T15:35:36 GMT+03:00" name="methodTearDown" finished-at="2020-04-02T15:35:36 GMT+03:00" duration-ms="1" status="PASS">
          <params>
            <param index="0">
              <value>
                <![CDATA[public void TestPage.TestDashboard.Backup.TestRestoreDb.testCreateRestoreDbBackupFolderEmptyField()]]>
              </value>
            </param>
            <param index="1">
              <value>
                <![CDATA[[TestResult name=testCreateRestoreDbBackupFolderEmptyField status=SUCCESS method=TestRestoreDb.testCreateRestoreDbBackupFolderEmptyField()[pri:2, instance:TestPage.TestDashboard.Backup.TestRestoreDb@d400943] output={null}]]]>
              </value>
            </param>
          </params>
          <reporter-output>
          </reporter-output>
        </test-method> <!-- methodTearDown -->
        <test-method signature="testCreateRestoreDbPathTemplateBackupFolderEmptyField()[pri:3, instance:TestPage.TestDashboard.Backup.TestRestoreDb@d400943]" started-at="2020-04-02T15:35:36 GMT+03:00" name="testCreateRestoreDbPathTemplateBackupFolderEmptyField" finished-at="2020-04-02T15:35:38 GMT+03:00" duration-ms="1910" status="PASS">
          <reporter-output>
          </reporter-output>
        </test-method> <!-- testCreateRestoreDbPathTemplateBackupFolderEmptyField -->
        <test-method is-config="true" signature="methodTearDown(java.lang.reflect.Method, org.testng.ITestResult)[pri:0, instance:TestPage.TestDashboard.Backup.TestRestoreDb@d400943]" started-at="2020-04-02T15:35:38 GMT+03:00" name="methodTearDown" finished-at="2020-04-02T15:35:38 GMT+03:00" duration-ms="1" status="PASS">
          <params>
            <param index="0">
              <value>
                <![CDATA[public void TestPage.TestDashboard.Backup.TestRestoreDb.testCreateRestoreDbPathTemplateBackupFolderEmptyField()]]>
              </value>
            </param>
            <param index="1">
              <value>
                <![CDATA[[TestResult name=testCreateRestoreDbPathTemplateBackupFolderEmptyField status=SUCCESS method=TestRestoreDb.testCreateRestoreDbPathTemplateBackupFolderEmptyField()[pri:3, instance:TestPage.TestDashboard.Backup.TestRestoreDb@d400943] output={null}]]]>
              </value>
            </param>
          </params>
          <reporter-output>
          </reporter-output>
        </test-method> <!-- methodTearDown -->
        <test-method signature="testCreateRestoreTimeTakeBackupEmptyField()[pri:4, instance:TestPage.TestDashboard.Backup.TestRestoreDb@d400943]" started-at="2020-04-02T15:35:38 GMT+03:00" name="testCreateRestoreTimeTakeBackupEmptyField" finished-at="2020-04-02T15:35:40 GMT+03:00" duration-ms="1927" status="PASS">
          <reporter-output>
          </reporter-output>
        </test-method> <!-- testCreateRestoreTimeTakeBackupEmptyField -->
        <test-method is-config="true" signature="methodTearDown(java.lang.reflect.Method, org.testng.ITestResult)[pri:0, instance:TestPage.TestDashboard.Backup.TestRestoreDb@d400943]" started-at="2020-04-02T15:35:40 GMT+03:00" name="methodTearDown" finished-at="2020-04-02T15:35:40 GMT+03:00" duration-ms="0" status="PASS">
          <params>
            <param index="0">
              <value>
                <![CDATA[public void TestPage.TestDashboard.Backup.TestRestoreDb.testCreateRestoreTimeTakeBackupEmptyField()]]>
              </value>
            </param>
            <param index="1">
              <value>
                <![CDATA[[TestResult name=testCreateRestoreTimeTakeBackupEmptyField status=SUCCESS method=TestRestoreDb.testCreateRestoreTimeTakeBackupEmptyField()[pri:4, instance:TestPage.TestDashboard.Backup.TestRestoreDb@d400943] output={null}]]]>
              </value>
            </param>
          </params>
          <reporter-output>
          </reporter-output>
        </test-method> <!-- methodTearDown -->
        <test-method signature="testCreateRestoreDbPathRestoreFolderEmptyField()[pri:5, instance:TestPage.TestDashboard.Backup.TestRestoreDb@d400943]" started-at="2020-04-02T15:35:40 GMT+03:00" name="testCreateRestoreDbPathRestoreFolderEmptyField" finished-at="2020-04-02T15:35:42 GMT+03:00" duration-ms="1888" status="PASS">
          <reporter-output>
          </reporter-output>
        </test-method> <!-- testCreateRestoreDbPathRestoreFolderEmptyField -->
        <test-method is-config="true" signature="methodTearDown(java.lang.reflect.Method, org.testng.ITestResult)[pri:0, instance:TestPage.TestDashboard.Backup.TestRestoreDb@d400943]" started-at="2020-04-02T15:35:42 GMT+03:00" name="methodTearDown" finished-at="2020-04-02T15:35:42 GMT+03:00" duration-ms="0" status="PASS">
          <params>
            <param index="0">
              <value>
                <![CDATA[public void TestPage.TestDashboard.Backup.TestRestoreDb.testCreateRestoreDbPathRestoreFolderEmptyField()]]>
              </value>
            </param>
            <param index="1">
              <value>
                <![CDATA[[TestResult name=testCreateRestoreDbPathRestoreFolderEmptyField status=SUCCESS method=TestRestoreDb.testCreateRestoreDbPathRestoreFolderEmptyField()[pri:5, instance:TestPage.TestDashboard.Backup.TestRestoreDb@d400943] output={null}]]]>
              </value>
            </param>
          </params>
          <reporter-output>
          </reporter-output>
        </test-method> <!-- methodTearDown -->
        <test-method signature="testCreateRestoreDbRestoreFileNameEmptyField()[pri:6, instance:TestPage.TestDashboard.Backup.TestRestoreDb@d400943]" started-at="2020-04-02T15:35:42 GMT+03:00" name="testCreateRestoreDbRestoreFileNameEmptyField" finished-at="2020-04-02T15:35:44 GMT+03:00" duration-ms="1917" status="PASS">
          <reporter-output>
          </reporter-output>
        </test-method> <!-- testCreateRestoreDbRestoreFileNameEmptyField -->
        <test-method is-config="true" signature="methodTearDown(java.lang.reflect.Method, org.testng.ITestResult)[pri:0, instance:TestPage.TestDashboard.Backup.TestRestoreDb@d400943]" started-at="2020-04-02T15:35:44 GMT+03:00" name="methodTearDown" finished-at="2020-04-02T15:35:44 GMT+03:00" duration-ms="1" status="PASS">
          <params>
            <param index="0">
              <value>
                <![CDATA[public void TestPage.TestDashboard.Backup.TestRestoreDb.testCreateRestoreDbRestoreFileNameEmptyField()]]>
              </value>
            </param>
            <param index="1">
              <value>
                <![CDATA[[TestResult name=testCreateRestoreDbRestoreFileNameEmptyField status=SUCCESS method=TestRestoreDb.testCreateRestoreDbRestoreFileNameEmptyField()[pri:6, instance:TestPage.TestDashboard.Backup.TestRestoreDb@d400943] output={null}]]]>
              </value>
            </param>
          </params>
          <reporter-output>
          </reporter-output>
        </test-method> <!-- methodTearDown -->
        <test-method signature="testCreateRestoreDbSuffixFileNameEmptyField()[pri:7, instance:TestPage.TestDashboard.Backup.TestRestoreDb@d400943]" started-at="2020-04-02T15:35:44 GMT+03:00" name="testCreateRestoreDbSuffixFileNameEmptyField" finished-at="2020-04-02T15:35:46 GMT+03:00" duration-ms="1943" status="PASS">
          <reporter-output>
          </reporter-output>
        </test-method> <!-- testCreateRestoreDbSuffixFileNameEmptyField -->
        <test-method is-config="true" signature="methodTearDown(java.lang.reflect.Method, org.testng.ITestResult)[pri:0, instance:TestPage.TestDashboard.Backup.TestRestoreDb@d400943]" started-at="2020-04-02T15:35:46 GMT+03:00" name="methodTearDown" finished-at="2020-04-02T15:35:46 GMT+03:00" duration-ms="1" status="PASS">
          <params>
            <param index="0">
              <value>
                <![CDATA[public void TestPage.TestDashboard.Backup.TestRestoreDb.testCreateRestoreDbSuffixFileNameEmptyField()]]>
              </value>
            </param>
            <param index="1">
              <value>
                <![CDATA[[TestResult name=testCreateRestoreDbSuffixFileNameEmptyField status=SUCCESS method=TestRestoreDb.testCreateRestoreDbSuffixFileNameEmptyField()[pri:7, instance:TestPage.TestDashboard.Backup.TestRestoreDb@d400943] output={null}]]]>
              </value>
            </param>
          </params>
          <reporter-output>
          </reporter-output>
        </test-method> <!-- methodTearDown -->
        <test-method signature="testCreateRestoreDbLimitProcessTimeEmptyField()[pri:8, instance:TestPage.TestDashboard.Backup.TestRestoreDb@d400943]" started-at="2020-04-02T15:35:46 GMT+03:00" name="testCreateRestoreDbLimitProcessTimeEmptyField" finished-at="2020-04-02T15:35:48 GMT+03:00" duration-ms="1946" status="PASS">
          <reporter-output>
          </reporter-output>
        </test-method> <!-- testCreateRestoreDbLimitProcessTimeEmptyField -->
        <test-method is-config="true" signature="methodTearDown(java.lang.reflect.Method, org.testng.ITestResult)[pri:0, instance:TestPage.TestDashboard.Backup.TestRestoreDb@d400943]" started-at="2020-04-02T15:35:48 GMT+03:00" name="methodTearDown" finished-at="2020-04-02T15:35:48 GMT+03:00" duration-ms="1" status="PASS">
          <params>
            <param index="0">
              <value>
                <![CDATA[public void TestPage.TestDashboard.Backup.TestRestoreDb.testCreateRestoreDbLimitProcessTimeEmptyField()]]>
              </value>
            </param>
            <param index="1">
              <value>
                <![CDATA[[TestResult name=testCreateRestoreDbLimitProcessTimeEmptyField status=SUCCESS method=TestRestoreDb.testCreateRestoreDbLimitProcessTimeEmptyField()[pri:8, instance:TestPage.TestDashboard.Backup.TestRestoreDb@d400943] output={null}]]]>
              </value>
            </param>
          </params>
          <reporter-output>
          </reporter-output>
        </test-method> <!-- methodTearDown -->
        <test-method signature="testCreateRestoreDbMinFreeSpaceEmptyField()[pri:9, instance:TestPage.TestDashboard.Backup.TestRestoreDb@d400943]" started-at="2020-04-02T15:35:48 GMT+03:00" name="testCreateRestoreDbMinFreeSpaceEmptyField" finished-at="2020-04-02T15:35:50 GMT+03:00" duration-ms="1915" status="PASS">
          <reporter-output>
          </reporter-output>
        </test-method> <!-- testCreateRestoreDbMinFreeSpaceEmptyField -->
        <test-method is-config="true" signature="methodTearDown(java.lang.reflect.Method, org.testng.ITestResult)[pri:0, instance:TestPage.TestDashboard.Backup.TestRestoreDb@d400943]" started-at="2020-04-02T15:35:50 GMT+03:00" name="methodTearDown" finished-at="2020-04-02T15:35:50 GMT+03:00" duration-ms="0" status="PASS">
          <params>
            <param index="0">
              <value>
                <![CDATA[public void TestPage.TestDashboard.Backup.TestRestoreDb.testCreateRestoreDbMinFreeSpaceEmptyField()]]>
              </value>
            </param>
            <param index="1">
              <value>
                <![CDATA[[TestResult name=testCreateRestoreDbMinFreeSpaceEmptyField status=SUCCESS method=TestRestoreDb.testCreateRestoreDbMinFreeSpaceEmptyField()[pri:9, instance:TestPage.TestDashboard.Backup.TestRestoreDb@d400943] output={null}]]]>
              </value>
            </param>
          </params>
          <reporter-output>
          </reporter-output>
        </test-method> <!-- methodTearDown -->
        <test-method signature="testCreateRestoreDbCorrect()[pri:10, instance:TestPage.TestDashboard.Backup.TestRestoreDb@d400943]" started-at="2020-04-02T15:35:50 GMT+03:00" name="testCreateRestoreDbCorrect" finished-at="2020-04-02T15:36:25 GMT+03:00" duration-ms="35332" status="PASS">
          <reporter-output>
          </reporter-output>
        </test-method> <!-- testCreateRestoreDbCorrect -->
        <test-method is-config="true" signature="methodTearDown(java.lang.reflect.Method, org.testng.ITestResult)[pri:0, instance:TestPage.TestDashboard.Backup.TestRestoreDb@d400943]" started-at="2020-04-02T15:36:25 GMT+03:00" name="methodTearDown" finished-at="2020-04-02T15:36:25 GMT+03:00" duration-ms="1" status="PASS">
          <params>
            <param index="0">
              <value>
                <![CDATA[public void TestPage.TestDashboard.Backup.TestRestoreDb.testCreateRestoreDbCorrect()]]>
              </value>
            </param>
            <param index="1">
              <value>
                <![CDATA[[TestResult name=testCreateRestoreDbCorrect status=SUCCESS method=TestRestoreDb.testCreateRestoreDbCorrect()[pri:10, instance:TestPage.TestDashboard.Backup.TestRestoreDb@d400943] output={null}]]]>
              </value>
            </param>
          </params>
          <reporter-output>
          </reporter-output>
        </test-method> <!-- methodTearDown -->
      </class> <!-- TestPage.TestDashboard.Backup.TestRestoreDb -->
    </test> <!-- RestoreDb -->
    <test started-at="2020-04-02T15:36:25 GMT+03:00" name="SqlPing" finished-at="2020-04-02T15:37:18 GMT+03:00" duration-ms="52231">
      <class name="TestPage.TestDashboard.Backup.TestSqlPing">
        <test-method is-config="true" signature="classSetUp()[pri:0, instance:TestPage.TestDashboard.Backup.TestSqlPing@389562d6]" started-at="2020-04-02T15:36:25 GMT+03:00" name="classSetUp" finished-at="2020-04-02T15:36:29 GMT+03:00" duration-ms="3454" status="PASS">
          <reporter-output>
          </reporter-output>
        </test-method> <!-- classSetUp -->
        <test-method signature="testCheckScheduleIncorrect()[pri:1, instance:TestPage.TestDashboard.Backup.TestSqlPing@389562d6]" started-at="2020-04-02T15:36:29 GMT+03:00" name="testCheckScheduleIncorrect" finished-at="2020-04-02T15:36:30 GMT+03:00" duration-ms="1478" status="PASS">
          <reporter-output>
          </reporter-output>
        </test-method> <!-- testCheckScheduleIncorrect -->
        <test-method is-config="true" signature="methodTearDown(java.lang.reflect.Method, org.testng.ITestResult)[pri:0, instance:TestPage.TestDashboard.Backup.TestSqlPing@389562d6]" started-at="2020-04-02T15:36:30 GMT+03:00" name="methodTearDown" finished-at="2020-04-02T15:36:30 GMT+03:00" duration-ms="0" status="PASS">
          <params>
            <param index="0">
              <value>
                <![CDATA[public void TestPage.TestDashboard.Backup.TestSqlPing.testCheckScheduleIncorrect()]]>
              </value>
            </param>
            <param index="1">
              <value>
                <![CDATA[[TestResult name=testCheckScheduleIncorrect status=SUCCESS method=TestSqlPing.testCheckScheduleIncorrect()[pri:1, instance:TestPage.TestDashboard.Backup.TestSqlPing@389562d6] output={null}]]]>
              </value>
            </param>
          </params>
          <reporter-output>
          </reporter-output>
        </test-method> <!-- methodTearDown -->
        <test-method signature="testCheckSqlQueryEmptyField()[pri:2, instance:TestPage.TestDashboard.Backup.TestSqlPing@389562d6]" started-at="2020-04-02T15:36:30 GMT+03:00" name="testCheckSqlQueryEmptyField" finished-at="2020-04-02T15:36:32 GMT+03:00" duration-ms="1468" status="PASS">
          <reporter-output>
          </reporter-output>
        </test-method> <!-- testCheckSqlQueryEmptyField -->
        <test-method is-config="true" signature="methodTearDown(java.lang.reflect.Method, org.testng.ITestResult)[pri:0, instance:TestPage.TestDashboard.Backup.TestSqlPing@389562d6]" started-at="2020-04-02T15:36:32 GMT+03:00" name="methodTearDown" finished-at="2020-04-02T15:36:32 GMT+03:00" duration-ms="0" status="PASS">
          <params>
            <param index="0">
              <value>
                <![CDATA[public void TestPage.TestDashboard.Backup.TestSqlPing.testCheckSqlQueryEmptyField()]]>
              </value>
            </param>
            <param index="1">
              <value>
                <![CDATA[[TestResult name=testCheckSqlQueryEmptyField status=SUCCESS method=TestSqlPing.testCheckSqlQueryEmptyField()[pri:2, instance:TestPage.TestDashboard.Backup.TestSqlPing@389562d6] output={null}]]]>
              </value>
            </param>
          </params>
          <reporter-output>
          </reporter-output>
        </test-method> <!-- methodTearDown -->
        <test-method signature="testCreateSqlPingCorrect()[pri:3, instance:TestPage.TestDashboard.Backup.TestSqlPing@389562d6]" started-at="2020-04-02T15:36:32 GMT+03:00" name="testCreateSqlPingCorrect" finished-at="2020-04-02T15:37:17 GMT+03:00" duration-ms="45147" status="FAIL">
          <exception class="java.lang.AssertionError">
            <message>
              <![CDATA[Status sql ping not OK expected [OK] but found [IMPORTANT]]]>
            </message>
            <full-stacktrace>
              <![CDATA[java.lang.AssertionError: Status sql ping not OK expected [OK] but found [IMPORTANT]
at org.testng.Assert.fail(Assert.java:97)
at org.testng.Assert.assertEqualsImpl(Assert.java:136)
at org.testng.Assert.assertEquals(Assert.java:118)
at org.testng.Assert.assertEquals(Assert.java:575)
at TestPage.TestDashboard.Backup.TestSqlPing.testCreateSqlPingCorrect(TestSqlPing.java:101)
at java.base/jdk.internal.reflect.NativeMethodAccessorImpl.invoke0(Native Method)
at java.base/jdk.internal.reflect.NativeMethodAccessorImpl.invoke(NativeMethodAccessorImpl.java:62)
at java.base/jdk.internal.reflect.DelegatingMethodAccessorImpl.invoke(DelegatingMethodAccessorImpl.java:43)
at java.base/java.lang.reflect.Method.invoke(Method.java:567)
at org.testng.internal.MethodInvocationHelper.invokeMethod(MethodInvocationHelper.java:133)
at org.testng.internal.TestInvoker.invokeMethod(TestInvoker.java:584)
at org.testng.internal.TestInvoker.invokeTestMethod(TestInvoker.java:172)
at org.testng.internal.MethodRunner.runInSequence(MethodRunner.java:46)
at org.testng.internal.TestInvoker$MethodInvocationAgent.invoke(TestInvoker.java:804)
at org.testng.internal.TestInvoker.invokeTestMethods(TestInvoker.java:145)
at org.testng.internal.TestMethodWorker.invokeTestMethods(TestMethodWorker.java:146)
at org.testng.internal.TestMethodWorker.run(TestMethodWorker.java:128)
at java.base/java.util.ArrayList.forEach(ArrayList.java:1540)
at org.testng.TestRunner.privateRun(TestRunner.java:770)
at org.testng.TestRunner.run(TestRunner.java:591)
at org.testng.SuiteRunner.runTest(SuiteRunner.java:402)
at org.testng.SuiteRunner.runSequentially(SuiteRunner.java:396)
at org.testng.SuiteRunner.privateRun(SuiteRunner.java:355)
at org.testng.SuiteRunner.run(SuiteRunner.java:304)
at org.testng.SuiteRunnerWorker.runSuite(SuiteRunnerWorker.java:53)
at org.testng.SuiteRunnerWorker.run(SuiteRunnerWorker.java:96)
at org.testng.TestNG.runSuitesSequentially(TestNG.java:1180)
at org.testng.TestNG.runSuitesLocally(TestNG.java:1102)
at org.testng.TestNG.runSuites(TestNG.java:1032)
at org.testng.TestNG.run(TestNG.java:1000)
at org.apache.maven.surefire.testng.TestNGExecutor.run(TestNGExecutor.java:283)
at org.apache.maven.surefire.testng.TestNGXmlTestSuite.execute(TestNGXmlTestSuite.java:75)
at org.apache.maven.surefire.testng.TestNGProvider.invoke(TestNGProvider.java:120)
at org.apache.maven.surefire.booter.ForkedBooter.runSuitesInProcess(ForkedBooter.java:377)
at org.apache.maven.surefire.booter.ForkedBooter.execute(ForkedBooter.java:138)
at org.apache.maven.surefire.booter.ForkedBooter.run(ForkedBooter.java:465)
at org.apache.maven.surefire.booter.ForkedBooter.main(ForkedBooter.java:451)
]]>
            </full-stacktrace>
          </exception> <!-- java.lang.AssertionError -->
          <reporter-output>
          </reporter-output>
        </test-method> <!-- testCreateSqlPingCorrect -->
        <test-method is-config="true" signature="methodTearDown(java.lang.reflect.Method, org.testng.ITestResult)[pri:0, instance:TestPage.TestDashboard.Backup.TestSqlPing@389562d6]" started-at="2020-04-02T15:37:17 GMT+03:00" name="methodTearDown" finished-at="2020-04-02T15:37:18 GMT+03:00" duration-ms="659" status="PASS">
          <params>
            <param index="0">
              <value>
                <![CDATA[public void TestPage.TestDashboard.Backup.TestSqlPing.testCreateSqlPingCorrect()]]>
              </value>
            </param>
            <param index="1">
              <value>
                <![CDATA[[TestResult name=testCreateSqlPingCorrect status=FAILURE method=TestSqlPing.testCreateSqlPingCorrect()[pri:3, instance:TestPage.TestDashboard.Backup.TestSqlPing@389562d6] output={null}]]]>
              </value>
            </param>
          </params>
          <reporter-output>
          </reporter-output>
        </test-method> <!-- methodTearDown -->
      </class> <!-- TestPage.TestDashboard.Backup.TestSqlPing -->
    </test> <!-- SqlPing -->
    <test started-at="2020-04-02T15:37:18 GMT+03:00" name="ValidateDb" finished-at="2020-04-02T15:37:59 GMT+03:00" duration-ms="41179">
      <class name="TestPage.TestDashboard.Backup.TestValidateDb">
        <test-method is-config="true" signature="classSetUp()[pri:0, instance:TestPage.TestDashboard.Backup.TestValidateDb@e8fadb0]" started-at="2020-04-02T15:37:18 GMT+03:00" name="classSetUp" finished-at="2020-04-02T15:37:22 GMT+03:00" duration-ms="4495" status="PASS">
          <reporter-output>
          </reporter-output>
        </test-method> <!-- classSetUp -->
        <test-method signature="testCheckScheduleIncorrectField()[pri:1, instance:TestPage.TestDashboard.Backup.TestValidateDb@e8fadb0]" started-at="2020-04-02T15:37:22 GMT+03:00" name="testCheckScheduleIncorrectField" finished-at="2020-04-02T15:37:24 GMT+03:00" duration-ms="1456" status="PASS">
          <reporter-output>
          </reporter-output>
        </test-method> <!-- testCheckScheduleIncorrectField -->
        <test-method is-config="true" signature="methodTearDown(java.lang.reflect.Method, org.testng.ITestResult)[pri:0, instance:TestPage.TestDashboard.Backup.TestValidateDb@e8fadb0]" started-at="2020-04-02T15:37:24 GMT+03:00" name="methodTearDown" finished-at="2020-04-02T15:37:24 GMT+03:00" duration-ms="0" status="PASS">
          <params>
            <param index="0">
              <value>
                <![CDATA[public void TestPage.TestDashboard.Backup.TestValidateDb.testCheckScheduleIncorrectField()]]>
              </value>
            </param>
            <param index="1">
              <value>
                <![CDATA[[TestResult name=testCheckScheduleIncorrectField status=SUCCESS method=TestValidateDb.testCheckScheduleIncorrectField()[pri:1, instance:TestPage.TestDashboard.Backup.TestValidateDb@e8fadb0] output={null}]]]>
              </value>
            </param>
          </params>
          <reporter-output>
          </reporter-output>
        </test-method> <!-- methodTearDown -->
        <test-method signature="testCheckShutdownTimeoutEmptyField()[pri:2, instance:TestPage.TestDashboard.Backup.TestValidateDb@e8fadb0]" started-at="2020-04-02T15:37:24 GMT+03:00" name="testCheckShutdownTimeoutEmptyField" finished-at="2020-04-02T15:37:24 GMT+03:00" duration-ms="594" status="PASS">
          <reporter-output>
          </reporter-output>
        </test-method> <!-- testCheckShutdownTimeoutEmptyField -->
        <test-method is-config="true" signature="methodTearDown(java.lang.reflect.Method, org.testng.ITestResult)[pri:0, instance:TestPage.TestDashboard.Backup.TestValidateDb@e8fadb0]" started-at="2020-04-02T15:37:24 GMT+03:00" name="methodTearDown" finished-at="2020-04-02T15:37:24 GMT+03:00" duration-ms="1" status="PASS">
          <params>
            <param index="0">
              <value>
                <![CDATA[public void TestPage.TestDashboard.Backup.TestValidateDb.testCheckShutdownTimeoutEmptyField()]]>
              </value>
            </param>
            <param index="1">
              <value>
                <![CDATA[[TestResult name=testCheckShutdownTimeoutEmptyField status=SUCCESS method=TestValidateDb.testCheckShutdownTimeoutEmptyField()[pri:2, instance:TestPage.TestDashboard.Backup.TestValidateDb@e8fadb0] output={null}]]]>
              </value>
            </param>
          </params>
          <reporter-output>
          </reporter-output>
        </test-method> <!-- methodTearDown -->
        <test-method signature="testCreateValidateBDCorrect()[pri:3, instance:TestPage.TestDashboard.Backup.TestValidateDb@e8fadb0]" started-at="2020-04-02T15:37:24 GMT+03:00" name="testCreateValidateBDCorrect" finished-at="2020-04-02T15:37:59 GMT+03:00" duration-ms="34619" status="PASS">
          <reporter-output>
          </reporter-output>
        </test-method> <!-- testCreateValidateBDCorrect -->
        <test-method is-config="true" signature="methodTearDown(java.lang.reflect.Method, org.testng.ITestResult)[pri:0, instance:TestPage.TestDashboard.Backup.TestValidateDb@e8fadb0]" started-at="2020-04-02T15:37:59 GMT+03:00" name="methodTearDown" finished-at="2020-04-02T15:37:59 GMT+03:00" duration-ms="1" status="PASS">
          <params>
            <param index="0">
              <value>
                <![CDATA[public void TestPage.TestDashboard.Backup.TestValidateDb.testCreateValidateBDCorrect()]]>
              </value>
            </param>
            <param index="1">
              <value>
                <![CDATA[[TestResult name=testCreateValidateBDCorrect status=SUCCESS method=TestValidateDb.testCreateValidateBDCorrect()[pri:3, instance:TestPage.TestDashboard.Backup.TestValidateDb@e8fadb0] output={null}]]]>
              </value>
            </param>
          </params>
          <reporter-output>
          </reporter-output>
        </test-method> <!-- methodTearDown -->
      </class> <!-- TestPage.TestDashboard.Backup.TestValidateDb -->
    </test> <!-- ValidateDb -->
    <test started-at="2020-04-02T15:37:59 GMT+03:00" name="CloudBackup" finished-at="2020-04-02T15:38:32 GMT+03:00" duration-ms="33211">
      <class name="TestPage.TestDashboard.Backup.TestCloudBackupReceiver">
        <test-method is-config="true" signature="classSetUp()[pri:0, instance:TestPage.TestDashboard.Backup.TestCloudBackupReceiver@3eb631b8]" started-at="2020-04-02T15:38:15 GMT+03:00" name="classSetUp" finished-at="2020-04-02T15:38:20 GMT+03:00" duration-ms="5508" status="PASS">
          <reporter-output>
          </reporter-output>
        </test-method> <!-- classSetUp -->
        <test-method signature="testCheckPeriodEmptyField()[pri:1, instance:TestPage.TestDashboard.Backup.TestCloudBackupReceiver@3eb631b8]" started-at="2020-04-02T15:38:20 GMT+03:00" name="testCheckPeriodEmptyField" finished-at="2020-04-02T15:38:23 GMT+03:00" duration-ms="2601" status="PASS">
          <reporter-output>
          </reporter-output>
        </test-method> <!-- testCheckPeriodEmptyField -->
        <test-method is-config="true" signature="methodTearDown(java.lang.reflect.Method, org.testng.ITestResult)[pri:0, instance:TestPage.TestDashboard.Backup.TestCloudBackupReceiver@3eb631b8]" started-at="2020-04-02T15:38:23 GMT+03:00" name="methodTearDown" finished-at="2020-04-02T15:38:23 GMT+03:00" duration-ms="0" status="PASS">
          <params>
            <param index="0">
              <value>
                <![CDATA[public void TestPage.TestDashboard.Backup.TestCloudBackupReceiver.testCheckPeriodEmptyField()]]>
              </value>
            </param>
            <param index="1">
              <value>
                <![CDATA[[TestResult name=testCheckPeriodEmptyField status=SUCCESS method=TestCloudBackupReceiver.testCheckPeriodEmptyField()[pri:1, instance:TestPage.TestDashboard.Backup.TestCloudBackupReceiver@3eb631b8] output={null}]]]>
              </value>
            </param>
          </params>
          <reporter-output>
          </reporter-output>
        </test-method> <!-- methodTearDown -->
        <test-method signature="testCheckWatchIncomingFilesEmptyField()[pri:2, instance:TestPage.TestDashboard.Backup.TestCloudBackupReceiver@3eb631b8]" started-at="2020-04-02T15:38:23 GMT+03:00" name="testCheckWatchIncomingFilesEmptyField" finished-at="2020-04-02T15:38:24 GMT+03:00" duration-ms="1481" status="PASS">
          <reporter-output>
          </reporter-output>
        </test-method> <!-- testCheckWatchIncomingFilesEmptyField -->
        <test-method is-config="true" signature="methodTearDown(java.lang.reflect.Method, org.testng.ITestResult)[pri:0, instance:TestPage.TestDashboard.Backup.TestCloudBackupReceiver@3eb631b8]" started-at="2020-04-02T15:38:24 GMT+03:00" name="methodTearDown" finished-at="2020-04-02T15:38:24 GMT+03:00" duration-ms="1" status="PASS">
          <params>
            <param index="0">
              <value>
                <![CDATA[public void TestPage.TestDashboard.Backup.TestCloudBackupReceiver.testCheckWatchIncomingFilesEmptyField()]]>
              </value>
            </param>
            <param index="1">
              <value>
                <![CDATA[[TestResult name=testCheckWatchIncomingFilesEmptyField status=SUCCESS method=TestCloudBackupReceiver.testCheckWatchIncomingFilesEmptyField()[pri:2, instance:TestPage.TestDashboard.Backup.TestCloudBackupReceiver@3eb631b8] output={null}]]]>
              </value>
            </param>
          </params>
          <reporter-output>
          </reporter-output>
        </test-method> <!-- methodTearDown -->
        <test-method signature="testCheckFilenameTemplateEmptyField()[pri:3, instance:TestPage.TestDashboard.Backup.TestCloudBackupReceiver@3eb631b8]" started-at="2020-04-02T15:38:24 GMT+03:00" name="testCheckFilenameTemplateEmptyField" finished-at="2020-04-02T15:38:26 GMT+03:00" duration-ms="1413" status="PASS">
          <reporter-output>
          </reporter-output>
        </test-method> <!-- testCheckFilenameTemplateEmptyField -->
        <test-method is-config="true" signature="methodTearDown(java.lang.reflect.Method, org.testng.ITestResult)[pri:0, instance:TestPage.TestDashboard.Backup.TestCloudBackupReceiver@3eb631b8]" started-at="2020-04-02T15:38:26 GMT+03:00" name="methodTearDown" finished-at="2020-04-02T15:38:26 GMT+03:00" duration-ms="0" status="PASS">
          <params>
            <param index="0">
              <value>
                <![CDATA[public void TestPage.TestDashboard.Backup.TestCloudBackupReceiver.testCheckFilenameTemplateEmptyField()]]>
              </value>
            </param>
            <param index="1">
              <value>
                <![CDATA[[TestResult name=testCheckFilenameTemplateEmptyField status=SUCCESS method=TestCloudBackupReceiver.testCheckFilenameTemplateEmptyField()[pri:3, instance:TestPage.TestDashboard.Backup.TestCloudBackupReceiver@3eb631b8] output={null}]]]>
              </value>
            </param>
          </params>
          <reporter-output>
          </reporter-output>
        </test-method> <!-- methodTearDown -->
        <test-method signature="testCheckExtensionPackedFilesEmptyField()[pri:4, instance:TestPage.TestDashboard.Backup.TestCloudBackupReceiver@3eb631b8]" started-at="2020-04-02T15:38:26 GMT+03:00" name="testCheckExtensionPackedFilesEmptyField" finished-at="2020-04-02T15:38:27 GMT+03:00" duration-ms="1406" status="PASS">
          <reporter-output>
          </reporter-output>
        </test-method> <!-- testCheckExtensionPackedFilesEmptyField -->
        <test-method is-config="true" signature="methodTearDown(java.lang.reflect.Method, org.testng.ITestResult)[pri:0, instance:TestPage.TestDashboard.Backup.TestCloudBackupReceiver@3eb631b8]" started-at="2020-04-02T15:38:27 GMT+03:00" name="methodTearDown" finished-at="2020-04-02T15:38:27 GMT+03:00" duration-ms="0" status="PASS">
          <params>
            <param index="0">
              <value>
                <![CDATA[public void TestPage.TestDashboard.Backup.TestCloudBackupReceiver.testCheckExtensionPackedFilesEmptyField()]]>
              </value>
            </param>
            <param index="1">
              <value>
                <![CDATA[[TestResult name=testCheckExtensionPackedFilesEmptyField status=SUCCESS method=TestCloudBackupReceiver.testCheckExtensionPackedFilesEmptyField()[pri:4, instance:TestPage.TestDashboard.Backup.TestCloudBackupReceiver@3eb631b8] output={null}]]]>
              </value>
            </param>
          </params>
          <reporter-output>
          </reporter-output>
        </test-method> <!-- methodTearDown -->
        <test-method signature="testCheckDecryptPasswordEmptyField()[pri:5, instance:TestPage.TestDashboard.Backup.TestCloudBackupReceiver@3eb631b8]" started-at="2020-04-02T15:38:27 GMT+03:00" name="testCheckDecryptPasswordEmptyField" finished-at="2020-04-02T15:38:29 GMT+03:00" duration-ms="1457" status="PASS">
          <reporter-output>
          </reporter-output>
        </test-method> <!-- testCheckDecryptPasswordEmptyField -->
        <test-method is-config="true" signature="methodTearDown(java.lang.reflect.Method, org.testng.ITestResult)[pri:0, instance:TestPage.TestDashboard.Backup.TestCloudBackupReceiver@3eb631b8]" started-at="2020-04-02T15:38:29 GMT+03:00" name="methodTearDown" finished-at="2020-04-02T15:38:29 GMT+03:00" duration-ms="1" status="PASS">
          <params>
            <param index="0">
              <value>
                <![CDATA[public void TestPage.TestDashboard.Backup.TestCloudBackupReceiver.testCheckDecryptPasswordEmptyField()]]>
              </value>
            </param>
            <param index="1">
              <value>
                <![CDATA[[TestResult name=testCheckDecryptPasswordEmptyField status=SUCCESS method=TestCloudBackupReceiver.testCheckDecryptPasswordEmptyField()[pri:5, instance:TestPage.TestDashboard.Backup.TestCloudBackupReceiver@3eb631b8] output={null}]]]>
              </value>
            </param>
          </params>
          <reporter-output>
          </reporter-output>
        </test-method> <!-- methodTearDown -->
        <test-method signature="testCheckAlertFileCountIncorrectValue()[pri:6, instance:TestPage.TestDashboard.Backup.TestCloudBackupReceiver@3eb631b8]" started-at="2020-04-02T15:38:29 GMT+03:00" name="testCheckAlertFileCountIncorrectValue" finished-at="2020-04-02T15:38:31 GMT+03:00" duration-ms="1854" status="PASS">
          <reporter-output>
          </reporter-output>
        </test-method> <!-- testCheckAlertFileCountIncorrectValue -->
        <test-method is-config="true" signature="methodTearDown(java.lang.reflect.Method, org.testng.ITestResult)[pri:0, instance:TestPage.TestDashboard.Backup.TestCloudBackupReceiver@3eb631b8]" started-at="2020-04-02T15:38:31 GMT+03:00" name="methodTearDown" finished-at="2020-04-02T15:38:31 GMT+03:00" duration-ms="0" status="PASS">
          <params>
            <param index="0">
              <value>
                <![CDATA[public void TestPage.TestDashboard.Backup.TestCloudBackupReceiver.testCheckAlertFileCountIncorrectValue()]]>
              </value>
            </param>
            <param index="1">
              <value>
                <![CDATA[[TestResult name=testCheckAlertFileCountIncorrectValue status=SUCCESS method=TestCloudBackupReceiver.testCheckAlertFileCountIncorrectValue()[pri:6, instance:TestPage.TestDashboard.Backup.TestCloudBackupReceiver@3eb631b8] output={null}]]]>
              </value>
            </param>
          </params>
          <reporter-output>
          </reporter-output>
        </test-method> <!-- methodTearDown -->
        <test-method signature="testCheckAlertFileAgeEmptyField()[pri:7, instance:TestPage.TestDashboard.Backup.TestCloudBackupReceiver@3eb631b8]" started-at="2020-04-02T15:38:31 GMT+03:00" name="testCheckAlertFileAgeEmptyField" finished-at="2020-04-02T15:38:32 GMT+03:00" duration-ms="1470" status="PASS">
          <reporter-output>
          </reporter-output>
        </test-method> <!-- testCheckAlertFileAgeEmptyField -->
        <test-method is-config="true" signature="methodTearDown(java.lang.reflect.Method, org.testng.ITestResult)[pri:0, instance:TestPage.TestDashboard.Backup.TestCloudBackupReceiver@3eb631b8]" started-at="2020-04-02T15:38:32 GMT+03:00" name="methodTearDown" finished-at="2020-04-02T15:38:32 GMT+03:00" duration-ms="0" status="PASS">
          <params>
            <param index="0">
              <value>
                <![CDATA[public void TestPage.TestDashboard.Backup.TestCloudBackupReceiver.testCheckAlertFileAgeEmptyField()]]>
              </value>
            </param>
            <param index="1">
              <value>
                <![CDATA[[TestResult name=testCheckAlertFileAgeEmptyField status=SUCCESS method=TestCloudBackupReceiver.testCheckAlertFileAgeEmptyField()[pri:7, instance:TestPage.TestDashboard.Backup.TestCloudBackupReceiver@3eb631b8] output={null}]]]>
              </value>
            </param>
          </params>
          <reporter-output>
          </reporter-output>
        </test-method> <!-- methodTearDown -->
      </class> <!-- TestPage.TestDashboard.Backup.TestCloudBackupReceiver -->
      <class name="TestPage.TestDashboard.Backup.TestCloudBackup">
        <test-method is-config="true" signature="classSetUp()[pri:0, instance:TestPage.TestDashboard.Backup.TestCloudBackup@6719a5b8]" started-at="2020-04-02T15:37:59 GMT+03:00" name="classSetUp" finished-at="2020-04-02T15:38:05 GMT+03:00" duration-ms="5876" status="PASS">
          <reporter-output>
          </reporter-output>
        </test-method> <!-- classSetUp -->
        <test-method signature="testCheckPeriodEmptyField()[pri:1, instance:TestPage.TestDashboard.Backup.TestCloudBackup@6719a5b8]" started-at="2020-04-02T15:38:05 GMT+03:00" name="testCheckPeriodEmptyField" finished-at="2020-04-02T15:38:05 GMT+03:00" duration-ms="333" status="PASS">
          <reporter-output>
          </reporter-output>
        </test-method> <!-- testCheckPeriodEmptyField -->
        <test-method is-config="true" signature="methodTearDown(java.lang.reflect.Method, org.testng.ITestResult)[pri:0, instance:TestPage.TestDashboard.Backup.TestCloudBackup@6719a5b8]" started-at="2020-04-02T15:38:05 GMT+03:00" name="methodTearDown" finished-at="2020-04-02T15:38:05 GMT+03:00" duration-ms="0" status="PASS">
          <params>
            <param index="0">
              <value>
                <![CDATA[public void TestPage.TestDashboard.Backup.TestCloudBackup.testCheckPeriodEmptyField()]]>
              </value>
            </param>
            <param index="1">
              <value>
                <![CDATA[[TestResult name=testCheckPeriodEmptyField status=SUCCESS method=TestCloudBackup.testCheckPeriodEmptyField()[pri:1, instance:TestPage.TestDashboard.Backup.TestCloudBackup@6719a5b8] output={null}]]]>
              </value>
            </param>
          </params>
          <reporter-output>
          </reporter-output>
        </test-method> <!-- methodTearDown -->
        <test-method signature="testCheckMonitorFolderEmptyField()[pri:2, instance:TestPage.TestDashboard.Backup.TestCloudBackup@6719a5b8]" started-at="2020-04-02T15:38:05 GMT+03:00" name="testCheckMonitorFolderEmptyField" finished-at="2020-04-02T15:38:06 GMT+03:00" duration-ms="1213" status="PASS">
          <reporter-output>
          </reporter-output>
        </test-method> <!-- testCheckMonitorFolderEmptyField -->
        <test-method is-config="true" signature="methodTearDown(java.lang.reflect.Method, org.testng.ITestResult)[pri:0, instance:TestPage.TestDashboard.Backup.TestCloudBackup@6719a5b8]" started-at="2020-04-02T15:38:06 GMT+03:00" name="methodTearDown" finished-at="2020-04-02T15:38:06 GMT+03:00" duration-ms="0" status="PASS">
          <params>
            <param index="0">
              <value>
                <![CDATA[public void TestPage.TestDashboard.Backup.TestCloudBackup.testCheckMonitorFolderEmptyField()]]>
              </value>
            </param>
            <param index="1">
              <value>
                <![CDATA[[TestResult name=testCheckMonitorFolderEmptyField status=SUCCESS method=TestCloudBackup.testCheckMonitorFolderEmptyField()[pri:2, instance:TestPage.TestDashboard.Backup.TestCloudBackup@6719a5b8] output={null}]]]>
              </value>
            </param>
          </params>
          <reporter-output>
          </reporter-output>
        </test-method> <!-- methodTearDown -->
        <test-method signature="testCheckFilenameTemplateEmptyField()[pri:3, instance:TestPage.TestDashboard.Backup.TestCloudBackup@6719a5b8]" started-at="2020-04-02T15:38:06 GMT+03:00" name="testCheckFilenameTemplateEmptyField" finished-at="2020-04-02T15:38:07 GMT+03:00" duration-ms="1081" status="PASS">
          <reporter-output>
          </reporter-output>
        </test-method> <!-- testCheckFilenameTemplateEmptyField -->
        <test-method is-config="true" signature="methodTearDown(java.lang.reflect.Method, org.testng.ITestResult)[pri:0, instance:TestPage.TestDashboard.Backup.TestCloudBackup@6719a5b8]" started-at="2020-04-02T15:38:07 GMT+03:00" name="methodTearDown" finished-at="2020-04-02T15:38:07 GMT+03:00" duration-ms="1" status="PASS">
          <params>
            <param index="0">
              <value>
                <![CDATA[public void TestPage.TestDashboard.Backup.TestCloudBackup.testCheckFilenameTemplateEmptyField()]]>
              </value>
            </param>
            <param index="1">
              <value>
                <![CDATA[[TestResult name=testCheckFilenameTemplateEmptyField status=SUCCESS method=TestCloudBackup.testCheckFilenameTemplateEmptyField()[pri:3, instance:TestPage.TestDashboard.Backup.TestCloudBackup@6719a5b8] output={null}]]]>
              </value>
            </param>
          </params>
          <reporter-output>
          </reporter-output>
        </test-method> <!-- methodTearDown -->
        <test-method signature="testCheckFiledConnectionFtpEmptyField()[pri:4, instance:TestPage.TestDashboard.Backup.TestCloudBackup@6719a5b8]" started-at="2020-04-02T15:38:07 GMT+03:00" name="testCheckFiledConnectionFtpEmptyField" finished-at="2020-04-02T15:38:08 GMT+03:00" duration-ms="1086" status="PASS">
          <reporter-output>
          </reporter-output>
        </test-method> <!-- testCheckFiledConnectionFtpEmptyField -->
        <test-method is-config="true" signature="methodTearDown(java.lang.reflect.Method, org.testng.ITestResult)[pri:0, instance:TestPage.TestDashboard.Backup.TestCloudBackup@6719a5b8]" started-at="2020-04-02T15:38:08 GMT+03:00" name="methodTearDown" finished-at="2020-04-02T15:38:08 GMT+03:00" duration-ms="0" status="PASS">
          <params>
            <param index="0">
              <value>
                <![CDATA[public void TestPage.TestDashboard.Backup.TestCloudBackup.testCheckFiledConnectionFtpEmptyField()]]>
              </value>
            </param>
            <param index="1">
              <value>
                <![CDATA[[TestResult name=testCheckFiledConnectionFtpEmptyField status=SUCCESS method=TestCloudBackup.testCheckFiledConnectionFtpEmptyField()[pri:4, instance:TestPage.TestDashboard.Backup.TestCloudBackup@6719a5b8] output={null}]]]>
              </value>
            </param>
          </params>
          <reporter-output>
          </reporter-output>
        </test-method> <!-- methodTearDown -->
        <test-method signature="testCheckKeepNSourceFilesFieldEmptyField()[pri:5, instance:TestPage.TestDashboard.Backup.TestCloudBackup@6719a5b8]" started-at="2020-04-02T15:38:08 GMT+03:00" name="testCheckKeepNSourceFilesFieldEmptyField" finished-at="2020-04-02T15:38:10 GMT+03:00" duration-ms="1117" status="PASS">
          <reporter-output>
          </reporter-output>
        </test-method> <!-- testCheckKeepNSourceFilesFieldEmptyField -->
        <test-method is-config="true" signature="methodTearDown(java.lang.reflect.Method, org.testng.ITestResult)[pri:0, instance:TestPage.TestDashboard.Backup.TestCloudBackup@6719a5b8]" started-at="2020-04-02T15:38:10 GMT+03:00" name="methodTearDown" finished-at="2020-04-02T15:38:10 GMT+03:00" duration-ms="1" status="PASS">
          <params>
            <param index="0">
              <value>
[...]
          <reporter-output>
          </reporter-output>
        </test-method> <!-- testCreateReplicaAsync_CheckSelectTable -->
        <test-method is-config="true" signature="methodTearDown(java.lang.reflect.Method, org.testng.ITestResult)[pri:0, instance:TestPage.TestDashboard.Replica.TestReplica@72458efc]" started-at="2020-04-02T15:42:56 GMT+03:00" name="methodTearDown" finished-at="2020-04-02T15:42:56 GMT+03:00" duration-ms="0" status="PASS">
          <params>
            <param index="0">
              <value>
                <![CDATA[public void TestPage.TestDashboard.Replica.TestReplica.testCreateReplicaAsync_CheckSelectTable() throws java.io.IOException]]>
              </value>
            </param>
            <param index="1">
              <value>
                <![CDATA[[TestResult name=testCreateReplicaAsync_CheckSelectTable status=SUCCESS method=TestReplica.testCreateReplicaAsync_CheckSelectTable()[pri:15, instance:TestPage.TestDashboard.Replica.TestReplica@72458efc] output={null}]]]>
              </value>
            </param>
          </params>
          <reporter-output>
          </reporter-output>
        </test-method> <!-- methodTearDown -->
      </class> <!-- TestPage.TestDashboard.Replica.TestReplica -->
    </test> <!-- Replica -->
    <test started-at="2020-04-02T15:42:56 GMT+03:00" name="TransactionMonitoring" finished-at="2020-04-02T15:43:06 GMT+03:00" duration-ms="9852">
      <class name="TestPage.TestPerformance.TestTransactionMonitoring">
        <test-method is-config="true" signature="classSetUp()[pri:0, instance:TestPage.TestPerformance.TestTransactionMonitoring@1c12f3ee]" started-at="2020-04-02T15:42:56 GMT+03:00" name="classSetUp" finished-at="2020-04-02T15:42:58 GMT+03:00" duration-ms="2550" status="PASS">
          <reporter-output>
          </reporter-output>
        </test-method> <!-- classSetUp -->
        <test-method signature="testCheckPeriodEmptyField()[pri:1, instance:TestPage.TestPerformance.TestTransactionMonitoring@1c12f3ee]" started-at="2020-04-02T15:42:58 GMT+03:00" name="testCheckPeriodEmptyField" finished-at="2020-04-02T15:43:01 GMT+03:00" duration-ms="2458" status="PASS">
          <reporter-output>
          </reporter-output>
        </test-method> <!-- testCheckPeriodEmptyField -->
        <test-method is-config="true" signature="methodTearDown(java.lang.reflect.Method, org.testng.ITestResult)[pri:0, instance:TestPage.TestPerformance.TestTransactionMonitoring@1c12f3ee]" started-at="2020-04-02T15:43:01 GMT+03:00" name="methodTearDown" finished-at="2020-04-02T15:43:01 GMT+03:00" duration-ms="0" status="PASS">
          <params>
            <param index="0">
              <value>
                <![CDATA[public void TestPage.TestPerformance.TestTransactionMonitoring.testCheckPeriodEmptyField()]]>
              </value>
            </param>
            <param index="1">
              <value>
                <![CDATA[[TestResult name=testCheckPeriodEmptyField status=SUCCESS method=TestTransactionMonitoring.testCheckPeriodEmptyField()[pri:1, instance:TestPage.TestPerformance.TestTransactionMonitoring@1c12f3ee] output={null}]]]>
              </value>
            </param>
          </params>
          <reporter-output>
          </reporter-output>
        </test-method> <!-- methodTearDown -->
        <test-method signature="testCheckFieldOutputFolderEmptyValue()[pri:2, instance:TestPage.TestPerformance.TestTransactionMonitoring@1c12f3ee]" started-at="2020-04-02T15:43:01 GMT+03:00" name="testCheckFieldOutputFolderEmptyValue" finished-at="2020-04-02T15:43:02 GMT+03:00" duration-ms="900" status="PASS">
          <reporter-output>
          </reporter-output>
        </test-method> <!-- testCheckFieldOutputFolderEmptyValue -->
        <test-method is-config="true" signature="methodTearDown(java.lang.reflect.Method, org.testng.ITestResult)[pri:0, instance:TestPage.TestPerformance.TestTransactionMonitoring@1c12f3ee]" started-at="2020-04-02T15:43:02 GMT+03:00" name="methodTearDown" finished-at="2020-04-02T15:43:02 GMT+03:00" duration-ms="1" status="PASS">
          <params>
            <param index="0">
              <value>
                <![CDATA[public void TestPage.TestPerformance.TestTransactionMonitoring.testCheckFieldOutputFolderEmptyValue()]]>
              </value>
            </param>
            <param index="1">
              <value>
                <![CDATA[[TestResult name=testCheckFieldOutputFolderEmptyValue status=SUCCESS method=TestTransactionMonitoring.testCheckFieldOutputFolderEmptyValue()[pri:2, instance:TestPage.TestPerformance.TestTransactionMonitoring@1c12f3ee] output={null}]]]>
              </value>
            </param>
          </params>
          <reporter-output>
          </reporter-output>
        </test-method> <!-- methodTearDown -->
        <test-method signature="testCheckFiledShowTransactionsOlderEmptyValue()[pri:3, instance:TestPage.TestPerformance.TestTransactionMonitoring@1c12f3ee]" started-at="2020-04-02T15:43:02 GMT+03:00" name="testCheckFiledShowTransactionsOlderEmptyValue" finished-at="2020-04-02T15:43:03 GMT+03:00" duration-ms="860" status="PASS">
          <reporter-output>
          </reporter-output>
        </test-method> <!-- testCheckFiledShowTransactionsOlderEmptyValue -->
        <test-method is-config="true" signature="methodTearDown(java.lang.reflect.Method, org.testng.ITestResult)[pri:0, instance:TestPage.TestPerformance.TestTransactionMonitoring@1c12f3ee]" started-at="2020-04-02T15:43:03 GMT+03:00" name="methodTearDown" finished-at="2020-04-02T15:43:03 GMT+03:00" duration-ms="0" status="PASS">
          <params>
            <param index="0">
              <value>
                <![CDATA[public void TestPage.TestPerformance.TestTransactionMonitoring.testCheckFiledShowTransactionsOlderEmptyValue()]]>
              </value>
            </param>
            <param index="1">
              <value>
                <![CDATA[[TestResult name=testCheckFiledShowTransactionsOlderEmptyValue status=SUCCESS method=TestTransactionMonitoring.testCheckFiledShowTransactionsOlderEmptyValue()[pri:3, instance:TestPage.TestPerformance.TestTransactionMonitoring@1c12f3ee] output={null}]]]>
              </value>
            </param>
          </params>
          <reporter-output>
          </reporter-output>
        </test-method> <!-- methodTearDown -->
        <test-method signature="testCreateFiledShowTransactionsOlderNumbNegativeValue()[pri:4, instance:TestPage.TestPerformance.TestTransactionMonitoring@1c12f3ee]" started-at="2020-04-02T15:43:03 GMT+03:00" name="testCreateFiledShowTransactionsOlderNumbNegativeValue" finished-at="2020-04-02T15:43:03 GMT+03:00" duration-ms="250" status="PASS">
          <reporter-output>
          </reporter-output>
        </test-method> <!-- testCreateFiledShowTransactionsOlderNumbNegativeValue -->
        <test-method is-config="true" signature="methodTearDown(java.lang.reflect.Method, org.testng.ITestResult)[pri:0, instance:TestPage.TestPerformance.TestTransactionMonitoring@1c12f3ee]" started-at="2020-04-02T15:43:03 GMT+03:00" name="methodTearDown" finished-at="2020-04-02T15:43:03 GMT+03:00" duration-ms="0" status="PASS">
          <params>
            <param index="0">
              <value>
                <![CDATA[public void TestPage.TestPerformance.TestTransactionMonitoring.testCreateFiledShowTransactionsOlderNumbNegativeValue()]]>
              </value>
            </param>
            <param index="1">
              <value>
                <![CDATA[[TestResult name=testCreateFiledShowTransactionsOlderNumbNegativeValue status=SUCCESS method=TestTransactionMonitoring.testCreateFiledShowTransactionsOlderNumbNegativeValue()[pri:4, instance:TestPage.TestPerformance.TestTransactionMonitoring@1c12f3ee] output={null}]]]>
              </value>
            </param>
          </params>
          <reporter-output>
          </reporter-output>
        </test-method> <!-- methodTearDown -->
        <test-method signature="testCheckSendAlertOldestActiveTransactionEmptyValue()[pri:5, instance:TestPage.TestPerformance.TestTransactionMonitoring@1c12f3ee]" started-at="2020-04-02T15:43:03 GMT+03:00" name="testCheckSendAlertOldestActiveTransactionEmptyValue" finished-at="2020-04-02T15:43:04 GMT+03:00" duration-ms="851" status="PASS">
          <reporter-output>
          </reporter-output>
        </test-method> <!-- testCheckSendAlertOldestActiveTransactionEmptyValue -->
        <test-method is-config="true" signature="methodTearDown(java.lang.reflect.Method, org.testng.ITestResult)[pri:0, instance:TestPage.TestPerformance.TestTransactionMonitoring@1c12f3ee]" started-at="2020-04-02T15:43:04 GMT+03:00" name="methodTearDown" finished-at="2020-04-02T15:43:04 GMT+03:00" duration-ms="1" status="PASS">
          <params>
            <param index="0">
              <value>
                <![CDATA[public void TestPage.TestPerformance.TestTransactionMonitoring.testCheckSendAlertOldestActiveTransactionEmptyValue()]]>
              </value>
            </param>
            <param index="1">
              <value>
                <![CDATA[[TestResult name=testCheckSendAlertOldestActiveTransactionEmptyValue status=SUCCESS method=TestTransactionMonitoring.testCheckSendAlertOldestActiveTransactionEmptyValue()[pri:5, instance:TestPage.TestPerformance.TestTransactionMonitoring@1c12f3ee] output={null}]]]>
              </value>
            </param>
          </params>
          <reporter-output>
          </reporter-output>
        </test-method> <!-- methodTearDown -->
        <test-method signature="testCreateSendAlertOldestActiveTransactionNumbNegativeValue()[pri:6, instance:TestPage.TestPerformance.TestTransactionMonitoring@1c12f3ee]" started-at="2020-04-02T15:43:04 GMT+03:00" name="testCreateSendAlertOldestActiveTransactionNumbNegativeValue" finished-at="2020-04-02T15:43:04 GMT+03:00" duration-ms="290" status="PASS">
          <reporter-output>
          </reporter-output>
        </test-method> <!-- testCreateSendAlertOldestActiveTransactionNumbNegativeValue -->
        <test-method is-config="true" signature="methodTearDown(java.lang.reflect.Method, org.testng.ITestResult)[pri:0, instance:TestPage.TestPerformance.TestTransactionMonitoring@1c12f3ee]" started-at="2020-04-02T15:43:04 GMT+03:00" name="methodTearDown" finished-at="2020-04-02T15:43:04 GMT+03:00" duration-ms="0" status="PASS">
          <params>
            <param index="0">
              <value>
                <![CDATA[public void TestPage.TestPerformance.TestTransactionMonitoring.testCreateSendAlertOldestActiveTransactionNumbNegativeValue()]]>
              </value>
            </param>
            <param index="1">
              <value>
                <![CDATA[[TestResult name=testCreateSendAlertOldestActiveTransactionNumbNegativeValue status=SUCCESS method=TestTransactionMonitoring.testCreateSendAlertOldestActiveTransactionNumbNegativeValue()[pri:6, instance:TestPage.TestPerformance.TestTransactionMonitoring@1c12f3ee] output={null}]]]>
              </value>
            </param>
          </params>
          <reporter-output>
          </reporter-output>
        </test-method> <!-- methodTearDown -->
        <test-method signature="testCheckShowOnlyNNOldestActiveTransactionsEmptyValue()[pri:7, instance:TestPage.TestPerformance.TestTransactionMonitoring@1c12f3ee]" started-at="2020-04-02T15:43:04 GMT+03:00" name="testCheckShowOnlyNNOldestActiveTransactionsEmptyValue" finished-at="2020-04-02T15:43:05 GMT+03:00" duration-ms="1399" status="PASS">
          <reporter-output>
          </reporter-output>
        </test-method> <!-- testCheckShowOnlyNNOldestActiveTransactionsEmptyValue -->
        <test-method is-config="true" signature="methodTearDown(java.lang.reflect.Method, org.testng.ITestResult)[pri:0, instance:TestPage.TestPerformance.TestTransactionMonitoring@1c12f3ee]" started-at="2020-04-02T15:43:05 GMT+03:00" name="methodTearDown" finished-at="2020-04-02T15:43:05 GMT+03:00" duration-ms="1" status="PASS">
          <params>
            <param index="0">
              <value>
                <![CDATA[public void TestPage.TestPerformance.TestTransactionMonitoring.testCheckShowOnlyNNOldestActiveTransactionsEmptyValue()]]>
              </value>
            </param>
            <param index="1">
              <value>
                <![CDATA[[TestResult name=testCheckShowOnlyNNOldestActiveTransactionsEmptyValue status=SUCCESS method=TestTransactionMonitoring.testCheckShowOnlyNNOldestActiveTransactionsEmptyValue()[pri:7, instance:TestPage.TestPerformance.TestTransactionMonitoring@1c12f3ee] output={null}]]]>
              </value>
            </param>
          </params>
          <reporter-output>
          </reporter-output>
        </test-method> <!-- methodTearDown -->
        <test-method signature="testCreateShowOnlyNNOldestActiveTransactionsNumbNegativeValue()[pri:8, instance:TestPage.TestPerformance.TestTransactionMonitoring@1c12f3ee]" started-at="2020-04-02T15:43:05 GMT+03:00" name="testCreateShowOnlyNNOldestActiveTransactionsNumbNegativeValue" finished-at="2020-04-02T15:43:06 GMT+03:00" duration-ms="263" status="PASS">
          <reporter-output>
          </reporter-output>
        </test-method> <!-- testCreateShowOnlyNNOldestActiveTransactionsNumbNegativeValue -->
        <test-method is-config="true" signature="methodTearDown(java.lang.reflect.Method, org.testng.ITestResult)[pri:0, instance:TestPage.TestPerformance.TestTransactionMonitoring@1c12f3ee]" started-at="2020-04-02T15:43:06 GMT+03:00" name="methodTearDown" finished-at="2020-04-02T15:43:06 GMT+03:00" duration-ms="1" status="PASS">
          <params>
            <param index="0">
              <value>
                <![CDATA[public void TestPage.TestPerformance.TestTransactionMonitoring.testCreateShowOnlyNNOldestActiveTransactionsNumbNegativeValue()]]>
              </value>
            </param>
            <param index="1">
              <value>
                <![CDATA[[TestResult name=testCreateShowOnlyNNOldestActiveTransactionsNumbNegativeValue status=SUCCESS method=TestTransactionMonitoring.testCreateShowOnlyNNOldestActiveTransactionsNumbNegativeValue()[pri:8, instance:TestPage.TestPerformance.TestTransactionMonitoring@1c12f3ee] output={null}]]]>
              </value>
            </param>
          </params>
          <reporter-output>
          </reporter-output>
        </test-method> <!-- methodTearDown -->
      </class> <!-- TestPage.TestPerformance.TestTransactionMonitoring -->
    </test> <!-- TransactionMonitoring -->
    <test started-at="2020-04-02T15:43:06 GMT+03:00" name="PerformanceMonitoring" finished-at="2020-04-02T15:43:13 GMT+03:00" duration-ms="7401">
      <class name="TestPage.TestPerformance.TestPerformanceMonitoring">
        <test-method is-config="true" signature="suiteSetUp(java.lang.String, java.lang.String, java.lang.String, java.lang.String)[pri:0, instance:TestPage.TestPerformance.TestPerformanceMonitoring@5183d589]" started-at="2020-04-02T15:30:36 GMT+03:00" name="suiteSetUp" finished-at="2020-04-02T15:32:35 GMT+03:00" duration-ms="119390" status="PASS">
          <params>
            <param index="0">
              <value>
                <![CDATA[chrome]]>
              </value>
            </param>
            <param index="1">
              <value>
                <![CDATA[http://admin:strong password@localhost:8082/]]>
              </value>
            </param>
            <param index="2">
              <value>
                <![CDATA[C:\HQBirdData\]]>
              </value>
            </param>
            <param index="3">
              <value>
                <![CDATA[C:\HQbird\Firebird30\]]>
              </value>
            </param>
          </params>
          <reporter-output>
          </reporter-output>
        </test-method> <!-- suiteSetUp -->
        <test-method is-config="true" signature="classSetUp()[pri:0, instance:TestPage.TestPerformance.TestPerformanceMonitoring@5183d589]" started-at="2020-04-02T15:43:06 GMT+03:00" name="classSetUp" finished-at="2020-04-02T15:43:08 GMT+03:00" duration-ms="2575" status="PASS">
          <reporter-output>
          </reporter-output>
        </test-method> <!-- classSetUp -->
        <test-method signature="testCheckPeriodEmptyField()[pri:1, instance:TestPage.TestPerformance.TestPerformanceMonitoring@5183d589]" started-at="2020-04-02T15:43:08 GMT+03:00" name="testCheckPeriodEmptyField" finished-at="2020-04-02T15:43:11 GMT+03:00" duration-ms="2896" status="PASS">
          <reporter-output>
          </reporter-output>
        </test-method> <!-- testCheckPeriodEmptyField -->
        <test-method is-config="true" signature="methodTearDown(java.lang.reflect.Method, org.testng.ITestResult)[pri:0, instance:TestPage.TestPerformance.TestPerformanceMonitoring@5183d589]" started-at="2020-04-02T15:43:11 GMT+03:00" name="methodTearDown" finished-at="2020-04-02T15:43:11 GMT+03:00" duration-ms="0" status="PASS">
          <params>
            <param index="0">
              <value>
                <![CDATA[public void TestPage.TestPerformance.TestPerformanceMonitoring.testCheckPeriodEmptyField()]]>
              </value>
            </param>
            <param index="1">
              <value>
                <![CDATA[[TestResult name=testCheckPeriodEmptyField status=SUCCESS method=TestPerformanceMonitoring.testCheckPeriodEmptyField()[pri:1, instance:TestPage.TestPerformance.TestPerformanceMonitoring@5183d589] output={null}]]]>
              </value>
            </param>
          </params>
          <reporter-output>
          </reporter-output>
        </test-method> <!-- methodTearDown -->
        <test-method signature="testCheckFieldOutputFolderEmptyValue()[pri:2, instance:TestPage.TestPerformance.TestPerformanceMonitoring@5183d589]" started-at="2020-04-02T15:43:11 GMT+03:00" name="testCheckFieldOutputFolderEmptyValue" finished-at="2020-04-02T15:43:13 GMT+03:00" duration-ms="1926" status="PASS">
          <reporter-output>
          </reporter-output>
        </test-method> <!-- testCheckFieldOutputFolderEmptyValue -->
        <test-method is-config="true" signature="methodTearDown(java.lang.reflect.Method, org.testng.ITestResult)[pri:0, instance:TestPage.TestPerformance.TestPerformanceMonitoring@5183d589]" started-at="2020-04-02T15:43:13 GMT+03:00" name="methodTearDown" finished-at="2020-04-02T15:43:13 GMT+03:00" duration-ms="0" status="PASS">
          <params>
            <param index="0">
              <value>
                <![CDATA[public void TestPage.TestPerformance.TestPerformanceMonitoring.testCheckFieldOutputFolderEmptyValue()]]>
              </value>
            </param>
            <param index="1">
              <value>
                <![CDATA[[TestResult name=testCheckFieldOutputFolderEmptyValue status=SUCCESS method=TestPerformanceMonitoring.testCheckFieldOutputFolderEmptyValue()[pri:2, instance:TestPage.TestPerformance.TestPerformanceMonitoring@5183d589] output={null}]]]>
              </value>
            </param>
          </params>
          <reporter-output>
          </reporter-output>
        </test-method> <!-- methodTearDown -->
        <test-method is-config="true" signature="suiteTearDown()[pri:0, instance:TestPage.TestPerformance.TestPerformanceMonitoring@5183d589]" started-at="2020-04-02T15:43:13 GMT+03:00" name="suiteTearDown" finished-at="2020-04-02T15:43:14 GMT+03:00" duration-ms="678" status="PASS">
          <reporter-output>
          </reporter-output>
        </test-method> <!-- suiteTearDown -->
      </class> <!-- TestPage.TestPerformance.TestPerformanceMonitoring -->
    </test> <!-- PerformanceMonitoring -->
  </suite> <!-- TestOne -->
</testng-results>
