<?xml version="1.0" encoding="UTF-8"?>
<testsuite xmlns:xsi="http://www.w3.org/2001/XMLSchema-instance" xsi:noNamespaceSchemaLocation="https://maven.apache.org/surefire/maven-surefire-plugin/xsd/surefire-test-report-3.0.xsd" version="3.0" name="TestSuite" time="760.128" tests="120" errors="0" skipped="0" failures="1">
  <properties>
[...]
</properties>
  <testcase name="testAddDbEmptyPath" classname="TestPage.TestDashboard.TestDatabase" time="0.534"/>
  <testcase name="testAddDbEmptyName" classname="TestPage.TestDashboard.TestDatabase" time="0.513"/>
  <testcase name="testAddDbIncorrectPath" classname="TestPage.TestDashboard.TestDatabase" time="0.41"/>
  <testcase name="testAddDbIncorrectAlias" classname="TestPage.TestDashboard.TestDatabase" time="0.653"/>
  <testcase name="testAddDbCorrect" classname="TestPage.TestDashboard.TestDatabase" time="6.405"/>
  <testcase name="testAddDbAlreadyExist" classname="TestPage.TestDashboard.TestDatabase" time="2.557"/>
  <testcase name="testCreateVerifiedBackupScheduleIncorrect" classname="TestPage.TestDashboard.Backup.TestVerifiedBackup" time="1.793"/>
  <testcase name="testCreateVerifiedBackupMaxNumbNegative" classname="TestPage.TestDashboard.Backup.TestVerifiedBackup" time="0.653"/>
  <testcase name="testCreateVerifiedBackupMaxNumbNotNumbers" classname="TestPage.TestDashboard.Backup.TestVerifiedBackup" time="0.678"/>
  <testcase name="testCreateVerifiedBackupCorrect" classname="TestPage.TestDashboard.Backup.TestVerifiedBackup" time="35.473"/>
  <testcase name="testCreateIncrementalBackupMaxDurationEmpty" classname="TestPage.TestDashboard.Backup.TestIncrementalBackup" time="3.839"/>
  <testcase name="testCreateIncrementalBackupMinFreeSpaceEmpty" classname="TestPage.TestDashboard.Backup.TestIncrementalBackup" time="3.696"/>
  <testcase name="testCreateIncrementalBackupPathFolderEmpty" classname="TestPage.TestDashboard.Backup.TestIncrementalBackup" time="3.65"/>
  <testcase name="testCreateIncrementalBackupJournalFolderEmpty" classname="TestPage.TestDashboard.Backup.TestIncrementalBackup" time="3.671"/>
  <testcase name="testCreateIncrementalBackupPerformBackupEmpty" classname="TestPage.TestDashboard.Backup.TestIncrementalBackup" time="3.632"/>
  <testcase name="testCreateIncrementalBackupCorrect" classname="TestPage.TestDashboard.Backup.TestIncrementalBackup" time="36.677"/>
  <testcase name="testCreateDumpBackupScheduleIncorrect" classname="TestPage.TestDashboard.Backup.TestDumpBackup" time="1.068"/>
  <testcase name="testCreateDumpBackupMinFreeSpaceEmpty" classname="TestPage.TestDashboard.Backup.TestDumpBackup" time="0.997"/>
  <testcase name="testCreateDumpBackupPathFolderEmpty" classname="TestPage.TestDashboard.Backup.TestDumpBackup" time="1.169"/>
  <testcase name="testCreateDumpBackupMaxNumbFilesEmpty" classname="TestPage.TestDashboard.Backup.TestDumpBackup" time="0.884"/>
  <testcase name="testCreateDumpBackupCorrect" classname="TestPage.TestDashboard.Backup.TestDumpBackup" time="33.838"/>
  <testcase name="testCreateRestoreDbScheduleIncorrect" classname="TestPage.TestDashboard.Backup.TestRestoreDb" time="2.087"/>
  <testcase name="testCreateRestoreDbBackupFolderEmptyField" classname="TestPage.TestDashboard.Backup.TestRestoreDb" time="1.909"/>
  <testcase name="testCreateRestoreDbPathTemplateBackupFolderEmptyField" classname="TestPage.TestDashboard.Backup.TestRestoreDb" time="1.915"/>
  <testcase name="testCreateRestoreTimeTakeBackupEmptyField" classname="TestPage.TestDashboard.Backup.TestRestoreDb" time="1.931"/>
  <testcase name="testCreateRestoreDbPathRestoreFolderEmptyField" classname="TestPage.TestDashboard.Backup.TestRestoreDb" time="1.891"/>
  <testcase name="testCreateRestoreDbRestoreFileNameEmptyField" classname="TestPage.TestDashboard.Backup.TestRestoreDb" time="1.922"/>
  <testcase name="testCreateRestoreDbSuffixFileNameEmptyField" classname="TestPage.TestDashboard.Backup.TestRestoreDb" time="1.946"/>
  <testcase name="testCreateRestoreDbLimitProcessTimeEmptyField" classname="TestPage.TestDashboard.Backup.TestRestoreDb" time="1.951"/>
  <testcase name="testCreateRestoreDbMinFreeSpaceEmptyField" classname="TestPage.TestDashboard.Backup.TestRestoreDb" time="1.919"/>
  <testcase name="testCreateRestoreDbCorrect" classname="TestPage.TestDashboard.Backup.TestRestoreDb" time="35.335"/>
  <testcase name="testCheckScheduleIncorrect" classname="TestPage.TestDashboard.Backup.TestSqlPing" time="1.483"/>
  <testcase name="testCheckSqlQueryEmptyField" classname="TestPage.TestDashboard.Backup.TestSqlPing" time="1.471"/>
  <testcase name="testCreateSqlPingCorrect" classname="TestPage.TestDashboard.Backup.TestSqlPing" time="45.154">
    <failure message="Status sql ping not OK expected [OK] but found [IMPORTANT]" type="java.lang.AssertionError"><![CDATA[java.lang.AssertionError: Status sql ping not OK expected [OK] but found [IMPORTANT]
	at TestPage.TestDashboard.Backup.TestSqlPing.testCreateSqlPingCorrect(TestSqlPing.java:101)
]]></failure>
    <system-err><![CDATA[testCreateSqlPingCorrect - Failure
]]></system-err>
  </testcase>
  <testcase name="testCheckScheduleIncorrectField" classname="TestPage.TestDashboard.Backup.TestValidateDb" time="1.459"/>
  <testcase name="testCheckShutdownTimeoutEmptyField" classname="TestPage.TestDashboard.Backup.TestValidateDb" time="0.596"/>
  <testcase name="testCreateValidateBDCorrect" classname="TestPage.TestDashboard.Backup.TestValidateDb" time="34.621"/>
  <testcase name="testCheckPeriodEmptyField" classname="TestPage.TestDashboard.Backup.TestCloudBackup" time="0.336"/>
  <testcase name="testCheckMonitorFolderEmptyField" classname="TestPage.TestDashboard.Backup.TestCloudBackup" time="1.215"/>
  <testcase name="testCheckFilenameTemplateEmptyField" classname="TestPage.TestDashboard.Backup.TestCloudBackup" time="1.083"/>
  <testcase name="testCheckFiledConnectionFtpEmptyField" classname="TestPage.TestDashboard.Backup.TestCloudBackup" time="1.086"/>
  <testcase name="testCheckKeepNSourceFilesFieldEmptyField" classname="TestPage.TestDashboard.Backup.TestCloudBackup" time="1.122"/>
  <testcase name="testCheckFtpServerEmptyField" classname="TestPage.TestDashboard.Backup.TestCloudBackup" time="3.74"/>
  <testcase name="testCheckFtpPortEmptyField" classname="TestPage.TestDashboard.Backup.TestCloudBackup" time="1.539"/>
  <testcase name="testCheckPeriodEmptyField" classname="TestPage.TestDashboard.Backup.TestCloudBackupReceiver" time="2.604"/>
  <testcase name="testCheckWatchIncomingFilesEmptyField" classname="TestPage.TestDashboard.Backup.TestCloudBackupReceiver" time="1.484"/>
  <testcase name="testCheckFilenameTemplateEmptyField" classname="TestPage.TestDashboard.Backup.TestCloudBackupReceiver" time="1.415"/>
  <testcase name="testCheckExtensionPackedFilesEmptyField" classname="TestPage.TestDashboard.Backup.TestCloudBackupReceiver" time="1.409"/>
  <testcase name="testCheckDecryptPasswordEmptyField" classname="TestPage.TestDashboard.Backup.TestCloudBackupReceiver" time="1.461"/>
  <testcase name="testCheckAlertFileCountIncorrectValue" classname="TestPage.TestDashboard.Backup.TestCloudBackupReceiver" time="1.856"/>
  <testcase name="testCheckAlertFileAgeEmptyField" classname="TestPage.TestDashboard.Backup.TestCloudBackupReceiver" time="1.472"/>
  <testcase name="testCheckPeriodEmptyField" classname="TestPage.TestDashboard.TestTransactions" time="1.447"/>
  <testcase name="testCheckFiledAlterOSTOITMoreEmptyField" classname="TestPage.TestDashboard.TestTransactions" time="0.836"/>
  <testcase name="testCheckFiledMaxTransactionsEmptyField" classname="TestPage.TestDashboard.TestTransactions" time="0.769"/>
  <testcase name="testCheckFiledAlterNextOATMoreEmptyField" classname="TestPage.TestDashboard.TestTransactions" time="0.774"/>
  <testcase name="testCheckPeriodEmptyField" classname="TestPage.TestDashboard.TestLockprint" time="0.314"/>
  <testcase name="testCheckFiledDeadlockScansThresholdEmptyValue" classname="TestPage.TestDashboard.TestLockprint" time="1.827"/>
  <testcase name="testCreateFiledDeadlockScansThresholdNumbNegativeValue" classname="TestPage.TestDashboard.TestLockprint" time="0.325"/>
  <testcase name="testCheckFiledDeadlockThresholdEmptyValue" classname="TestPage.TestDashboard.TestLockprint" time="1.515"/>
  <testcase name="testCreateFiledDeadlockThresholdNumbNegativeValue" classname="TestPage.TestDashboard.TestLockprint" time="0.335"/>
  <testcase name="testCheckFiledMutexWaitThresholdEmptyValue" classname="TestPage.TestDashboard.TestLockprint" time="1.564"/>
  <testcase name="testCreateFiledMutexWaitThresholdNumbNegativeValue" classname="TestPage.TestDashboard.TestLockprint" time="0.339"/>
  <testcase name="testCheckFiledHashSlotsEmptyValue" classname="TestPage.TestDashboard.TestLockprint" time="1.54"/>
  <testcase name="testCreateFiledHashSlotsNumbNegativeValue" classname="TestPage.TestDashboard.TestLockprint" time="0.343"/>
  <testcase name="testCheckFiledMinLengthEmptyValue" classname="TestPage.TestDashboard.TestLockprint" time="1.539"/>
  <testcase name="testCreateFiledMinLengthNumbNegativeValue" classname="TestPage.TestDashboard.TestLockprint" time="0.329"/>
  <testcase name="testCheckFiledAverageLengthEmptyValue" classname="TestPage.TestDashboard.TestLockprint" time="1.897"/>
  <testcase name="testCreateFiledAverageLengthNumbNegativeValue" classname="TestPage.TestDashboard.TestLockprint" time="0.416"/>
  <testcase name="testCheckFiledOwnersLimitEmptyValue" classname="TestPage.TestDashboard.TestLockprint" time="1.575"/>
  <testcase name="testCreateFiledOwnersLimitNumbNegativeValue" classname="TestPage.TestDashboard.TestLockprint" time="0.331"/>
  <testcase name="testCheckFiledFreeOwnersLimitEmptyValue" classname="TestPage.TestDashboard.TestLockprint" time="1.943"/>
  <testcase name="testCreateFiledFreeOwnersLimitNumbNegativeValue" classname="TestPage.TestDashboard.TestLockprint" time="0.351"/>
  <testcase name="testCheckFiledLockTableSizeEmptyValue" classname="TestPage.TestDashboard.TestLockprint" time="1.564"/>
  <testcase name="testCreateFiledLockTableSizeNumbNegativeValue" classname="TestPage.TestDashboard.TestLockprint" time="0.365"/>
  <testcase name="testCheckFiledBuffersMaxEmptyValue" classname="TestPage.TestDashboard.TestLockprint" time="1.505"/>
  <testcase name="testCreateFiledBuffersMaxNumbNegativeValue" classname="TestPage.TestDashboard.TestLockprint" time="0.349"/>
  <testcase name="testCheckPeriodEmptyField" classname="TestPage.TestDashboard.TestSweepSchedule" time="1.448"/>
  <testcase name="testCheckFiledDeadlockScansThresholdEmptyValue" classname="TestPage.TestDashboard.TestSweepSchedule" time="1.574"/>
  <testcase name="testCreateFiledDeadlockScansThresholdNumbNegativeValue" classname="TestPage.TestDashboard.TestSweepSchedule" time="0.304"/>
  <testcase name="testCheckPeriodEmptyField" classname="TestPage.TestDashboard.TestDelta" time="1.447"/>
  <testcase name="testCheckFiledMaxDeltaBytesEmptyValue" classname="TestPage.TestDashboard.TestDelta" time="0.688"/>
  <testcase name="testCheckFiledMaxDeltaMinutesEmptyValue" classname="TestPage.TestDashboard.TestDelta" time="0.633"/>
  <testcase name="testCheckPeriodEmptyField" classname="TestPage.TestDashboard.TestDiskSpace" time="1.437"/>
  <testcase name="testCheckFiledMaxDeltaBytesEmptyValue" classname="TestPage.TestDashboard.TestDiskSpace" time="0.664"/>
  <testcase name="testCheckFiledMaxDeltaMinutesEmptyValue" classname="TestPage.TestDashboard.TestDiskSpace" time="0.609"/>
  <testcase name="testCheckPeriodEmptyField" classname="TestPage.TestDashboard.TestDbStatus" time="1.533"/>
  <testcase name="testCheckStoreStatisticEmptyField" classname="TestPage.TestDashboard.TestDbStatus" time="0.886"/>
  <testcase name="testCheckStatisticsArchiveDepthEmptyValue" classname="TestPage.TestDashboard.TestDbStatus" time="0.845"/>
  <testcase name="testCheckStatisticsFileNamePatternEmptyField" classname="TestPage.TestDashboard.TestDbStatus" time="0.805"/>
  <testcase name="testCheckFieldPeriodEmptyValue" classname="TestPage.TestDashboard.TestIndexStatistics" time="1.449"/>
  <testcase name="testCheckFieldStatisticsArchiveDepthEmptyValue" classname="TestPage.TestDashboard.TestIndexStatistics" time="0.59"/>
  <testcase name="testCheckPeriodEmptyField" classname="TestPage.TestDashboard.TestLowLevelMetadata" time="1.458"/>
  <testcase name="testCheckFieldMetadataFolderEmptyValue" classname="TestPage.TestDashboard.TestLowLevelMetadata" time="0.897"/>
  <testcase name="testCheckFieldMaxFormatsEmptyValue" classname="TestPage.TestDashboard.TestLowLevelMetadata" time="0.834"/>
  <testcase name="testCheckFieldDateFormatFolderNameEmptyValue" classname="TestPage.TestDashboard.TestLowLevelMetadata" time="0.876"/>
  <testcase name="testCreateMasterSync_EmptyReplicaDatabaseField" classname="TestPage.TestDashboard.Replica.TestReplica" time="2.212"/>
  <testcase name="testCreateMasterSync_Correct" classname="TestPage.TestDashboard.Replica.TestReplica" time="4.6"/>
  <testcase name="testCreateReplicaSync_Correct" classname="TestPage.TestDashboard.Replica.TestReplica" time="7.863"/>
  <testcase name="testCreateMasterAsync_EmptyLogDirectoryField" classname="TestPage.TestDashboard.Replica.TestReplica" time="7.001"/>
  <testcase name="testCreateMasterAsync_EmptyLogArchiveDirectoryField" classname="TestPage.TestDashboard.Replica.TestReplica" time="1.671"/>
  <testcase name="testCreateMasterAsync_IncorrectLogArchiveTimeoutField" classname="TestPage.TestDashboard.Replica.TestReplica" time="0.674"/>
  <testcase name="testCreateMasterAsync_Correct" classname="TestPage.TestDashboard.Replica.TestReplica" time="5.634"/>
  <testcase name="testCreateMasterAsync_CheckCreateTable" classname="TestPage.TestDashboard.Replica.TestReplica" time="80.02"/>
  <testcase name="testCreateMasterAsync_ReinitializeReplicaDatabaseCorrect" classname="TestPage.TestDashboard.Replica.TestReplica" time="22.053"/>
  <testcase name="testCreateReplicaAsync_EmptyLogArchiveDirectoryField" classname="TestPage.TestDashboard.Replica.TestReplica" time="15.382"/>
  <testcase name="testCreateReplicaAsync_Correct" classname="TestPage.TestDashboard.Replica.TestReplica" time="3.859"/>
  <testcase name="testAddFtpCorrect" classname="TestPage.TestDashboard.Replica.TestReplica" time="11.952"/>
  <testcase name="testAddCloudBackupCorrect" classname="TestPage.TestDashboard.Replica.TestReplica" time="9.919"/>
  <testcase name="testAddCloudBackupReceiverCorrect" classname="TestPage.TestDashboard.Replica.TestReplica" time="8.752"/>
  <testcase name="testCreateReplicaAsync_CheckSelectTable" classname="TestPage.TestDashboard.Replica.TestReplica" time="5.008"/>
  <testcase name="testCheckPeriodEmptyField" classname="TestPage.TestPerformance.TestTransactionMonitoring" time="2.46"/>
  <testcase name="testCheckFieldOutputFolderEmptyValue" classname="TestPage.TestPerformance.TestTransactionMonitoring" time="0.903"/>
  <testcase name="testCheckFiledShowTransactionsOlderEmptyValue" classname="TestPage.TestPerformance.TestTransactionMonitoring" time="0.862"/>
  <testcase name="testCreateFiledShowTransactionsOlderNumbNegativeValue" classname="TestPage.TestPerformance.TestTransactionMonitoring" time="0.252"/>
  <testcase name="testCheckSendAlertOldestActiveTransactionEmptyValue" classname="TestPage.TestPerformance.TestTransactionMonitoring" time="0.855"/>
  <testcase name="testCreateSendAlertOldestActiveTransactionNumbNegativeValue" classname="TestPage.TestPerformance.TestTransactionMonitoring" time="0.304"/>
  <testcase name="testCheckShowOnlyNNOldestActiveTransactionsEmptyValue" classname="TestPage.TestPerformance.TestTransactionMonitoring" time="1.393"/>
  <testcase name="testCreateShowOnlyNNOldestActiveTransactionsNumbNegativeValue" classname="TestPage.TestPerformance.TestTransactionMonitoring" time="0.267"/>
  <testcase name="testCheckPeriodEmptyField" classname="TestPage.TestPerformance.TestPerformanceMonitoring" time="2.897"/>
  <testcase name="testCheckFieldOutputFolderEmptyValue" classname="TestPage.TestPerformance.TestPerformanceMonitoring" time="1.93"/>
</testsuite>