<?xml version="1.0" encoding="UTF-8"?>
<testng-results ignored="0" total="1" passed="0" failed="1" skipped="0">
  <reporter-output>
  </reporter-output>
  <suite started-at="2019-12-18T23:01:09 GMT+03:00" name="TestOne" finished-at="2019-12-18T23:01:23 GMT+03:00" duration-ms="14182">
    <groups>
    </groups>
    <test started-at="2019-12-18T23:01:09 GMT+03:00" name="Common" finished-at="2019-12-18T23:01:23 GMT+03:00" duration-ms="14182">
      <class name="TestPage.TestDashboard.TestBackup">
        <test-method is-config="true" signature="suiteSetUp(java.lang.String, java.lang.String, java.lang.String, java.lang.String, java.lang.String)[pri:0, instance:TestPage.TestDashboard.TestBackup@18a70f16]" started-at="2019-12-18T23:00:56 GMT+03:00" name="suiteSetUp" finished-at="2019-12-18T23:01:09 GMT+03:00" duration-ms="13279" status="PASS">
          <params>
            <param index="0">
              <value>
                <![CDATA[chrome]]>
              </value>
            </param>
            <param index="1">
              <value>
                <![CDATA[src/test/resurces/chromedriver.exe]]>
              </value>
            </param>
            <param index="2">
              <value>
                <![CDATA[http://admin:strong password@localhost:8082/]]>
              </value>
            </param>
            <param index="3">
              <value>
                <![CDATA[admin]]>
              </value>
            </param>
            <param index="4">
              <value>
                <![CDATA[strong password]]>
              </value>
            </param>
          </params>
          <reporter-output>
          </reporter-output>
        </test-method> <!-- suiteSetUp -->
        <test-method is-config="true" signature="suiteSetUp()[pri:0, instance:TestPage.TestDashboard.TestBackup@18a70f16]" started-at="2019-12-18T23:01:09 GMT+03:00" name="suiteSetUp" finished-at="2019-12-18T23:01:10 GMT+03:00" duration-ms="884" status="PASS">
          <reporter-output>
          </reporter-output>
        </test-method> <!-- suiteSetUp -->
        <test-method signature="testCreateVBCorrect()[pri:4, instance:TestPage.TestDashboard.TestBackup@18a70f16]" started-at="2019-12-18T23:01:10 GMT+03:00" name="testCreateVBCorrect" finished-at="2019-12-18T23:01:22 GMT+03:00" duration-ms="12572" status="FAIL">
          <exception class="java.lang.AssertionError">
            <message>
              <![CDATA[Status verified backup not OK expected [OK] but found [OFF]]]>
            </message>
            <full-stacktrace>
              <![CDATA[java.lang.AssertionError: Status verified backup not OK expected [OK] but found [OFF]
at org.testng.Assert.fail(Assert.java:97)
at org.testng.Assert.assertEqualsImpl(Assert.java:136)
at org.testng.Assert.assertEquals(Assert.java:118)
at org.testng.Assert.assertEquals(Assert.java:575)
at TestPage.TestDashboard.TestBackup.testCreateVBCorrect(TestBackup.java:124)
at java.base/jdk.internal.reflect.NativeMethodAccessorImpl.invoke0(Native Method)
at java.base/jdk.internal.reflect.NativeMethodAccessorImpl.invoke(NativeMethodAccessorImpl.java:62)
at java.base/jdk.internal.reflect.DelegatingMethodAccessorImpl.invoke(DelegatingMethodAccessorImpl.java:43)
at java.base/java.lang.reflect.Method.invoke(Method.java:567)
at org.testng.internal.MethodInvocationHelper.invokeMethod(MethodInvocationHelper.java:133)
at org.testng.internal.TestInvoker.invokeMethod(TestInvoker.java:584)
at org.testng.internal.TestInvoker.invokeTestMethod(TestInvoker.java:172)
at org.testng.internal.MethodRunner.runInSequence(MethodRunner.java:46)
at org.testng.internal.TestInvoker$MethodInvocationAgent.invoke(TestInvoker.java:804)
at org.testng.internal.TestInvoker.invokeTestMethods(TestInvoker.java:145)
at org.testng.internal.TestMethodWorker.invokeTestMethods(TestMethodWorker.java:146)
at org.testng.internal.TestMethodWorker.run(TestMethodWorker.java:128)
at java.base/java.util.ArrayList.forEach(ArrayList.java:1540)
at org.testng.TestRunner.privateRun(TestRunner.java:770)
at org.testng.TestRunner.run(TestRunner.java:591)
at org.testng.SuiteRunner.runTest(SuiteRunner.java:402)
at org.testng.SuiteRunner.runSequentially(SuiteRunner.java:396)
at org.testng.SuiteRunner.privateRun(SuiteRunner.java:355)
at org.testng.SuiteRunner.run(SuiteRunner.java:304)
at org.testng.SuiteRunnerWorker.runSuite(SuiteRunnerWorker.java:53)
at org.testng.SuiteRunnerWorker.run(SuiteRunnerWorker.java:96)
at org.testng.TestNG.runSuitesSequentially(TestNG.java:1180)
at org.testng.TestNG.runSuitesLocally(TestNG.java:1102)
at org.testng.TestNG.runSuites(TestNG.java:1032)
at org.testng.TestNG.run(TestNG.java:1000)
at org.apache.maven.surefire.testng.TestNGExecutor.run(TestNGExecutor.java:283)
at org.apache.maven.surefire.testng.TestNGXmlTestSuite.execute(TestNGXmlTestSuite.java:75)
at org.apache.maven.surefire.testng.TestNGProvider.invoke(TestNGProvider.java:120)
at org.apache.maven.surefire.booter.ForkedBooter.invokeProviderInSameClassLoader(ForkedBooter.java:384)
at org.apache.maven.surefire.booter.ForkedBooter.runSuitesInProcess(ForkedBooter.java:345)
at org.apache.maven.surefire.booter.ForkedBooter.execute(ForkedBooter.java:126)
at org.apache.maven.surefire.booter.ForkedBooter.main(ForkedBooter.java:418)
]]>
            </full-stacktrace>
          </exception> <!-- java.lang.AssertionError -->
          <reporter-output>
          </reporter-output>
        </test-method> <!-- testCreateVBCorrect -->
        <test-method is-config="true" signature="tearDown()[pri:0, instance:TestPage.TestDashboard.TestBackup@18a70f16]" started-at="2019-12-18T23:01:22 GMT+03:00" name="tearDown" finished-at="2019-12-18T23:01:23 GMT+03:00" duration-ms="688" status="PASS">
          <reporter-output>
          </reporter-output>
        </test-method> <!-- tearDown -->
        <test-method is-config="true" signature="testTearDown(java.lang.reflect.Method)[pri:0, instance:TestPage.TestDashboard.TestBackup@18a70f16]" started-at="2019-12-18T23:01:23 GMT+03:00" name="testTearDown" finished-at="2019-12-18T23:01:23 GMT+03:00" duration-ms="9" status="PASS">
          <params>
            <param index="0">
              <value>
                <![CDATA[public void TestPage.TestDashboard.TestBackup.testCreateVBCorrect()]]>
              </value>
            </param>
          </params>
          <reporter-output>
          </reporter-output>
        </test-method> <!-- testTearDown -->
        <test-method is-config="true" signature="testTearDownTests()[pri:0, instance:TestPage.TestDashboard.TestBackup@18a70f16]" started-at="2019-12-18T23:01:23 GMT+03:00" name="testTearDownTests" finished-at="2019-12-18T23:01:23 GMT+03:00" duration-ms="0" status="PASS">
          <reporter-output>
          </reporter-output>
        </test-method> <!-- testTearDownTests -->
        <test-method is-config="true" signature="suiteTearDown()[pri:0, instance:TestPage.TestDashboard.TestBackup@18a70f16]" started-at="2019-12-18T23:01:24 GMT+03:00" name="suiteTearDown" finished-at="2019-12-18T23:01:24 GMT+03:00" duration-ms="1" status="PASS">
          <reporter-output>
          </reporter-output>
        </test-method> <!-- suiteTearDown -->
      </class> <!-- TestPage.TestDashboard.TestBackup -->
    </test> <!-- Common -->
  </suite> <!-- TestOne -->
</testng-results>
