<?xml version="1.0" encoding="UTF-8"?>
<testng-results ignored="12" total="132" passed="94" failed="15" skipped="11">
  <reporter-output>
  </reporter-output>
  <suite started-at="2020-02-05T23:48:37 GMT+03:00" name="TestOne" finished-at="2020-02-05T23:55:24 GMT+03:00" duration-ms="406677">
    <groups>
    </groups>
    <test started-at="2020-02-05T23:48:37 GMT+03:00" name="Database" finished-at="2020-02-05T23:48:49 GMT+03:00" duration-ms="11991">
      <class name="TestPage.TestDashboard.TestDatabase">
        <test-method is-config="true" signature="classSetUp()[pri:0, instance:TestPage.TestDashboard.TestDatabase@58faa93b]" started-at="2020-02-05T23:48:37 GMT+03:00" name="classSetUp" finished-at="2020-02-05T23:48:39 GMT+03:00" duration-ms="2003" status="PASS">
          <reporter-output>
          </reporter-output>
        </test-method> <!-- classSetUp -->
        <test-method signature="testAddDbEmptyPath()[pri:1, instance:TestPage.TestDashboard.TestDatabase@58faa93b]" started-at="2020-02-05T23:48:39 GMT+03:00" name="testAddDbEmptyPath" finished-at="2020-02-05T23:48:39 GMT+03:00" duration-ms="418" status="PASS">
          <reporter-output>
          </reporter-output>
        </test-method> <!-- testAddDbEmptyPath -->
        <test-method is-config="true" signature="methodTearDown(java.lang.reflect.Method, org.testng.ITestResult)[pri:0, instance:TestPage.TestDashboard.TestDatabase@58faa93b]" started-at="2020-02-05T23:48:39 GMT+03:00" name="methodTearDown" finished-at="2020-02-05T23:48:39 GMT+03:00" duration-ms="1" status="PASS">
          <params>
            <param index="0">
              <value>
                <![CDATA[public void TestPage.TestDashboard.TestDatabase.testAddDbEmptyPath()]]>
              </value>
            </param>
            <param index="1">
              <value>
                <![CDATA[[TestResult name=testAddDbEmptyPath status=SUCCESS method=TestDatabase.testAddDbEmptyPath()[pri:1, instance:TestPage.TestDashboard.TestDatabase@58faa93b] output={null}]]]>
              </value>
            </param>
          </params>
          <reporter-output>
          </reporter-output>
        </test-method> <!-- methodTearDown -->
        <test-method signature="testAddDbEmptyName()[pri:2, instance:TestPage.TestDashboard.TestDatabase@58faa93b]" started-at="2020-02-05T23:48:39 GMT+03:00" name="testAddDbEmptyName" finished-at="2020-02-05T23:48:40 GMT+03:00" duration-ms="348" status="PASS">
          <reporter-output>
          </reporter-output>
        </test-method> <!-- testAddDbEmptyName -->
        <test-method is-config="true" signature="methodTearDown(java.lang.reflect.Method, org.testng.ITestResult)[pri:0, instance:TestPage.TestDashboard.TestDatabase@58faa93b]" started-at="2020-02-05T23:48:40 GMT+03:00" name="methodTearDown" finished-at="2020-02-05T23:48:40 GMT+03:00" duration-ms="0" status="PASS">
          <params>
            <param index="0">
              <value>
                <![CDATA[public void TestPage.TestDashboard.TestDatabase.testAddDbEmptyName()]]>
              </value>
            </param>
            <param index="1">
              <value>
                <![CDATA[[TestResult name=testAddDbEmptyName status=SUCCESS method=TestDatabase.testAddDbEmptyName()[pri:2, instance:TestPage.TestDashboard.TestDatabase@58faa93b] output={null}]]]>
              </value>
            </param>
          </params>
          <reporter-output>
          </reporter-output>
        </test-method> <!-- methodTearDown -->
        <test-method signature="testAddDbIncorrectPath()[pri:3, instance:TestPage.TestDashboard.TestDatabase@58faa93b]" started-at="2020-02-05T23:48:40 GMT+03:00" name="testAddDbIncorrectPath" finished-at="2020-02-05T23:48:40 GMT+03:00" duration-ms="302" status="PASS">
          <reporter-output>
          </reporter-output>
        </test-method> <!-- testAddDbIncorrectPath -->
        <test-method is-config="true" signature="methodTearDown(java.lang.reflect.Method, org.testng.ITestResult)[pri:0, instance:TestPage.TestDashboard.TestDatabase@58faa93b]" started-at="2020-02-05T23:48:40 GMT+03:00" name="methodTearDown" finished-at="2020-02-05T23:48:40 GMT+03:00" duration-ms="0" status="PASS">
          <params>
            <param index="0">
              <value>
                <![CDATA[public void TestPage.TestDashboard.TestDatabase.testAddDbIncorrectPath()]]>
              </value>
            </param>
            <param index="1">
              <value>
                <![CDATA[[TestResult name=testAddDbIncorrectPath status=SUCCESS method=TestDatabase.testAddDbIncorrectPath()[pri:3, instance:TestPage.TestDashboard.TestDatabase@58faa93b] output={null}]]]>
              </value>
            </param>
          </params>
          <reporter-output>
          </reporter-output>
        </test-method> <!-- methodTearDown -->
        <test-method signature="testAddDbIncorrectAlias()[pri:4, instance:TestPage.TestDashboard.TestDatabase@58faa93b]" started-at="2020-02-05T23:48:40 GMT+03:00" name="testAddDbIncorrectAlias" finished-at="2020-02-05T23:48:41 GMT+03:00" duration-ms="1099" status="PASS">
          <reporter-output>
          </reporter-output>
        </test-method> <!-- testAddDbIncorrectAlias -->
        <test-method is-config="true" signature="methodTearDown(java.lang.reflect.Method, org.testng.ITestResult)[pri:0, instance:TestPage.TestDashboard.TestDatabase@58faa93b]" started-at="2020-02-05T23:48:41 GMT+03:00" name="methodTearDown" finished-at="2020-02-05T23:48:41 GMT+03:00" duration-ms="1" status="PASS">
          <params>
            <param index="0">
              <value>
                <![CDATA[public void TestPage.TestDashboard.TestDatabase.testAddDbIncorrectAlias()]]>
              </value>
            </param>
            <param index="1">
              <value>
                <![CDATA[[TestResult name=testAddDbIncorrectAlias status=SUCCESS method=TestDatabase.testAddDbIncorrectAlias()[pri:4, instance:TestPage.TestDashboard.TestDatabase@58faa93b] output={null}]]]>
              </value>
            </param>
          </params>
          <reporter-output>
          </reporter-output>
        </test-method> <!-- methodTearDown -->
        <test-method signature="testAddDbCorrect()[pri:5, instance:TestPage.TestDashboard.TestDatabase@58faa93b]" started-at="2020-02-05T23:48:41 GMT+03:00" name="testAddDbCorrect" finished-at="2020-02-05T23:48:46 GMT+03:00" duration-ms="4825" status="PASS">
          <reporter-output>
          </reporter-output>
        </test-method> <!-- testAddDbCorrect -->
        <test-method is-config="true" signature="methodTearDown(java.lang.reflect.Method, org.testng.ITestResult)[pri:0, instance:TestPage.TestDashboard.TestDatabase@58faa93b]" started-at="2020-02-05T23:48:46 GMT+03:00" name="methodTearDown" finished-at="2020-02-05T23:48:46 GMT+03:00" duration-ms="0" status="PASS">
          <params>
            <param index="0">
              <value>
                <![CDATA[public void TestPage.TestDashboard.TestDatabase.testAddDbCorrect()]]>
              </value>
            </param>
            <param index="1">
              <value>
                <![CDATA[[TestResult name=testAddDbCorrect status=SUCCESS method=TestDatabase.testAddDbCorrect()[pri:5, instance:TestPage.TestDashboard.TestDatabase@58faa93b] output={null}]]]>
              </value>
            </param>
          </params>
          <reporter-output>
          </reporter-output>
        </test-method> <!-- methodTearDown -->
        <test-method signature="testAddDbAlreadyExist()[pri:6, instance:TestPage.TestDashboard.TestDatabase@58faa93b]" started-at="2020-02-05T23:48:46 GMT+03:00" name="testAddDbAlreadyExist" finished-at="2020-02-05T23:48:49 GMT+03:00" duration-ms="2755" status="PASS">
          <reporter-output>
          </reporter-output>
        </test-method> <!-- testAddDbAlreadyExist -->
        <test-method is-config="true" signature="methodTearDown(java.lang.reflect.Method, org.testng.ITestResult)[pri:0, instance:TestPage.TestDashboard.TestDatabase@58faa93b]" started-at="2020-02-05T23:48:49 GMT+03:00" name="methodTearDown" finished-at="2020-02-05T23:48:49 GMT+03:00" duration-ms="0" status="PASS">
          <params>
            <param index="0">
              <value>
                <![CDATA[public void TestPage.TestDashboard.TestDatabase.testAddDbAlreadyExist()]]>
              </value>
            </param>
            <param index="1">
              <value>
                <![CDATA[[TestResult name=testAddDbAlreadyExist status=SUCCESS method=TestDatabase.testAddDbAlreadyExist()[pri:6, instance:TestPage.TestDashboard.TestDatabase@58faa93b] output={null}]]]>
              </value>
            </param>
          </params>
          <reporter-output>
          </reporter-output>
        </test-method> <!-- methodTearDown -->
      </class> <!-- TestPage.TestDashboard.TestDatabase -->
    </test> <!-- Database -->
    <test started-at="2020-02-05T23:48:49 GMT+03:00" name="Backup" finished-at="2020-02-05T23:52:58 GMT+03:00" duration-ms="249045">
      <class name="TestPage.TestDashboard.Backup.TestSqlPing">
        <test-method is-config="true" signature="classSetUp()[pri:0, instance:TestPage.TestDashboard.Backup.TestSqlPing@9f6e406]" started-at="2020-02-05T23:51:49 GMT+03:00" name="classSetUp" finished-at="2020-02-05T23:51:52 GMT+03:00" duration-ms="2850" status="PASS">
          <reporter-output>
          </reporter-output>
        </test-method> <!-- classSetUp -->
        <test-method signature="testCheckScheduleIncorrect()[pri:1, instance:TestPage.TestDashboard.Backup.TestSqlPing@9f6e406]" started-at="2020-02-05T23:51:52 GMT+03:00" name="testCheckScheduleIncorrect" finished-at="2020-02-05T23:51:54 GMT+03:00" duration-ms="1821" status="PASS">
          <reporter-output>
          </reporter-output>
        </test-method> <!-- testCheckScheduleIncorrect -->
        <test-method is-config="true" signature="methodTearDown(java.lang.reflect.Method, org.testng.ITestResult)[pri:0, instance:TestPage.TestDashboard.Backup.TestSqlPing@9f6e406]" started-at="2020-02-05T23:51:54 GMT+03:00" name="methodTearDown" finished-at="2020-02-05T23:51:54 GMT+03:00" duration-ms="0" status="PASS">
          <params>
            <param index="0">
              <value>
                <![CDATA[public void TestPage.TestDashboard.Backup.TestSqlPing.testCheckScheduleIncorrect()]]>
              </value>
            </param>
            <param index="1">
              <value>
                <![CDATA[[TestResult name=testCheckScheduleIncorrect status=SUCCESS method=TestSqlPing.testCheckScheduleIncorrect()[pri:1, instance:TestPage.TestDashboard.Backup.TestSqlPing@9f6e406] output={null}]]]>
              </value>
            </param>
          </params>
          <reporter-output>
          </reporter-output>
        </test-method> <!-- methodTearDown -->
        <test-method signature="testCheckSqlQueryEmptyField()[pri:2, instance:TestPage.TestDashboard.Backup.TestSqlPing@9f6e406]" started-at="2020-02-05T23:51:54 GMT+03:00" name="testCheckSqlQueryEmptyField" finished-at="2020-02-05T23:51:55 GMT+03:00" duration-ms="1405" status="PASS">
          <reporter-output>
          </reporter-output>
        </test-method> <!-- testCheckSqlQueryEmptyField -->
        <test-method is-config="true" signature="methodTearDown(java.lang.reflect.Method, org.testng.ITestResult)[pri:0, instance:TestPage.TestDashboard.Backup.TestSqlPing@9f6e406]" started-at="2020-02-05T23:51:55 GMT+03:00" name="methodTearDown" finished-at="2020-02-05T23:51:55 GMT+03:00" duration-ms="0" status="PASS">
          <params>
            <param index="0">
              <value>
                <![CDATA[public void TestPage.TestDashboard.Backup.TestSqlPing.testCheckSqlQueryEmptyField()]]>
              </value>
            </param>
            <param index="1">
              <value>
                <![CDATA[[TestResult name=testCheckSqlQueryEmptyField status=SUCCESS method=TestSqlPing.testCheckSqlQueryEmptyField()[pri:2, instance:TestPage.TestDashboard.Backup.TestSqlPing@9f6e406] output={null}]]]>
              </value>
            </param>
          </params>
          <reporter-output>
          </reporter-output>
        </test-method> <!-- methodTearDown -->
        <test-method signature="testCreateSqlPingCorrect()[pri:3, instance:TestPage.TestDashboard.Backup.TestSqlPing@9f6e406]" started-at="2020-02-05T23:51:55 GMT+03:00" name="testCreateSqlPingCorrect" finished-at="2020-02-05T23:52:29 GMT+03:00" duration-ms="34072" status="PASS">
          <reporter-output>
          </reporter-output>
        </test-method> <!-- testCreateSqlPingCorrect -->
        <test-method is-config="true" signature="methodTearDown(java.lang.reflect.Method, org.testng.ITestResult)[pri:0, instance:TestPage.TestDashboard.Backup.TestSqlPing@9f6e406]" started-at="2020-02-05T23:52:29 GMT+03:00" name="methodTearDown" finished-at="2020-02-05T23:52:29 GMT+03:00" duration-ms="0" status="PASS">
          <params>
            <param index="0">
              <value>
                <![CDATA[public void TestPage.TestDashboard.Backup.TestSqlPing.testCreateSqlPingCorrect()]]>
              </value>
            </param>
            <param index="1">
              <value>
                <![CDATA[[TestResult name=testCreateSqlPingCorrect status=SUCCESS method=TestSqlPing.testCreateSqlPingCorrect()[pri:3, instance:TestPage.TestDashboard.Backup.TestSqlPing@9f6e406] output={null}]]]>
              </value>
            </param>
          </params>
          <reporter-output>
          </reporter-output>
        </test-method> <!-- methodTearDown -->
      </class> <!-- TestPage.TestDashboard.Backup.TestSqlPing -->
      <class name="TestPage.TestDashboard.Backup.TestValidateDb">
        <test-method is-config="true" signature="classSetUp()[pri:0, instance:TestPage.TestDashboard.Backup.TestValidateDb@7a94b64e]" started-at="2020-02-05T23:52:29 GMT+03:00" name="classSetUp" finished-at="2020-02-05T23:52:47 GMT+03:00" duration-ms="17691" status="PASS">
          <reporter-output>
          </reporter-output>
        </test-method> <!-- classSetUp -->
        <test-method signature="testCheckScheduleIncorrectField()[pri:1, instance:TestPage.TestDashboard.Backup.TestValidateDb@7a94b64e]" started-at="2020-02-05T23:52:47 GMT+03:00" name="testCheckScheduleIncorrectField" finished-at="2020-02-05T23:52:50 GMT+03:00" duration-ms="3008" status="FAIL">
          <exception class="org.openqa.selenium.NoSuchElementException">
            <message>
              <![CDATA[no such element: Unable to locate element: {"method":"css selector","selector":"#form\-cron\-expression"}
  (Session info: chrome=79.0.3945.130)
For documentation on this error, please visit: http://seleniumhq.org/exceptions/no_such_element.html
Build info: version: '3.14.0', revision: 'aacccce0', time: '2018-08-02T20:19:58.91Z'
System info: host: 'MSI', ip: '192.168.0.105', os.name: 'Windows 10', os.arch: 'amd64', os.version: '10.0', java.version: '12'
Driver info: org.openqa.selenium.chrome.ChromeDriver
Capabilities {acceptInsecureCerts: false, browserName: chrome, browserVersion: 79.0.3945.130, chrome: {chromedriverVersion: 78.0.3904.70 (edb9c9f3de024..., userDataDir: C:\Users\Proger\AppData\Loc...}, goog:chromeOptions: {debuggerAddress: localhost:51119}, javascriptEnabled: true, networkConnectionEnabled: false, pageLoadStrategy: normal, platform: XP, platformName: XP, proxy: Proxy(), setWindowRect: true, strictFileInteractability: false, timeouts: {implicit: 0, pageLoad: 300000, script: 30000}, unhandledPromptBehavior: dismiss and notify}
Session ID: e06d9cc8825f39d2eff65e1f8163cc08
*** Element info: {Using=id, value=form-cron-expression}]]>
            </message>
            <full-stacktrace>
              <![CDATA[org.openqa.selenium.NoSuchElementException: no such element: Unable to locate element: {"method":"css selector","selector":"#form\-cron\-expression"}
  (Session info: chrome=79.0.3945.130)
For documentation on this error, please visit: http://seleniumhq.org/exceptions/no_such_element.html
Build info: version: '3.14.0', revision: 'aacccce0', time: '2018-08-02T20:19:58.91Z'
System info: host: 'MSI', ip: '192.168.0.105', os.name: 'Windows 10', os.arch: 'amd64', os.version: '10.0', java.version: '12'
Driver info: org.openqa.selenium.chrome.ChromeDriver
Capabilities {acceptInsecureCerts: false, browserName: chrome, browserVersion: 79.0.3945.130, chrome: {chromedriverVersion: 78.0.3904.70 (edb9c9f3de024..., userDataDir: C:\Users\Proger\AppData\Loc...}, goog:chromeOptions: {debuggerAddress: localhost:51119}, javascriptEnabled: true, networkConnectionEnabled: false, pageLoadStrategy: normal, platform: XP, platformName: XP, proxy: Proxy(), setWindowRect: true, strictFileInteractability: false, timeouts: {implicit: 0, pageLoad: 300000, script: 30000}, unhandledPromptBehavior: dismiss and notify}
Session ID: e06d9cc8825f39d2eff65e1f8163cc08
*** Element info: {Using=id, value=form-cron-expression}
at java.base/jdk.internal.reflect.NativeConstructorAccessorImpl.newInstance0(Native Method)
at java.base/jdk.internal.reflect.NativeConstructorAccessorImpl.newInstance(NativeConstructorAccessorImpl.java:62)
at java.base/jdk.internal.reflect.DelegatingConstructorAccessorImpl.newInstance(DelegatingConstructorAccessorImpl.java:45)
at java.base/java.lang.reflect.Constructor.newInstanceWithCaller(Constructor.java:500)
at java.base/java.lang.reflect.Constructor.newInstance(Constructor.java:481)
at org.openqa.selenium.remote.http.W3CHttpResponseCodec.createException(W3CHttpResponseCodec.java:187)
at org.openqa.selenium.remote.http.W3CHttpResponseCodec.decode(W3CHttpResponseCodec.java:122)
at org.openqa.selenium.remote.http.W3CHttpResponseCodec.decode(W3CHttpResponseCodec.java:49)
at org.openqa.selenium.remote.HttpCommandExecutor.execute(HttpCommandExecutor.java:158)
at org.openqa.selenium.remote.service.DriverCommandExecutor.execute(DriverCommandExecutor.java:83)
at org.openqa.selenium.remote.RemoteWebDriver.execute(RemoteWebDriver.java:548)
at org.openqa.selenium.remote.RemoteWebDriver.findElement(RemoteWebDriver.java:322)
at org.openqa.selenium.remote.RemoteWebDriver.findElementById(RemoteWebDriver.java:368)
at org.openqa.selenium.By$ById.findElement(By.java:188)
at org.openqa.selenium.remote.RemoteWebDriver.findElement(RemoteWebDriver.java:314)
at org.openqa.selenium.support.pagefactory.DefaultElementLocator.findElement(DefaultElementLocator.java:69)
at org.openqa.selenium.support.pagefactory.internal.LocatingElementHandler.invoke(LocatingElementHandler.java:38)
at com.sun.proxy.$Proxy14.clear(Unknown Source)
at Helpers.Helper.setValue(Helper.java:68)
at TestPage.TestDashboard.Backup.TestValidateDb.testCheckScheduleIncorrectField(TestValidateDb.java:54)
at java.base/jdk.internal.reflect.NativeMethodAccessorImpl.invoke0(Native Method)
at java.base/jdk.internal.reflect.NativeMethodAccessorImpl.invoke(NativeMethodAccessorImpl.java:62)
at java.base/jdk.internal.reflect.DelegatingMethodAccessorImpl.invoke(DelegatingMethodAccessorImpl.java:43)
at java.base/java.lang.reflect.Method.invoke(Method.java:567)
at org.testng.internal.MethodInvocationHelper.invokeMethod(MethodInvocationHelper.java:133)
at org.testng.internal.TestInvoker.invokeMethod(TestInvoker.java:584)
at org.testng.internal.TestInvoker.invokeTestMethod(TestInvoker.java:172)
at org.testng.internal.MethodRunner.runInSequence(MethodRunner.java:46)
at org.testng.internal.TestInvoker$MethodInvocationAgent.invoke(TestInvoker.java:804)
at org.testng.internal.TestInvoker.invokeTestMethods(TestInvoker.java:145)
at org.testng.internal.TestMethodWorker.invokeTestMethods(TestMethodWorker.java:146)
at org.testng.internal.TestMethodWorker.run(TestMethodWorker.java:128)
at java.base/java.util.ArrayList.forEach(ArrayList.java:1540)
at org.testng.TestRunner.privateRun(TestRunner.java:770)
at org.testng.TestRunner.run(TestRunner.java:591)
at org.testng.SuiteRunner.runTest(SuiteRunner.java:402)
at org.testng.SuiteRunner.runSequentially(SuiteRunner.java:396)
at org.testng.SuiteRunner.privateRun(SuiteRunner.java:355)
at org.testng.SuiteRunner.run(SuiteRunner.java:304)
at org.testng.SuiteRunnerWorker.runSuite(SuiteRunnerWorker.java:53)
at org.testng.SuiteRunnerWorker.run(SuiteRunnerWorker.java:96)
at org.testng.TestNG.runSuitesSequentially(TestNG.java:1180)
at org.testng.TestNG.runSuitesLocally(TestNG.java:1102)
at org.testng.TestNG.runSuites(TestNG.java:1032)
at org.testng.TestNG.run(TestNG.java:1000)
at org.apache.maven.surefire.testng.TestNGExecutor.run(TestNGExecutor.java:283)
at org.apache.maven.surefire.testng.TestNGXmlTestSuite.execute(TestNGXmlTestSuite.java:75)
at org.apache.maven.surefire.testng.TestNGProvider.invoke(TestNGProvider.java:120)
at org.apache.maven.surefire.booter.ForkedBooter.runSuitesInProcess(ForkedBooter.java:377)
at org.apache.maven.surefire.booter.ForkedBooter.execute(ForkedBooter.java:138)
at org.apache.maven.surefire.booter.ForkedBooter.run(ForkedBooter.java:465)
at org.apache.maven.surefire.booter.ForkedBooter.main(ForkedBooter.java:451)
]]>
            </full-stacktrace>
          </exception> <!-- org.openqa.selenium.NoSuchElementException -->
          <reporter-output>
          </reporter-output>
        </test-method> <!-- testCheckScheduleIncorrectField -->
        <test-method is-config="true" signature="methodTearDown(java.lang.reflect.Method, org.testng.ITestResult)[pri:0, instance:TestPage.TestDashboard.Backup.TestValidateDb@7a94b64e]" started-at="2020-02-05T23:52:50 GMT+03:00" name="methodTearDown" finished-at="2020-02-05T23:52:51 GMT+03:00" duration-ms="685" status="PASS">
          <params>
            <param index="0">
              <value>
                <![CDATA[public void TestPage.TestDashboard.Backup.TestValidateDb.testCheckScheduleIncorrectField()]]>
              </value>
            </param>
            <param index="1">
              <value>
                <![CDATA[[TestResult name=testCheckScheduleIncorrectField status=FAILURE method=TestValidateDb.testCheckScheduleIncorrectField()[pri:1, instance:TestPage.TestDashboard.Backup.TestValidateDb@7a94b64e] output={null}]]]>
              </value>
            </param>
          </params>
          <reporter-output>
          </reporter-output>
        </test-method> <!-- methodTearDown -->
        <test-method signature="testCheckShutdownTimeoutEmptyField()[pri:2, instance:TestPage.TestDashboard.Backup.TestValidateDb@7a94b64e]" started-at="2020-02-05T23:52:51 GMT+03:00" name="testCheckShutdownTimeoutEmptyField" finished-at="2020-02-05T23:52:54 GMT+03:00" duration-ms="3038" status="FAIL">
          <exception class="org.openqa.selenium.NoSuchElementException">
            <message>
              <![CDATA[no such element: Unable to locate element: {"method":"css selector","selector":"#form\-cron\-expression"}
  (Session info: chrome=79.0.3945.130)
For documentation on this error, please visit: http://seleniumhq.org/exceptions/no_such_element.html
Build info: version: '3.14.0', revision: 'aacccce0', time: '2018-08-02T20:19:58.91Z'
System info: host: 'MSI', ip: '192.168.0.105', os.name: 'Windows 10', os.arch: 'amd64', os.version: '10.0', java.version: '12'
Driver info: org.openqa.selenium.chrome.ChromeDriver
Capabilities {acceptInsecureCerts: false, browserName: chrome, browserVersion: 79.0.3945.130, chrome: {chromedriverVersion: 78.0.3904.70 (edb9c9f3de024..., userDataDir: C:\Users\Proger\AppData\Loc...}, goog:chromeOptions: {debuggerAddress: localhost:51119}, javascriptEnabled: true, networkConnectionEnabled: false, pageLoadStrategy: normal, platform: XP, platformName: XP, proxy: Proxy(), setWindowRect: true, strictFileInteractability: false, timeouts: {implicit: 0, pageLoad: 300000, script: 30000}, unhandledPromptBehavior: dismiss and notify}
Session ID: e06d9cc8825f39d2eff65e1f8163cc08
*** Element info: {Using=id, value=form-cron-expression}]]>
            </message>
            <full-stacktrace>
              <![CDATA[org.openqa.selenium.NoSuchElementException: no such element: Unable to locate element: {"method":"css selector","selector":"#form\-cron\-expression"}
  (Session info: chrome=79.0.3945.130)
For documentation on this error, please visit: http://seleniumhq.org/exceptions/no_such_element.html
Build info: version: '3.14.0', revision: 'aacccce0', time: '2018-08-02T20:19:58.91Z'
System info: host: 'MSI', ip: '192.168.0.105', os.name: 'Windows 10', os.arch: 'amd64', os.version: '10.0', java.version: '12'
Driver info: org.openqa.selenium.chrome.ChromeDriver
Capabilities {acceptInsecureCerts: false, browserName: chrome, browserVersion: 79.0.3945.130, chrome: {chromedriverVersion: 78.0.3904.70 (edb9c9f3de024..., userDataDir: C:\Users\Proger\AppData\Loc...}, goog:chromeOptions: {debuggerAddress: localhost:51119}, javascriptEnabled: true, networkConnectionEnabled: false, pageLoadStrategy: normal, platform: XP, platformName: XP, proxy: Proxy(), setWindowRect: true, strictFileInteractability: false, timeouts: {implicit: 0, pageLoad: 300000, script: 30000}, unhandledPromptBehavior: dismiss and notify}
Session ID: e06d9cc8825f39d2eff65e1f8163cc08
*** Element info: {Using=id, value=form-cron-expression}
at java.base/jdk.internal.reflect.NativeConstructorAccessorImpl.newInstance0(Native Method)
at java.base/jdk.internal.reflect.NativeConstructorAccessorImpl.newInstance(NativeConstructorAccessorImpl.java:62)
at java.base/jdk.internal.reflect.DelegatingConstructorAccessorImpl.newInstance(DelegatingConstructorAccessorImpl.java:45)
at java.base/java.lang.reflect.Constructor.newInstanceWithCaller(Constructor.java:500)
at java.base/java.lang.reflect.Constructor.newInstance(Constructor.java:481)
at org.openqa.selenium.remote.http.W3CHttpResponseCodec.createException(W3CHttpResponseCodec.java:187)
at org.openqa.selenium.remote.http.W3CHttpResponseCodec.decode(W3CHttpResponseCodec.java:122)
at org.openqa.selenium.remote.http.W3CHttpResponseCodec.decode(W3CHttpResponseCodec.java:49)
at org.openqa.selenium.remote.HttpCommandExecutor.execute(HttpCommandExecutor.java:158)
at org.openqa.selenium.remote.service.DriverCommandExecutor.execute(DriverCommandExecutor.java:83)
at org.openqa.selenium.remote.RemoteWebDriver.execute(RemoteWebDriver.java:548)
at org.openqa.selenium.remote.RemoteWebDriver.findElement(RemoteWebDriver.java:322)
at org.openqa.selenium.remote.RemoteWebDriver.findElementById(RemoteWebDriver.java:368)
at org.openqa.selenium.By$ById.findElement(By.java:188)
at org.openqa.selenium.remote.RemoteWebDriver.findElement(RemoteWebDriver.java:314)
at org.openqa.selenium.support.pagefactory.DefaultElementLocator.findElement(DefaultElementLocator.java:69)
at org.openqa.selenium.support.pagefactory.internal.LocatingElementHandler.invoke(LocatingElementHandler.java:38)
at com.sun.proxy.$Proxy14.clear(Unknown Source)
at Helpers.Helper.setValue(Helper.java:68)
at TestPage.TestDashboard.Backup.TestValidateDb.InitTestValidateDb(TestValidateDb.java:109)
at TestPage.TestDashboard.Backup.TestValidateDb.testCheckShutdownTimeoutEmptyField(TestValidateDb.java:69)
at java.base/jdk.internal.reflect.NativeMethodAccessorImpl.invoke0(Native Method)
at java.base/jdk.internal.reflect.NativeMethodAccessorImpl.invoke(NativeMethodAccessorImpl.java:62)
at java.base/jdk.internal.reflect.DelegatingMethodAccessorImpl.invoke(DelegatingMethodAccessorImpl.java:43)
at java.base/java.lang.reflect.Method.invoke(Method.java:567)
at org.testng.internal.MethodInvocationHelper.invokeMethod(MethodInvocationHelper.java:133)
at org.testng.internal.TestInvoker.invokeMethod(TestInvoker.java:584)
at org.testng.internal.TestInvoker.invokeTestMethod(TestInvoker.java:172)
at org.testng.internal.MethodRunner.runInSequence(MethodRunner.java:46)
at org.testng.internal.TestInvoker$MethodInvocationAgent.invoke(TestInvoker.java:804)
at org.testng.internal.TestInvoker.invokeTestMethods(TestInvoker.java:145)
at org.testng.internal.TestMethodWorker.invokeTestMethods(TestMethodWorker.java:146)
at org.testng.internal.TestMethodWorker.run(TestMethodWorker.java:128)
at java.base/java.util.ArrayList.forEach(ArrayList.java:1540)
at org.testng.TestRunner.privateRun(TestRunner.java:770)
at org.testng.TestRunner.run(TestRunner.java:591)
at org.testng.SuiteRunner.runTest(SuiteRunner.java:402)
at org.testng.SuiteRunner.runSequentially(SuiteRunner.java:396)
at org.testng.SuiteRunner.privateRun(SuiteRunner.java:355)
at org.testng.SuiteRunner.run(SuiteRunner.java:304)
at org.testng.SuiteRunnerWorker.runSuite(SuiteRunnerWorker.java:53)
at org.testng.SuiteRunnerWorker.run(SuiteRunnerWorker.java:96)
at org.testng.TestNG.runSuitesSequentially(TestNG.java:1180)
at org.testng.TestNG.runSuitesLocally(TestNG.java:1102)
at org.testng.TestNG.runSuites(TestNG.java:1032)
at org.testng.TestNG.run(TestNG.java:1000)
at org.apache.maven.surefire.testng.TestNGExecutor.run(TestNGExecutor.java:283)
at org.apache.maven.surefire.testng.TestNGXmlTestSuite.execute(TestNGXmlTestSuite.java:75)
at org.apache.maven.surefire.testng.TestNGProvider.invoke(TestNGProvider.java:120)
at org.apache.maven.surefire.booter.ForkedBooter.runSuitesInProcess(ForkedBooter.java:377)
at org.apache.maven.surefire.booter.ForkedBooter.execute(ForkedBooter.java:138)
at org.apache.maven.surefire.booter.ForkedBooter.run(ForkedBooter.java:465)
at org.apache.maven.surefire.booter.ForkedBooter.main(ForkedBooter.java:451)
]]>
            </full-stacktrace>
          </exception> <!-- org.openqa.selenium.NoSuchElementException -->
          <reporter-output>
          </reporter-output>
        </test-method> <!-- testCheckShutdownTimeoutEmptyField -->
        <test-method is-config="true" signature="methodTearDown(java.lang.reflect.Method, org.testng.ITestResult)[pri:0, instance:TestPage.TestDashboard.Backup.TestValidateDb@7a94b64e]" started-at="2020-02-05T23:52:54 GMT+03:00" name="methodTearDown" finished-at="2020-02-05T23:52:54 GMT+03:00" duration-ms="365" status="PASS">
          <params>
            <param index="0">
              <value>
                <![CDATA[public void TestPage.TestDashboard.Backup.TestValidateDb.testCheckShutdownTimeoutEmptyField()]]>
              </value>
            </param>
            <param index="1">
              <value>
                <![CDATA[[TestResult name=testCheckShutdownTimeoutEmptyField status=FAILURE method=TestValidateDb.testCheckShutdownTimeoutEmptyField()[pri:2, instance:TestPage.TestDashboard.Backup.TestValidateDb@7a94b64e] output={null}]]]>
              </value>
            </param>
          </params>
          <reporter-output>
          </reporter-output>
        </test-method> <!-- methodTearDown -->
        <test-method signature="testCreateValidateBDCorrect()[pri:3, instance:TestPage.TestDashboard.Backup.TestValidateDb@7a94b64e]" started-at="2020-02-05T23:52:54 GMT+03:00" name="testCreateValidateBDCorrect" finished-at="2020-02-05T23:52:58 GMT+03:00" duration-ms="3071" status="FAIL">
          <exception class="org.openqa.selenium.NoSuchElementException">
            <message>
              <![CDATA[no such element: Unable to locate element: {"method":"css selector","selector":"#form\-cron\-expression"}
  (Session info: chrome=79.0.3945.130)
For documentation on this error, please visit: http://seleniumhq.org/exceptions/no_such_element.html
Build info: version: '3.14.0', revision: 'aacccce0', time: '2018-08-02T20:19:58.91Z'
System info: host: 'MSI', ip: '192.168.0.105', os.name: 'Windows 10', os.arch: 'amd64', os.version: '10.0', java.version: '12'
Driver info: org.openqa.selenium.chrome.ChromeDriver
Capabilities {acceptInsecureCerts: false, browserName: chrome, browserVersion: 79.0.3945.130, chrome: {chromedriverVersion: 78.0.3904.70 (edb9c9f3de024..., userDataDir: C:\Users\Proger\AppData\Loc...}, goog:chromeOptions: {debuggerAddress: localhost:51119}, javascriptEnabled: true, networkConnectionEnabled: false, pageLoadStrategy: normal, platform: XP, platformName: XP, proxy: Proxy(), setWindowRect: true, strictFileInteractability: false, timeouts: {implicit: 0, pageLoad: 300000, script: 30000}, unhandledPromptBehavior: dismiss and notify}
Session ID: e06d9cc8825f39d2eff65e1f8163cc08
*** Element info: {Using=id, value=form-cron-expression}]]>
            </message>
            <full-stacktrace>
              <![CDATA[org.openqa.selenium.NoSuchElementException: no such element: Unable to locate element: {"method":"css selector","selector":"#form\-cron\-expression"}
  (Session info: chrome=79.0.3945.130)
For documentation on this error, please visit: http://seleniumhq.org/exceptions/no_such_element.html
Build info: version: '3.14.0', revision: 'aacccce0', time: '2018-08-02T20:19:58.91Z'
System info: host: 'MSI', ip: '192.168.0.105', os.name: 'Windows 10', os.arch: 'amd64', os.version: '10.0', java.version: '12'
Driver info: org.openqa.selenium.chrome.ChromeDriver
Capabilities {acceptInsecureCerts: false, browserName: chrome, browserVersion: 79.0.3945.130, chrome: {chromedriverVersion: 78.0.3904.70 (edb9c9f3de024..., userDataDir: C:\Users\Proger\AppData\Loc...}, goog:chromeOptions: {debuggerAddress: localhost:51119}, javascriptEnabled: true, networkConnectionEnabled: false, pageLoadStrategy: normal, platform: XP, platformName: XP, proxy: Proxy(), setWindowRect: true, strictFileInteractability: false, timeouts: {implicit: 0, pageLoad: 300000, script: 30000}, unhandledPromptBehavior: dismiss and notify}
Session ID: e06d9cc8825f39d2eff65e1f8163cc08
*** Element info: {Using=id, value=form-cron-expression}
at java.base/jdk.internal.reflect.NativeConstructorAccessorImpl.newInstance0(Native Method)
at java.base/jdk.internal.reflect.NativeConstructorAccessorImpl.newInstance(NativeConstructorAccessorImpl.java:62)
at java.base/jdk.internal.reflect.DelegatingConstructorAccessorImpl.newInstance(DelegatingConstructorAccessorImpl.java:45)
at java.base/java.lang.reflect.Constructor.newInstanceWithCaller(Constructor.java:500)
at java.base/java.lang.reflect.Constructor.newInstance(Constructor.java:481)
at org.openqa.selenium.remote.http.W3CHttpResponseCodec.createException(W3CHttpResponseCodec.java:187)
at org.openqa.selenium.remote.http.W3CHttpResponseCodec.decode(W3CHttpResponseCodec.java:122)
at org.openqa.selenium.remote.http.W3CHttpResponseCodec.decode(W3CHttpResponseCodec.java:49)
at org.openqa.selenium.remote.HttpCommandExecutor.execute(HttpCommandExecutor.java:158)
at org.openqa.selenium.remote.service.DriverCommandExecutor.execute(DriverCommandExecutor.java:83)
at org.openqa.selenium.remote.RemoteWebDriver.execute(RemoteWebDriver.java:548)
at org.openqa.selenium.remote.RemoteWebDriver.findElement(RemoteWebDriver.java:322)
at org.openqa.selenium.remote.RemoteWebDriver.findElementById(RemoteWebDriver.java:368)
at org.openqa.selenium.By$ById.findElement(By.java:188)
at org.openqa.selenium.remote.RemoteWebDriver.findElement(RemoteWebDriver.java:314)
at org.openqa.selenium.support.pagefactory.DefaultElementLocator.findElement(DefaultElementLocator.java:69)
at org.openqa.selenium.support.pagefactory.internal.LocatingElementHandler.invoke(LocatingElementHandler.java:38)
at com.sun.proxy.$Proxy14.clear(Unknown Source)
at Helpers.Helper.setValue(Helper.java:68)
at TestPage.TestDashboard.Backup.TestValidateDb.InitTestValidateDb(TestValidateDb.java:109)
at TestPage.TestDashboard.Backup.TestValidateDb.testCreateValidateBDCorrect(TestValidateDb.java:86)
at java.base/jdk.internal.reflect.NativeMethodAccessorImpl.invoke0(Native Method)
at java.base/jdk.internal.reflect.NativeMethodAccessorImpl.invoke(NativeMethodAccessorImpl.java:62)
at java.base/jdk.internal.reflect.DelegatingMethodAccessorImpl.invoke(DelegatingMethodAccessorImpl.java:43)
at java.base/java.lang.reflect.Method.invoke(Method.java:567)
at org.testng.internal.MethodInvocationHelper.invokeMethod(MethodInvocationHelper.java:133)
at org.testng.internal.TestInvoker.invokeMethod(TestInvoker.java:584)
at org.testng.internal.TestInvoker.invokeTestMethod(TestInvoker.java:172)
at org.testng.internal.MethodRunner.runInSequence(MethodRunner.java:46)
at org.testng.internal.TestInvoker$MethodInvocationAgent.invoke(TestInvoker.java:804)
at org.testng.internal.TestInvoker.invokeTestMethods(TestInvoker.java:145)
at org.testng.internal.TestMethodWorker.invokeTestMethods(TestMethodWorker.java:146)
at org.testng.internal.TestMethodWorker.run(TestMethodWorker.java:128)
at java.base/java.util.ArrayList.forEach(ArrayList.java:1540)
at org.testng.TestRunner.privateRun(TestRunner.java:770)
at org.testng.TestRunner.run(TestRunner.java:591)
at org.testng.SuiteRunner.runTest(SuiteRunner.java:402)
at org.testng.SuiteRunner.runSequentially(SuiteRunner.java:396)
at org.testng.SuiteRunner.privateRun(SuiteRunner.java:355)
at org.testng.SuiteRunner.run(SuiteRunner.java:304)
at org.testng.SuiteRunnerWorker.runSuite(SuiteRunnerWorker.java:53)
at org.testng.SuiteRunnerWorker.run(SuiteRunnerWorker.java:96)
at org.testng.TestNG.runSuitesSequentially(TestNG.java:1180)
at org.testng.TestNG.runSuitesLocally(TestNG.java:1102)
at org.testng.TestNG.runSuites(TestNG.java:1032)
at org.testng.TestNG.run(TestNG.java:1000)
at org.apache.maven.surefire.testng.TestNGExecutor.run(TestNGExecutor.java:283)
at org.apache.maven.surefire.testng.TestNGXmlTestSuite.execute(TestNGXmlTestSuite.java:75)
at org.apache.maven.surefire.testng.TestNGProvider.invoke(TestNGProvider.java:120)
at org.apache.maven.surefire.booter.ForkedBooter.runSuitesInProcess(ForkedBooter.java:377)
at org.apache.maven.surefire.booter.ForkedBooter.execute(ForkedBooter.java:138)
at org.apache.maven.surefire.booter.ForkedBooter.run(ForkedBooter.java:465)
at org.apache.maven.surefire.booter.ForkedBooter.main(ForkedBooter.java:451)
]]>
            </full-stacktrace>
          </exception> <!-- org.openqa.selenium.NoSuchElementException -->
          <reporter-output>
          </reporter-output>
        </test-method> <!-- testCreateValidateBDCorrect -->
        <test-method is-config="true" signature="methodTearDown(java.lang.reflect.Method, org.testng.ITestResult)[pri:0, instance:TestPage.TestDashboard.Backup.TestValidateDb@7a94b64e]" started-at="2020-02-05T23:52:58 GMT+03:00" name="methodTearDown" finished-at="2020-02-05T23:52:58 GMT+03:00" duration-ms="358" status="PASS">
          <params>
            <param index="0">
              <value>
                <![CDATA[public void TestPage.TestDashboard.Backup.TestValidateDb.testCreateValidateBDCorrect()]]>
              </value>
            </param>
            <param index="1">
              <value>
                <![CDATA[[TestResult name=testCreateValidateBDCorrect status=FAILURE method=TestValidateDb.testCreateValidateBDCorrect()[pri:3, instance:TestPage.TestDashboard.Backup.TestValidateDb@7a94b64e] output={null}]]]>
              </value>
            </param>
          </params>
          <reporter-output>
          </reporter-output>
        </test-method> <!-- methodTearDown -->
      </class> <!-- TestPage.TestDashboard.Backup.TestValidateDb -->
      <class name="TestPage.TestDashboard.Backup.TestRestoreDb">
        <test-method is-config="true" signature="classSetUp()[pri:0, instance:TestPage.TestDashboard.Backup.TestRestoreDb@400d912a]" started-at="2020-02-05T23:51:00 GMT+03:00" name="classSetUp" finished-at="2020-02-05T23:51:03 GMT+03:00" duration-ms="2995" status="PASS">
          <reporter-output>
          </reporter-output>
        </test-method> <!-- classSetUp -->
        <test-method signature="testCreateRestoreDbScheduleIncorrect()[pri:1, instance:TestPage.TestDashboard.Backup.TestRestoreDb@400d912a]" started-at="2020-02-05T23:51:03 GMT+03:00" name="testCreateRestoreDbScheduleIncorrect" finished-at="2020-02-05T23:51:04 GMT+03:00" duration-ms="1730" status="PASS">
          <reporter-output>
          </reporter-output>
        </test-method> <!-- testCreateRestoreDbScheduleIncorrect -->
        <test-method is-config="true" signature="methodTearDown(java.lang.reflect.Method, org.testng.ITestResult)[pri:0, instance:TestPage.TestDashboard.Backup.TestRestoreDb@400d912a]" started-at="2020-02-05T23:51:04 GMT+03:00" name="methodTearDown" finished-at="2020-02-05T23:51:04 GMT+03:00" duration-ms="1" status="PASS">
          <params>
            <param index="0">
              <value>
                <![CDATA[public void TestPage.TestDashboard.Backup.TestRestoreDb.testCreateRestoreDbScheduleIncorrect()]]>
              </value>
            </param>
            <param index="1">
              <value>
                <![CDATA[[TestResult name=testCreateRestoreDbScheduleIncorrect status=SUCCESS method=TestRestoreDb.testCreateRestoreDbScheduleIncorrect()[pri:1, instance:TestPage.TestDashboard.Backup.TestRestoreDb@400d912a] output={null}]]]>
              </value>
            </param>
          </params>
          <reporter-output>
          </reporter-output>
        </test-method> <!-- methodTearDown -->
        <test-method signature="testCreateRestoreDbBackupFolderEmptyField()[pri:2, instance:TestPage.TestDashboard.Backup.TestRestoreDb@400d912a]" started-at="2020-02-05T23:51:04 GMT+03:00" name="testCreateRestoreDbBackupFolderEmptyField" finished-at="2020-02-05T23:51:06 GMT+03:00" duration-ms="1312" status="PASS">
          <reporter-output>
          </reporter-output>
        </test-method> <!-- testCreateRestoreDbBackupFolderEmptyField -->
        <test-method is-config="true" signature="methodTearDown(java.lang.reflect.Method, org.testng.ITestResult)[pri:0, instance:TestPage.TestDashboard.Backup.TestRestoreDb@400d912a]" started-at="2020-02-05T23:51:06 GMT+03:00" name="methodTearDown" finished-at="2020-02-05T23:51:06 GMT+03:00" duration-ms="0" status="PASS">
          <params>
            <param index="0">
              <value>
                <![CDATA[public void TestPage.TestDashboard.Backup.TestRestoreDb.testCreateRestoreDbBackupFolderEmptyField()]]>
              </value>
            </param>
            <param index="1">
              <value>
                <![CDATA[[TestResult name=testCreateRestoreDbBackupFolderEmptyField status=SUCCESS method=TestRestoreDb.testCreateRestoreDbBackupFolderEmptyField()[pri:2, instance:TestPage.TestDashboard.Backup.TestRestoreDb@400d912a] output={null}]]]>
              </value>
            </param>
          </params>
          <reporter-output>
          </reporter-output>
        </test-method> <!-- methodTearDown -->
        <test-method signature="testCreateRestoreDbPathTemplateBackupFolderEmptyField()[pri:3, instance:TestPage.TestDashboard.Backup.TestRestoreDb@400d912a]" started-at="2020-02-05T23:51:06 GMT+03:00" name="testCreateRestoreDbPathTemplateBackupFolderEmptyField" finished-at="2020-02-05T23:51:07 GMT+03:00" duration-ms="1243" status="PASS">
          <reporter-output>
          </reporter-output>
        </test-method> <!-- testCreateRestoreDbPathTemplateBackupFolderEmptyField -->
        <test-method is-config="true" signature="methodTearDown(java.lang.reflect.Method, org.testng.ITestResult)[pri:0, instance:TestPage.TestDashboard.Backup.TestRestoreDb@400d912a]" started-at="2020-02-05T23:51:07 GMT+03:00" name="methodTearDown" finished-at="2020-02-05T23:51:07 GMT+03:00" duration-ms="0" status="PASS">
          <params>
            <param index="0">
              <value>
                <![CDATA[public void TestPage.TestDashboard.Backup.TestRestoreDb.testCreateRestoreDbPathTemplateBackupFolderEmptyField()]]>
              </value>
            </param>
            <param index="1">
              <value>
                <![CDATA[[TestResult name=testCreateRestoreDbPathTemplateBackupFolderEmptyField status=SUCCESS method=TestRestoreDb.testCreateRestoreDbPathTemplateBackupFolderEmptyField()[pri:3, instance:TestPage.TestDashboard.Backup.TestRestoreDb@400d912a] output={null}]]]>
              </value>
            </param>
          </params>
          <reporter-output>
          </reporter-output>
        </test-method> <!-- methodTearDown -->
        <test-method signature="testCreateRestoreTimeTakeBackupEmptyField()[pri:4, instance:TestPage.TestDashboard.Backup.TestRestoreDb@400d912a]" started-at="2020-02-05T23:51:07 GMT+03:00" name="testCreateRestoreTimeTakeBackupEmptyField" finished-at="2020-02-05T23:51:08 GMT+03:00" duration-ms="1267" status="PASS">
          <reporter-output>
          </reporter-output>
        </test-method> <!-- testCreateRestoreTimeTakeBackupEmptyField -->
        <test-method is-config="true" signature="methodTearDown(java.lang.reflect.Method, org.testng.ITestResult)[pri:0, instance:TestPage.TestDashboard.Backup.TestRestoreDb@400d912a]" started-at="2020-02-05T23:51:08 GMT+03:00" name="methodTearDown" finished-at="2020-02-05T23:51:08 GMT+03:00" duration-ms="1" status="PASS">
          <params>
            <param index="0">
              <value>
                <![CDATA[public void TestPage.TestDashboard.Backup.TestRestoreDb.testCreateRestoreTimeTakeBackupEmptyField()]]>
              </value>
            </param>
            <param index="1">
              <value>
                <![CDATA[[TestResult name=testCreateRestoreTimeTakeBackupEmptyField status=SUCCESS method=TestRestoreDb.testCreateRestoreTimeTakeBackupEmptyField()[pri:4, instance:TestPage.TestDashboard.Backup.TestRestoreDb@400d912a] output={null}]]]>
              </value>
            </param>
          </params>
          <reporter-output>
          </reporter-output>
        </test-method> <!-- methodTearDown -->
        <test-method signature="testCreateRestoreDbPathRestoreFolderEmptyField()[pri:5, instance:TestPage.TestDashboard.Backup.TestRestoreDb@400d912a]" started-at="2020-02-05T23:51:08 GMT+03:00" name="testCreateRestoreDbPathRestoreFolderEmptyField" finished-at="2020-02-05T23:51:10 GMT+03:00" duration-ms="1378" status="PASS">
          <reporter-output>
          </reporter-output>
        </test-method> <!-- testCreateRestoreDbPathRestoreFolderEmptyField -->
        <test-method is-config="true" signature="methodTearDown(java.lang.reflect.Method, org.testng.ITestResult)[pri:0, instance:TestPage.TestDashboard.Backup.TestRestoreDb@400d912a]" started-at="2020-02-05T23:51:10 GMT+03:00" name="methodTearDown" finished-at="2020-02-05T23:51:10 GMT+03:00" duration-ms="1" status="PASS">
          <params>
            <param index="0">
              <value>
                <![CDATA[public void TestPage.TestDashboard.Backup.TestRestoreDb.testCreateRestoreDbPathRestoreFolderEmptyField()]]>
              </value>
            </param>
            <param index="1">
              <value>
                <![CDATA[[TestResult name=testCreateRestoreDbPathRestoreFolderEmptyField status=SUCCESS method=TestRestoreDb.testCreateRestoreDbPathRestoreFolderEmptyField()[pri:5, instance:TestPage.TestDashboard.Backup.TestRestoreDb@400d912a] output={null}]]]>
              </value>
            </param>
          </params>
          <reporter-output>
          </reporter-output>
        </test-method> <!-- methodTearDown -->
        <test-method signature="testCreateRestoreDbRestoreFileNameEmptyField()[pri:6, instance:TestPage.TestDashboard.Backup.TestRestoreDb@400d912a]" started-at="2020-02-05T23:51:10 GMT+03:00" name="testCreateRestoreDbRestoreFileNameEmptyField" finished-at="2020-02-05T23:51:11 GMT+03:00" duration-ms="1757" status="PASS">
          <reporter-output>
          </reporter-output>
        </test-method> <!-- testCreateRestoreDbRestoreFileNameEmptyField -->
        <test-method is-config="true" signature="methodTearDown(java.lang.reflect.Method, org.testng.ITestResult)[pri:0, instance:TestPage.TestDashboard.Backup.TestRestoreDb@400d912a]" started-at="2020-02-05T23:51:11 GMT+03:00" name="methodTearDown" finished-at="2020-02-05T23:51:11 GMT+03:00" duration-ms="0" status="PASS">
          <params>
            <param index="0">
              <value>
                <![CDATA[public void TestPage.TestDashboard.Backup.TestRestoreDb.testCreateRestoreDbRestoreFileNameEmptyField()]]>
              </value>
            </param>
            <param index="1">
              <value>
                <![CDATA[[TestResult name=testCreateRestoreDbRestoreFileNameEmptyField status=SUCCESS method=TestRestoreDb.testCreateRestoreDbRestoreFileNameEmptyField()[pri:6, instance:TestPage.TestDashboard.Backup.TestRestoreDb@400d912a] output={null}]]]>
              </value>
            </param>
          </params>
          <reporter-output>
          </reporter-output>
        </test-method> <!-- methodTearDown -->
        <test-method signature="testCreateRestoreDbSuffixFileNameEmptyField()[pri:7, instance:TestPage.TestDashboard.Backup.TestRestoreDb@400d912a]" started-at="2020-02-05T23:51:11 GMT+03:00" name="testCreateRestoreDbSuffixFileNameEmptyField" finished-at="2020-02-05T23:51:13 GMT+03:00" duration-ms="1242" status="PASS">
          <reporter-output>
          </reporter-output>
        </test-method> <!-- testCreateRestoreDbSuffixFileNameEmptyField -->
        <test-method is-config="true" signature="methodTearDown(java.lang.reflect.Method, org.testng.ITestResult)[pri:0, instance:TestPage.TestDashboard.Backup.TestRestoreDb@400d912a]" started-at="2020-02-05T23:51:13 GMT+03:00" name="methodTearDown" finished-at="2020-02-05T23:51:13 GMT+03:00" duration-ms="1" status="PASS">
          <params>
            <param index="0">
              <value>
                <![CDATA[public void TestPage.TestDashboard.Backup.TestRestoreDb.testCreateRestoreDbSuffixFileNameEmptyField()]]>
              </value>
            </param>
            <param index="1">
              <value>
                <![CDATA[[TestResult name=testCreateRestoreDbSuffixFileNameEmptyField status=SUCCESS method=TestRestoreDb.testCreateRestoreDbSuffixFileNameEmptyField()[pri:7, instance:TestPage.TestDashboard.Backup.TestRestoreDb@400d912a] output={null}]]]>
              </value>
            </param>
          </params>
          <reporter-output>
          </reporter-output>
        </test-method> <!-- methodTearDown -->
        <test-method signature="testCreateRestoreDbLimitProcessTimeEmptyField()[pri:8, instance:TestPage.TestDashboard.Backup.TestRestoreDb@400d912a]" started-at="2020-02-05T23:51:13 GMT+03:00" name="testCreateRestoreDbLimitProcessTimeEmptyField" finished-at="2020-02-05T23:51:14 GMT+03:00" duration-ms="1316" status="PASS">
          <reporter-output>
          </reporter-output>
        </test-method> <!-- testCreateRestoreDbLimitProcessTimeEmptyField -->
        <test-method is-config="true" signature="methodTearDown(java.lang.reflect.Method, org.testng.ITestResult)[pri:0, instance:TestPage.TestDashboard.Backup.TestRestoreDb@400d912a]" started-at="2020-02-05T23:51:14 GMT+03:00" name="methodTearDown" finished-at="2020-02-05T23:51:14 GMT+03:00" duration-ms="0" status="PASS">
          <params>
            <param index="0">
              <value>
                <![CDATA[public void TestPage.TestDashboard.Backup.TestRestoreDb.testCreateRestoreDbLimitProcessTimeEmptyField()]]>
              </value>
            </param>
            <param index="1">
              <value>
                <![CDATA[[TestResult name=testCreateRestoreDbLimitProcessTimeEmptyField status=SUCCESS method=TestRestoreDb.testCreateRestoreDbLimitProcessTimeEmptyField()[pri:8, instance:TestPage.TestDashboard.Backup.TestRestoreDb@400d912a] output={null}]]]>
              </value>
            </param>
          </params>
          <reporter-output>
          </reporter-output>
        </test-method> <!-- methodTearDown -->
        <test-method signature="testCreateRestoreDbMinFreeSpaceEmptyField()[pri:9, instance:TestPage.TestDashboard.Backup.TestRestoreDb@400d912a]" started-at="2020-02-05T23:51:14 GMT+03:00" name="testCreateRestoreDbMinFreeSpaceEmptyField" finished-at="2020-02-05T23:51:16 GMT+03:00" duration-ms="1229" status="PASS">
          <reporter-output>
          </reporter-output>
        </test-method> <!-- testCreateRestoreDbMinFreeSpaceEmptyField -->
        <test-method is-config="true" signature="methodTearDown(java.lang.reflect.Method, org.testng.ITestResult)[pri:0, instance:TestPage.TestDashboard.Backup.TestRestoreDb@400d912a]" started-at="2020-02-05T23:51:16 GMT+03:00" name="methodTearDown" finished-at="2020-02-05T23:51:16 GMT+03:00" duration-ms="1" status="PASS">
          <params>
            <param index="0">
              <value>
                <![CDATA[public void TestPage.TestDashboard.Backup.TestRestoreDb.testCreateRestoreDbMinFreeSpaceEmptyField()]]>
              </value>
            </param>
            <param index="1">
              <value>
                <![CDATA[[TestResult name=testCreateRestoreDbMinFreeSpaceEmptyField status=SUCCESS method=TestRestoreDb.testCreateRestoreDbMinFreeSpaceEmptyField()[pri:9, instance:TestPage.TestDashboard.Backup.TestRestoreDb@400d912a] output={null}]]]>
              </value>
            </param>
          </params>
          <reporter-output>
          </reporter-output>
        </test-method> <!-- methodTearDown -->
        <test-method signature="testCreateRestoreDbCorrect()[pri:10, instance:TestPage.TestDashboard.Backup.TestRestoreDb@400d912a]" started-at="2020-02-05T23:51:16 GMT+03:00" name="testCreateRestoreDbCorrect" finished-at="2020-02-05T23:51:49 GMT+03:00" duration-ms="33656" status="PASS">
          <reporter-output>
          </reporter-output>
        </test-method> <!-- testCreateRestoreDbCorrect -->
        <test-method is-config="true" signature="methodTearDown(java.lang.reflect.Method, org.testng.ITestResult)[pri:0, instance:TestPage.TestDashboard.Backup.TestRestoreDb@400d912a]" started-at="2020-02-05T23:51:49 GMT+03:00" name="methodTearDown" finished-at="2020-02-05T23:51:49 GMT+03:00" duration-ms="1" status="PASS">
          <params>
            <param index="0">
              <value>
                <![CDATA[public void TestPage.TestDashboard.Backup.TestRestoreDb.testCreateRestoreDbCorrect()]]>
              </value>
            </param>
            <param index="1">
              <value>
                <![CDATA[[TestResult name=testCreateRestoreDbCorrect status=SUCCESS method=TestRestoreDb.testCreateRestoreDbCorrect()[pri:10, instance:TestPage.TestDashboard.Backup.TestRestoreDb@400d912a] output={null}]]]>
              </value>
            </param>
          </params>
          <reporter-output>
          </reporter-output>
        </test-method> <!-- methodTearDown -->
      </class> <!-- TestPage.TestDashboard.Backup.TestRestoreDb -->
      <class name="TestPage.TestDashboard.Backup.TestDumpBackup">
        <test-method is-config="true" signature="classSetUp()[pri:0, instance:TestPage.TestDashboard.Backup.TestDumpBackup@7e97551f]" started-at="2020-02-05T23:50:21 GMT+03:00" name="classSetUp" finished-at="2020-02-05T23:50:24 GMT+03:00" duration-ms="2886" status="PASS">
          <reporter-output>
          </reporter-output>
        </test-method> <!-- classSetUp -->
        <test-method signature="testCreateDumpBackupScheduleIncorrect()[pri:1, instance:TestPage.TestDashboard.Backup.TestDumpBackup@7e97551f]" started-at="2020-02-05T23:50:24 GMT+03:00" name="testCreateDumpBackupScheduleIncorrect" finished-at="2020-02-05T23:50:25 GMT+03:00" duration-ms="776" status="PASS">
          <reporter-output>
          </reporter-output>
        </test-method> <!-- testCreateDumpBackupScheduleIncorrect -->
        <test-method is-config="true" signature="methodTearDown(java.lang.reflect.Method, org.testng.ITestResult)[pri:0, instance:TestPage.TestDashboard.Backup.TestDumpBackup@7e97551f]" started-at="2020-02-05T23:50:25 GMT+03:00" name="methodTearDown" finished-at="2020-02-05T23:50:25 GMT+03:00" duration-ms="0" status="PASS">
          <params>
            <param index="0">
              <value>
                <![CDATA[public void TestPage.TestDashboard.Backup.TestDumpBackup.testCreateDumpBackupScheduleIncorrect()]]>
              </value>
            </param>
            <param index="1">
              <value>
                <![CDATA[[TestResult name=testCreateDumpBackupScheduleIncorrect status=SUCCESS method=TestDumpBackup.testCreateDumpBackupScheduleIncorrect()[pri:1, instance:TestPage.TestDashboard.Backup.TestDumpBackup@7e97551f] output={null}]]]>
              </value>
            </param>
          </params>
          <reporter-output>
          </reporter-output>
        </test-method> <!-- methodTearDown -->
        <test-method signature="testCreateDumpBackupMinFreeSpaceEmpty()[pri:2, instance:TestPage.TestDashboard.Backup.TestDumpBackup@7e97551f]" started-at="2020-02-05T23:50:25 GMT+03:00" name="testCreateDumpBackupMinFreeSpaceEmpty" finished-at="2020-02-05T23:50:25 GMT+03:00" duration-ms="560" status="PASS">
          <reporter-output>
          </reporter-output>
        </test-method> <!-- testCreateDumpBackupMinFreeSpaceEmpty -->
        <test-method is-config="true" signature="methodTearDown(java.lang.reflect.Method, org.testng.ITestResult)[pri:0, instance:TestPage.TestDashboard.Backup.TestDumpBackup@7e97551f]" started-at="2020-02-05T23:50:25 GMT+03:00" name="methodTearDown" finished-at="2020-02-05T23:50:25 GMT+03:00" duration-ms="0" status="PASS">
          <params>
            <param index="0">
              <value>
                <![CDATA[public void TestPage.TestDashboard.Backup.TestDumpBackup.testCreateDumpBackupMinFreeSpaceEmpty()]]>
              </value>
            </param>
            <param index="1">
              <value>
                <![CDATA[[TestResult name=testCreateDumpBackupMinFreeSpaceEmpty status=SUCCESS method=TestDumpBackup.testCreateDumpBackupMinFreeSpaceEmpty()[pri:2, instance:TestPage.TestDashboard.Backup.TestDumpBackup@7e97551f] output={null}]]]>
              </value>
            </param>
          </params>
          <reporter-output>
          </reporter-output>
        </test-method> <!-- methodTearDown -->
        <test-method signature="testCreateDumpBackupPathFolderEmpty()[pri:3, instance:TestPage.TestDashboard.Backup.TestDumpBackup@7e97551f]" started-at="2020-02-05T23:50:25 GMT+03:00" name="testCreateDumpBackupPathFolderEmpty" finished-at="2020-02-05T23:50:26 GMT+03:00" duration-ms="666" status="PASS">
          <reporter-output>
          </reporter-output>
        </test-method> <!-- testCreateDumpBackupPathFolderEmpty -->
        <test-method is-config="true" signature="methodTearDown(java.lang.reflect.Method, org.testng.ITestResult)[pri:0, instance:TestPage.TestDashboard.Backup.TestDumpBackup@7e97551f]" started-at="2020-02-05T23:50:26 GMT+03:00" name="methodTearDown" finished-at="2020-02-05T23:50:26 GMT+03:00" duration-ms="0" status="PASS">
          <params>
            <param index="0">
              <value>
                <![CDATA[public void TestPage.TestDashboard.Backup.TestDumpBackup.testCreateDumpBackupPathFolderEmpty()]]>
              </value>
            </param>
            <param index="1">
              <value>
                <![CDATA[[TestResult name=testCreateDumpBackupPathFolderEmpty status=SUCCESS method=TestDumpBackup.testCreateDumpBackupPathFolderEmpty()[pri:3, instance:TestPage.TestDashboard.Backup.TestDumpBackup@7e97551f] output={null}]]]>
              </value>
            </param>
          </params>
          <reporter-output>
          </reporter-output>
        </test-method> <!-- methodTearDown -->
        <test-method signature="testCreateDumpBackupMaxNumbFilesEmpty()[pri:4, instance:TestPage.TestDashboard.Backup.TestDumpBackup@7e97551f]" started-at="2020-02-05T23:50:26 GMT+03:00" name="testCreateDumpBackupMaxNumbFilesEmpty" finished-at="2020-02-05T23:50:27 GMT+03:00" duration-ms="572" status="PASS">
          <reporter-output>
          </reporter-output>
        </test-method> <!-- testCreateDumpBackupMaxNumbFilesEmpty -->
        <test-method is-config="true" signature="methodTearDown(java.lang.reflect.Method, org.testng.ITestResult)[pri:0, instance:TestPage.TestDashboard.Backup.TestDumpBackup@7e97551f]" started-at="2020-02-05T23:50:27 GMT+03:00" name="methodTearDown" finished-at="2020-02-05T23:50:27 GMT+03:00" duration-ms="1" status="PASS">
          <params>
            <param index="0">
              <value>
                <![CDATA[public void TestPage.TestDashboard.Backup.TestDumpBackup.testCreateDumpBackupMaxNumbFilesEmpty()]]>
              </value>
            </param>
            <param index="1">
              <value>
                <![CDATA[[TestResult name=testCreateDumpBackupMaxNumbFilesEmpty status=SUCCESS method=TestDumpBackup.testCreateDumpBackupMaxNumbFilesEmpty()[pri:4, instance:TestPage.TestDashboard.Backup.TestDumpBackup@7e97551f] output={null}]]]>
              </value>
            </param>
          </params>
          <reporter-output>
          </reporter-output>
        </test-method> <!-- methodTearDown -->
        <test-method signature="testCreateDumpBackupCorrect()[pri:5, instance:TestPage.TestDashboard.Backup.TestDumpBackup@7e97551f]" started-at="2020-02-05T23:50:27 GMT+03:00" name="testCreateDumpBackupCorrect" finished-at="2020-02-05T23:51:00 GMT+03:00" duration-ms="32916" status="PASS">
          <reporter-output>
          </reporter-output>
        </test-method> <!-- testCreateDumpBackupCorrect -->
        <test-method is-config="true" signature="methodTearDown(java.lang.reflect.Method, org.testng.ITestResult)[pri:0, instance:TestPage.TestDashboard.Backup.TestDumpBackup@7e97551f]" started-at="2020-02-05T23:51:00 GMT+03:00" name="methodTearDown" finished-at="2020-02-05T23:51:00 GMT+03:00" duration-ms="1" status="PASS">
          <params>
            <param index="0">
              <value>
                <![CDATA[public void TestPage.TestDashboard.Backup.TestDumpBackup.testCreateDumpBackupCorrect()]]>
              </value>
            </param>
            <param index="1">
              <value>
                <![CDATA[[TestResult name=testCreateDumpBackupCorrect status=SUCCESS method=TestDumpBackup.testCreateDumpBackupCorrect()[pri:5, instance:TestPage.TestDashboard.Backup.TestDumpBackup@7e97551f] output={null}]]]>
              </value>
            </param>
          </params>
          <reporter-output>
          </reporter-output>
        </test-method> <!-- methodTearDown -->
      </class> <!-- TestPage.TestDashboard.Backup.TestDumpBackup -->
      <class name="TestPage.TestDashboard.Backup.TestVerifiedBackup">
        <test-method is-config="true" signature="classSetUp()[pri:0, instance:TestPage.TestDashboard.Backup.TestVerifiedBackup@23cd4ff2]" started-at="2020-02-05T23:48:49 GMT+03:00" name="classSetUp" finished-at="2020-02-05T23:48:52 GMT+03:00" duration-ms="3309" status="PASS">
          <reporter-output>
          </reporter-output>
        </test-method> <!-- classSetUp -->
        <test-method signature="testCreateVerifiedBackupScheduleIncorrect()[pri:1, instance:TestPage.TestDashboard.Backup.TestVerifiedBackup@23cd4ff2]" started-at="2020-02-05T23:48:52 GMT+03:00" name="testCreateVerifiedBackupScheduleIncorrect" finished-at="2020-02-05T23:48:53 GMT+03:00" duration-ms="760" status="PASS">
          <reporter-output>
          </reporter-output>
        </test-method> <!-- testCreateVerifiedBackupScheduleIncorrect -->
        <test-method is-config="true" signature="methodTearDown(java.lang.reflect.Method, org.testng.ITestResult)[pri:0, instance:TestPage.TestDashboard.Backup.TestVerifiedBackup@23cd4ff2]" started-at="2020-02-05T23:48:53 GMT+03:00" name="methodTearDown" finished-at="2020-02-05T23:48:53 GMT+03:00" duration-ms="0" status="PASS">
          <params>
            <param index="0">
              <value>
                <![CDATA[public void TestPage.TestDashboard.Backup.TestVerifiedBackup.testCreateVerifiedBackupScheduleIncorrect()]]>
              </value>
            </param>
            <param index="1">
              <value>
                <![CDATA[[TestResult name=testCreateVerifiedBackupScheduleIncorrect status=SUCCESS method=TestVerifiedBackup.testCreateVerifiedBackupScheduleIncorrect()[pri:1, instance:TestPage.TestDashboard.Backup.TestVerifiedBackup@23cd4ff2] output={null}]]]>
              </value>
            </param>
          </params>
          <reporter-output>
          </reporter-output>
        </test-method> <!-- methodTearDown -->
        <test-method signature="testCreateVerifiedBackupMaxNumbNegative()[pri:2, instance:TestPage.TestDashboard.Backup.TestVerifiedBackup@23cd4ff2]" started-at="2020-02-05T23:48:53 GMT+03:00" name="testCreateVerifiedBackupMaxNumbNegative" finished-at="2020-02-05T23:48:54 GMT+03:00" duration-ms="457" status="PASS">
          <reporter-output>
          </reporter-output>
        </test-method> <!-- testCreateVerifiedBackupMaxNumbNegative -->
        <test-method is-config="true" signature="methodTearDown(java.lang.reflect.Method, org.testng.ITestResult)[pri:0, instance:TestPage.TestDashboard.Backup.TestVerifiedBackup@23cd4ff2]" started-at="2020-02-05T23:48:54 GMT+03:00" name="methodTearDown" finished-at="2020-02-05T23:48:54 GMT+03:00" duration-ms="1" status="PASS">
          <params>
            <param index="0">
              <value>
                <![CDATA[public void TestPage.TestDashboard.Backup.TestVerifiedBackup.testCreateVerifiedBackupMaxNumbNegative()]]>
              </value>
            </param>
            <param index="1">
              <value>
                <![CDATA[[TestResult name=testCreateVerifiedBackupMaxNumbNegative status=SUCCESS method=TestVerifiedBackup.testCreateVerifiedBackupMaxNumbNegative()[pri:2, instance:TestPage.TestDashboard.Backup.TestVerifiedBackup@23cd4ff2] output={null}]]]>
              </value>
            </param>
          </params>
          <reporter-output>
          </reporter-output>
        </test-method> <!-- methodTearDown -->
        <test-method signature="testCreateVerifiedBackupMaxNumbNotNumbers()[pri:3, instance:TestPage.TestDashboard.Backup.TestVerifiedBackup@23cd4ff2]" started-at="2020-02-05T23:48:54 GMT+03:00" name="testCreateVerifiedBackupMaxNumbNotNumbers" finished-at="2020-02-05T23:48:54 GMT+03:00" duration-ms="446" status="PASS">
          <reporter-output>
          </reporter-output>
        </test-method> <!-- testCreateVerifiedBackupMaxNumbNotNumbers -->
        <test-method is-config="true" signature="methodTearDown(java.lang.reflect.Method, org.testng.ITestResult)[pri:0, instance:TestPage.TestDashboard.Backup.TestVerifiedBackup@23cd4ff2]" started-at="2020-02-05T23:48:54 GMT+03:00" name="methodTearDown" finished-at="2020-02-05T23:48:54 GMT+03:00" duration-ms="0" status="PASS">
          <params>
            <param index="0">
              <value>
                <![CDATA[public void TestPage.TestDashboard.Backup.TestVerifiedBackup.testCreateVerifiedBackupMaxNumbNotNumbers()]]>
              </value>
            </param>
            <param index="1">
              <value>
                <![CDATA[[TestResult name=testCreateVerifiedBackupMaxNumbNotNumbers status=SUCCESS method=TestVerifiedBackup.testCreateVerifiedBackupMaxNumbNotNumbers()[pri:3, instance:TestPage.TestDashboard.Backup.TestVerifiedBackup@23cd4ff2] output={null}]]]>
              </value>
            </param>
          </params>
          <reporter-output>
          </reporter-output>
        </test-method> <!-- methodTearDown -->
        <test-method signature="testCreateVerifiedBackupCorrect()[pri:4, instance:TestPage.TestDashboard.Backup.TestVerifiedBackup@23cd4ff2]" started-at="2020-02-05T23:48:54 GMT+03:00" name="testCreateVerifiedBackupCorrect" finished-at="2020-02-05T23:49:28 GMT+03:00" duration-ms="34100" status="PASS">
          <reporter-output>
          </reporter-output>
        </test-method> <!-- testCreateVerifiedBackupCorrect -->
        <test-method is-config="true" signature="methodTearDown(java.lang.reflect.Method, org.testng.ITestResult)[pri:0, instance:TestPage.TestDashboard.Backup.TestVerifiedBackup@23cd4ff2]" started-at="2020-02-05T23:49:28 GMT+03:00" name="methodTearDown" finished-at="2020-02-05T23:49:28 GMT+03:00" duration-ms="0" status="PASS">
          <params>
            <param index="0">
              <value>
                <![CDATA[public void TestPage.TestDashboard.Backup.TestVerifiedBackup.testCreateVerifiedBackupCorrect()]]>
              </value>
            </param>
            <param index="1">
              <value>
                <![CDATA[[TestResult name=testCreateVerifiedBackupCorrect status=SUCCESS method=TestVerifiedBackup.testCreateVerifiedBackupCorrect()[pri:4, instance:TestPage.TestDashboard.Backup.TestVerifiedBackup@23cd4ff2] output={null}]]]>
              </value>
            </param>
          </params>
          <reporter-output>
          </reporter-output>
        </test-method> <!-- methodTearDown -->
      </class> <!-- TestPage.TestDashboard.Backup.TestVerifiedBackup -->
      <class name="TestPage.TestDashboard.Backup.TestIncrementalBackup">
        <test-method is-config="true" signature="classSetUp()[pri:0, instance:TestPage.TestDashboard.Backup.TestIncrementalBackup@70807224]" started-at="2020-02-05T23:49:28 GMT+03:00" name="classSetUp" finished-at="2020-02-05T23:49:31 GMT+03:00" duration-ms="3079" status="PASS">
          <reporter-output>
          </reporter-output>
        </test-method> <!-- classSetUp -->
        <test-method signature="testCreateIncrementalBackupMaxDurationEmpty()[pri:1, instance:TestPage.TestDashboard.Backup.TestIncrementalBackup@70807224]" started-at="2020-02-05T23:49:31 GMT+03:00" name="testCreateIncrementalBackupMaxDurationEmpty" finished-at="2020-02-05T23:49:35 GMT+03:00" duration-ms="3238" status="PASS">
          <reporter-output>
          </reporter-output>
        </test-method> <!-- testCreateIncrementalBackupMaxDurationEmpty -->
        <test-method is-config="true" signature="methodTearDown(java.lang.reflect.Method, org.testng.ITestResult)[pri:0, instance:TestPage.TestDashboard.Backup.TestIncrementalBackup@70807224]" started-at="2020-02-05T23:49:35 GMT+03:00" name="methodTearDown" finished-at="2020-02-05T23:49:35 GMT+03:00" duration-ms="0" status="PASS">
          <params>
            <param index="0">
              <value>
                <![CDATA[public void TestPage.TestDashboard.Backup.TestIncrementalBackup.testCreateIncrementalBackupMaxDurationEmpty()]]>
              </value>
            </param>
            <param index="1">
              <value>
                <![CDATA[[TestResult name=testCreateIncrementalBackupMaxDurationEmpty status=SUCCESS method=TestIncrementalBackup.testCreateIncrementalBackupMaxDurationEmpty()[pri:1, instance:TestPage.TestDashboard.Backup.TestIncrementalBackup@70807224] output={null}]]]>
              </value>
            </param>
          </params>
          <reporter-output>
          </reporter-output>
        </test-method> <!-- methodTearDown -->
        <test-method signature="testCreateIncrementalBackupMinFreeSpaceEmpty()[pri:2, instance:TestPage.TestDashboard.Backup.TestIncrementalBackup@70807224]" started-at="2020-02-05T23:49:35 GMT+03:00" name="testCreateIncrementalBackupMinFreeSpaceEmpty" finished-at="2020-02-05T23:49:37 GMT+03:00" duration-ms="2381" status="PASS">
          <reporter-output>
          </reporter-output>
        </test-method> <!-- testCreateIncrementalBackupMinFreeSpaceEmpty -->
        <test-method is-config="true" signature="methodTearDown(java.lang.reflect.Method, org.testng.ITestResult)[pri:0, instance:TestPage.TestDashboard.Backup.TestIncrementalBackup@70807224]" started-at="2020-02-05T23:49:37 GMT+03:00" name="methodTearDown" finished-at="2020-02-05T23:49:37 GMT+03:00" duration-ms="0" status="PASS">
          <params>
            <param index="0">
              <value>
                <![CDATA[public void TestPage.TestDashboard.Backup.TestIncrementalBackup.testCreateIncrementalBackupMinFreeSpaceEmpty()]]>
              </value>
            </param>
            <param index="1">
              <value>
                <![CDATA[[TestResult name=testCreateIncrementalBackupMinFreeSpaceEmpty status=SUCCESS method=TestIncrementalBackup.testCreateIncrementalBackupMinFreeSpaceEmpty()[pri:2, instance:TestPage.TestDashboard.Backup.TestIncrementalBackup@70807224] output={null}]]]>
              </value>
            </param>
          </params>
          <reporter-output>
          </reporter-output>
        </test-method> <!-- methodTearDown -->
        <test-method signature="testCreateIncrementalBackupPathFolderEmpty()[pri:3, instance:TestPage.TestDashboard.Backup.TestIncrementalBackup@70807224]" started-at="2020-02-05T23:49:37 GMT+03:00" name="testCreateIncrementalBackupPathFolderEmpty" finished-at="2020-02-05T23:49:40 GMT+03:00" duration-ms="3384" status="PASS">
          <reporter-output>
          </reporter-output>
        </test-method> <!-- testCreateIncrementalBackupPathFolderEmpty -->
        <test-method is-config="true" signature="methodTearDown(java.lang.reflect.Method, org.testng.ITestResult)[pri:0, instance:TestPage.TestDashboard.Backup.TestIncrementalBackup@70807224]" started-at="2020-02-05T23:49:40 GMT+03:00" name="methodTearDown" finished-at="2020-02-05T23:49:40 GMT+03:00" duration-ms="0" status="PASS">
          <params>
            <param index="0">
              <value>
                <![CDATA[public void TestPage.TestDashboard.Backup.TestIncrementalBackup.testCreateIncrementalBackupPathFolderEmpty()]]>
              </value>
            </param>
            <param index="1">
              <value>
                <![CDATA[[TestResult name=testCreateIncrementalBackupPathFolderEmpty status=SUCCESS method=TestIncrementalBackup.testCreateIncrementalBackupPathFolderEmpty()[pri:3, instance:TestPage.TestDashboard.Backup.TestIncrementalBackup@70807224] output={null}]]]>
              </value>
            </param>
          </params>
          <reporter-output>
          </reporter-output>
        </test-method> <!-- methodTearDown -->
        <test-method signature="testCreateIncrementalBackupJournalFolderEmpty()[pri:4, instance:TestPage.TestDashboard.Backup.TestIncrementalBackup@70807224]" started-at="2020-02-05T23:49:40 GMT+03:00" name="testCreateIncrementalBackupJournalFolderEmpty" finished-at="2020-02-05T23:49:43 GMT+03:00" duration-ms="2873" status="PASS">
          <reporter-output>
          </reporter-output>
        </test-method> <!-- testCreateIncrementalBackupJournalFolderEmpty -->
        <test-method is-config="true" signature="methodTearDown(java.lang.reflect.Method, org.testng.ITestResult)[pri:0, instance:TestPage.TestDashboard.Backup.TestIncrementalBackup@70807224]" started-at="2020-02-05T23:49:43 GMT+03:00" name="methodTearDown" finished-at="2020-02-05T23:49:43 GMT+03:00" duration-ms="1" status="PASS">
          <params>
            <param index="0">
              <value>
                <![CDATA[public void TestPage.TestDashboard.Backup.TestIncrementalBackup.testCreateIncrementalBackupJournalFolderEmpty()]]>
              </value>
            </param>
            <param index="1">
              <value>
                <![CDATA[[TestResult name=testCreateIncrementalBackupJournalFolderEmpty status=SUCCESS method=TestIncrementalBackup.testCreateIncrementalBackupJournalFolderEmpty()[pri:4, instance:TestPage.TestDashboard.Backup.TestIncrementalBackup@70807224] output={null}]]]>
              </value>
            </param>
          </params>
          <reporter-output>
          </reporter-output>
        </test-method> <!-- methodTearDown -->
        <test-method signature="testCreateIncrementalBackupPerformBackupEmpty()[pri:5, instance:TestPage.TestDashboard.Backup.TestIncrementalBackup@70807224]" started-at="2020-02-05T23:49:43 GMT+03:00" name="testCreateIncrementalBackupPerformBackupEmpty" finished-at="2020-02-05T23:49:46 GMT+03:00" duration-ms="2928" status="PASS">
          <reporter-output>
          </reporter-output>
        </test-method> <!-- testCreateIncrementalBackupPerformBackupEmpty -->
        <test-method is-config="true" signature="methodTearDown(java.lang.reflect.Method, org.testng.ITestResult)[pri:0, instance:TestPage.TestDashboard.Backup.TestIncrementalBackup@70807224]" started-at="2020-02-05T23:49:46 GMT+03:00" name="methodTearDown" finished-at="2020-02-05T23:49:46 GMT+03:00" duration-ms="1" status="PASS">
          <params>
            <param index="0">
              <value>
                <![CDATA[public void TestPage.TestDashboard.Backup.TestIncrementalBackup.testCreateIncrementalBackupPerformBackupEmpty()]]>
              </value>
            </param>
            <param index="1">
              <value>
                <![CDATA[[TestResult name=testCreateIncrementalBackupPerformBackupEmpty status=SUCCESS method=TestIncrementalBackup.testCreateIncrementalBackupPerformBackupEmpty()[pri:5, instance:TestPage.TestDashboard.Backup.TestIncrementalBackup@70807224] output={null}]]]>
              </value>
            </param>
          </params>
          <reporter-output>
          </reporter-output>
        </test-method> <!-- methodTearDown -->
        <test-method signature="testCreateIncrementalBackupCorrect()[pri:6, instance:TestPage.TestDashboard.Backup.TestIncrementalBackup@70807224]" started-at="2020-02-05T23:49:46 GMT+03:00" name="testCreateIncrementalBackupCorrect" finished-at="2020-02-05T23:50:21 GMT+03:00" duration-ms="34972" status="PASS">
          <reporter-output>
          </reporter-output>
        </test-method> <!-- testCreateIncrementalBackupCorrect -->
        <test-method is-config="true" signature="methodTearDown(java.lang.reflect.Method, org.testng.ITestResult)[pri:0, instance:TestPage.TestDashboard.Backup.TestIncrementalBackup@70807224]" started-at="2020-02-05T23:50:21 GMT+03:00" name="methodTearDown" finished-at="2020-02-05T23:50:21 GMT+03:00" duration-ms="0" status="PASS">
          <params>
            <param index="0">
              <value>
                <![CDATA[public void TestPage.TestDashboard.Backup.TestIncrementalBackup.testCreateIncrementalBackupCorrect()]]>
              </value>
            </param>
            <param index="1">
              <value>
                <![CDATA[[TestResult name=testCreateIncrementalBackupCorrect status=SUCCESS method=TestIncrementalBackup.testCreateIncrementalBackupCorrect()[pri:6, instance:TestPage.TestDashboard.Backup.TestIncrementalBackup@70807224] output={null}]]]>
              </value>
            </param>
          </params>
          <reporter-output>
          </reporter-output>
        </test-method> <!-- methodTearDown -->
      </class> <!-- TestPage.TestDashboard.Backup.TestIncrementalBackup -->
    </test> <!-- Backup -->
    <test started-at="2020-02-05T23:52:59 GMT+03:00" name="CloudBackup" finished-at="2020-02-05T23:53:22 GMT+03:00" duration-ms="23648">
      <class name="TestPage.TestDashboard.Backup.TestCloudBackupReceiver">
        <test-method is-config="true" signature="classSetUp()[pri:0, instance:TestPage.TestDashboard.Backup.TestCloudBackupReceiver@60f2e0bd]" started-at="2020-02-05T23:53:12 GMT+03:00" name="classSetUp" finished-at="2020-02-05T23:53:15 GMT+03:00" duration-ms="2798" status="PASS">
          <reporter-output>
          </reporter-output>
        </test-method> <!-- classSetUp -->
        <test-method signature="testCheckPeriodEmptyField()[pri:1, instance:TestPage.TestDashboard.Backup.TestCloudBackupReceiver@60f2e0bd]" started-at="2020-02-05T23:53:15 GMT+03:00" name="testCheckPeriodEmptyField" finished-at="2020-02-05T23:53:17 GMT+03:00" duration-ms="2191" status="PASS">
          <reporter-output>
          </reporter-output>
        </test-method> <!-- testCheckPeriodEmptyField -->
        <test-method is-config="true" signature="methodTearDown(java.lang.reflect.Method, org.testng.ITestResult)[pri:0, instance:TestPage.TestDashboard.Backup.TestCloudBackupReceiver@60f2e0bd]" started-at="2020-02-05T23:53:17 GMT+03:00" name="methodTearDown" finished-at="2020-02-05T23:53:17 GMT+03:00" duration-ms="1" status="PASS">
          <params>
            <param index="0">
              <value>
                <![CDATA[public void TestPage.TestDashboard.Backup.TestCloudBackupReceiver.testCheckPeriodEmptyField()]]>
              </value>
            </param>
[...]
at java.base/java.util.ArrayList.forEach(ArrayList.java:1540)
at org.testng.TestRunner.privateRun(TestRunner.java:770)
at org.testng.TestRunner.run(TestRunner.java:591)
at org.testng.SuiteRunner.runTest(SuiteRunner.java:402)
at org.testng.SuiteRunner.runSequentially(SuiteRunner.java:396)
at org.testng.SuiteRunner.privateRun(SuiteRunner.java:355)
at org.testng.SuiteRunner.run(SuiteRunner.java:304)
at org.testng.SuiteRunnerWorker.runSuite(SuiteRunnerWorker.java:53)
at org.testng.SuiteRunnerWorker.run(SuiteRunnerWorker.java:96)
at org.testng.TestNG.runSuitesSequentially(TestNG.java:1180)
at org.testng.TestNG.runSuitesLocally(TestNG.java:1102)
at org.testng.TestNG.runSuites(TestNG.java:1032)
at org.testng.TestNG.run(TestNG.java:1000)
at org.apache.maven.surefire.testng.TestNGExecutor.run(TestNGExecutor.java:283)
at org.apache.maven.surefire.testng.TestNGXmlTestSuite.execute(TestNGXmlTestSuite.java:75)
at org.apache.maven.surefire.testng.TestNGProvider.invoke(TestNGProvider.java:120)
at org.apache.maven.surefire.booter.ForkedBooter.runSuitesInProcess(ForkedBooter.java:377)
at org.apache.maven.surefire.booter.ForkedBooter.execute(ForkedBooter.java:138)
at org.apache.maven.surefire.booter.ForkedBooter.run(ForkedBooter.java:465)
at org.apache.maven.surefire.booter.ForkedBooter.main(ForkedBooter.java:451)
]]>
            </full-stacktrace>
          </exception> <!-- java.lang.Throwable -->
          <reporter-output>
          </reporter-output>
        </test-method> <!-- testCreateReplicaAsync_EmptyLogArchiveDirectoryField -->
        <test-method signature="testCreateReplicaAsync_Correct()[pri:11, instance:TestPage.TestDashboard.Replica.TestReplica@6f6962ba]" started-at="2020-02-05T23:55:17 GMT+03:00" name="testCreateReplicaAsync_Correct" finished-at="2020-02-05T23:55:17 GMT+03:00" depends-on-methods="TestPage.TestDashboard.Replica.TestReplica.testCreateReplicaAsync_EmptyLogArchiveDirectoryField" duration-ms="0" status="SKIP">
          <exception class="java.lang.Throwable">
            <message>
              <![CDATA[Method TestReplica.testCreateReplicaAsync_Correct()[pri:11, instance:TestPage.TestDashboard.Replica.TestReplica@6f6962ba] depends on not successfully finished methods]]>
            </message>
            <full-stacktrace>
              <![CDATA[java.lang.Throwable: Method TestReplica.testCreateReplicaAsync_Correct()[pri:11, instance:TestPage.TestDashboard.Replica.TestReplica@6f6962ba] depends on not successfully finished methods
at org.testng.internal.TestInvoker.invokeTestMethods(TestInvoker.java:99)
at org.testng.internal.TestMethodWorker.invokeTestMethods(TestMethodWorker.java:146)
at org.testng.internal.TestMethodWorker.run(TestMethodWorker.java:128)
at java.base/java.util.ArrayList.forEach(ArrayList.java:1540)
at org.testng.TestRunner.privateRun(TestRunner.java:770)
at org.testng.TestRunner.run(TestRunner.java:591)
at org.testng.SuiteRunner.runTest(SuiteRunner.java:402)
at org.testng.SuiteRunner.runSequentially(SuiteRunner.java:396)
at org.testng.SuiteRunner.privateRun(SuiteRunner.java:355)
at org.testng.SuiteRunner.run(SuiteRunner.java:304)
at org.testng.SuiteRunnerWorker.runSuite(SuiteRunnerWorker.java:53)
at org.testng.SuiteRunnerWorker.run(SuiteRunnerWorker.java:96)
at org.testng.TestNG.runSuitesSequentially(TestNG.java:1180)
at org.testng.TestNG.runSuitesLocally(TestNG.java:1102)
at org.testng.TestNG.runSuites(TestNG.java:1032)
at org.testng.TestNG.run(TestNG.java:1000)
at org.apache.maven.surefire.testng.TestNGExecutor.run(TestNGExecutor.java:283)
at org.apache.maven.surefire.testng.TestNGXmlTestSuite.execute(TestNGXmlTestSuite.java:75)
at org.apache.maven.surefire.testng.TestNGProvider.invoke(TestNGProvider.java:120)
at org.apache.maven.surefire.booter.ForkedBooter.runSuitesInProcess(ForkedBooter.java:377)
at org.apache.maven.surefire.booter.ForkedBooter.execute(ForkedBooter.java:138)
at org.apache.maven.surefire.booter.ForkedBooter.run(ForkedBooter.java:465)
at org.apache.maven.surefire.booter.ForkedBooter.main(ForkedBooter.java:451)
]]>
            </full-stacktrace>
          </exception> <!-- java.lang.Throwable -->
          <reporter-output>
          </reporter-output>
        </test-method> <!-- testCreateReplicaAsync_Correct -->
        <test-method signature="testAddFtpCorrect()[pri:12, instance:TestPage.TestDashboard.Replica.TestReplica@6f6962ba]" started-at="2020-02-05T23:55:17 GMT+03:00" name="testAddFtpCorrect" finished-at="2020-02-05T23:55:17 GMT+03:00" depends-on-methods="TestPage.TestDashboard.Replica.TestReplica.testCreateReplicaAsync_Correct" duration-ms="0" status="SKIP">
          <exception class="java.lang.Throwable">
            <message>
              <![CDATA[Method TestReplica.testAddFtpCorrect()[pri:12, instance:TestPage.TestDashboard.Replica.TestReplica@6f6962ba] depends on not successfully finished methods]]>
            </message>
            <full-stacktrace>
              <![CDATA[java.lang.Throwable: Method TestReplica.testAddFtpCorrect()[pri:12, instance:TestPage.TestDashboard.Replica.TestReplica@6f6962ba] depends on not successfully finished methods
at org.testng.internal.TestInvoker.invokeTestMethods(TestInvoker.java:99)
at org.testng.internal.TestMethodWorker.invokeTestMethods(TestMethodWorker.java:146)
at org.testng.internal.TestMethodWorker.run(TestMethodWorker.java:128)
at java.base/java.util.ArrayList.forEach(ArrayList.java:1540)
at org.testng.TestRunner.privateRun(TestRunner.java:770)
at org.testng.TestRunner.run(TestRunner.java:591)
at org.testng.SuiteRunner.runTest(SuiteRunner.java:402)
at org.testng.SuiteRunner.runSequentially(SuiteRunner.java:396)
at org.testng.SuiteRunner.privateRun(SuiteRunner.java:355)
at org.testng.SuiteRunner.run(SuiteRunner.java:304)
at org.testng.SuiteRunnerWorker.runSuite(SuiteRunnerWorker.java:53)
at org.testng.SuiteRunnerWorker.run(SuiteRunnerWorker.java:96)
at org.testng.TestNG.runSuitesSequentially(TestNG.java:1180)
at org.testng.TestNG.runSuitesLocally(TestNG.java:1102)
at org.testng.TestNG.runSuites(TestNG.java:1032)
at org.testng.TestNG.run(TestNG.java:1000)
at org.apache.maven.surefire.testng.TestNGExecutor.run(TestNGExecutor.java:283)
at org.apache.maven.surefire.testng.TestNGXmlTestSuite.execute(TestNGXmlTestSuite.java:75)
at org.apache.maven.surefire.testng.TestNGProvider.invoke(TestNGProvider.java:120)
at org.apache.maven.surefire.booter.ForkedBooter.runSuitesInProcess(ForkedBooter.java:377)
at org.apache.maven.surefire.booter.ForkedBooter.execute(ForkedBooter.java:138)
at org.apache.maven.surefire.booter.ForkedBooter.run(ForkedBooter.java:465)
at org.apache.maven.surefire.booter.ForkedBooter.main(ForkedBooter.java:451)
]]>
            </full-stacktrace>
          </exception> <!-- java.lang.Throwable -->
          <reporter-output>
          </reporter-output>
        </test-method> <!-- testAddFtpCorrect -->
        <test-method signature="testAddCloudBackupCorrect()[pri:13, instance:TestPage.TestDashboard.Replica.TestReplica@6f6962ba]" started-at="2020-02-05T23:55:17 GMT+03:00" name="testAddCloudBackupCorrect" finished-at="2020-02-05T23:55:17 GMT+03:00" depends-on-methods="TestPage.TestDashboard.Replica.TestReplica.testAddFtpCorrect" duration-ms="0" status="SKIP">
          <exception class="java.lang.Throwable">
            <message>
              <![CDATA[Method TestReplica.testAddCloudBackupCorrect()[pri:13, instance:TestPage.TestDashboard.Replica.TestReplica@6f6962ba] depends on not successfully finished methods]]>
            </message>
            <full-stacktrace>
              <![CDATA[java.lang.Throwable: Method TestReplica.testAddCloudBackupCorrect()[pri:13, instance:TestPage.TestDashboard.Replica.TestReplica@6f6962ba] depends on not successfully finished methods
at org.testng.internal.TestInvoker.invokeTestMethods(TestInvoker.java:99)
at org.testng.internal.TestMethodWorker.invokeTestMethods(TestMethodWorker.java:146)
at org.testng.internal.TestMethodWorker.run(TestMethodWorker.java:128)
at java.base/java.util.ArrayList.forEach(ArrayList.java:1540)
at org.testng.TestRunner.privateRun(TestRunner.java:770)
at org.testng.TestRunner.run(TestRunner.java:591)
at org.testng.SuiteRunner.runTest(SuiteRunner.java:402)
at org.testng.SuiteRunner.runSequentially(SuiteRunner.java:396)
at org.testng.SuiteRunner.privateRun(SuiteRunner.java:355)
at org.testng.SuiteRunner.run(SuiteRunner.java:304)
at org.testng.SuiteRunnerWorker.runSuite(SuiteRunnerWorker.java:53)
at org.testng.SuiteRunnerWorker.run(SuiteRunnerWorker.java:96)
at org.testng.TestNG.runSuitesSequentially(TestNG.java:1180)
at org.testng.TestNG.runSuitesLocally(TestNG.java:1102)
at org.testng.TestNG.runSuites(TestNG.java:1032)
at org.testng.TestNG.run(TestNG.java:1000)
at org.apache.maven.surefire.testng.TestNGExecutor.run(TestNGExecutor.java:283)
at org.apache.maven.surefire.testng.TestNGXmlTestSuite.execute(TestNGXmlTestSuite.java:75)
at org.apache.maven.surefire.testng.TestNGProvider.invoke(TestNGProvider.java:120)
at org.apache.maven.surefire.booter.ForkedBooter.runSuitesInProcess(ForkedBooter.java:377)
at org.apache.maven.surefire.booter.ForkedBooter.execute(ForkedBooter.java:138)
at org.apache.maven.surefire.booter.ForkedBooter.run(ForkedBooter.java:465)
at org.apache.maven.surefire.booter.ForkedBooter.main(ForkedBooter.java:451)
]]>
            </full-stacktrace>
          </exception> <!-- java.lang.Throwable -->
          <reporter-output>
          </reporter-output>
        </test-method> <!-- testAddCloudBackupCorrect -->
        <test-method signature="testAddCloudBackupReceiverCorrect()[pri:14, instance:TestPage.TestDashboard.Replica.TestReplica@6f6962ba]" started-at="2020-02-05T23:55:17 GMT+03:00" name="testAddCloudBackupReceiverCorrect" finished-at="2020-02-05T23:55:17 GMT+03:00" depends-on-methods="TestPage.TestDashboard.Replica.TestReplica.testAddCloudBackupCorrect" duration-ms="0" status="SKIP">
          <exception class="java.lang.Throwable">
            <message>
              <![CDATA[Method TestReplica.testAddCloudBackupReceiverCorrect()[pri:14, instance:TestPage.TestDashboard.Replica.TestReplica@6f6962ba] depends on not successfully finished methods]]>
            </message>
            <full-stacktrace>
              <![CDATA[java.lang.Throwable: Method TestReplica.testAddCloudBackupReceiverCorrect()[pri:14, instance:TestPage.TestDashboard.Replica.TestReplica@6f6962ba] depends on not successfully finished methods
at org.testng.internal.TestInvoker.invokeTestMethods(TestInvoker.java:99)
at org.testng.internal.TestMethodWorker.invokeTestMethods(TestMethodWorker.java:146)
at org.testng.internal.TestMethodWorker.run(TestMethodWorker.java:128)
at java.base/java.util.ArrayList.forEach(ArrayList.java:1540)
at org.testng.TestRunner.privateRun(TestRunner.java:770)
at org.testng.TestRunner.run(TestRunner.java:591)
at org.testng.SuiteRunner.runTest(SuiteRunner.java:402)
at org.testng.SuiteRunner.runSequentially(SuiteRunner.java:396)
at org.testng.SuiteRunner.privateRun(SuiteRunner.java:355)
at org.testng.SuiteRunner.run(SuiteRunner.java:304)
at org.testng.SuiteRunnerWorker.runSuite(SuiteRunnerWorker.java:53)
at org.testng.SuiteRunnerWorker.run(SuiteRunnerWorker.java:96)
at org.testng.TestNG.runSuitesSequentially(TestNG.java:1180)
at org.testng.TestNG.runSuitesLocally(TestNG.java:1102)
at org.testng.TestNG.runSuites(TestNG.java:1032)
at org.testng.TestNG.run(TestNG.java:1000)
at org.apache.maven.surefire.testng.TestNGExecutor.run(TestNGExecutor.java:283)
at org.apache.maven.surefire.testng.TestNGXmlTestSuite.execute(TestNGXmlTestSuite.java:75)
at org.apache.maven.surefire.testng.TestNGProvider.invoke(TestNGProvider.java:120)
at org.apache.maven.surefire.booter.ForkedBooter.runSuitesInProcess(ForkedBooter.java:377)
at org.apache.maven.surefire.booter.ForkedBooter.execute(ForkedBooter.java:138)
at org.apache.maven.surefire.booter.ForkedBooter.run(ForkedBooter.java:465)
at org.apache.maven.surefire.booter.ForkedBooter.main(ForkedBooter.java:451)
]]>
            </full-stacktrace>
          </exception> <!-- java.lang.Throwable -->
          <reporter-output>
          </reporter-output>
        </test-method> <!-- testAddCloudBackupReceiverCorrect -->
        <test-method signature="testCreateReplicaAsync_CheckSelectTable()[pri:15, instance:TestPage.TestDashboard.Replica.TestReplica@6f6962ba]" started-at="2020-02-05T23:55:17 GMT+03:00" name="testCreateReplicaAsync_CheckSelectTable" finished-at="2020-02-05T23:55:17 GMT+03:00" depends-on-methods="TestPage.TestDashboard.Replica.TestReplica.testAddCloudBackupReceiverCorrect" duration-ms="0" status="SKIP">
          <exception class="java.lang.Throwable">
            <message>
              <![CDATA[Method TestReplica.testCreateReplicaAsync_CheckSelectTable()[pri:15, instance:TestPage.TestDashboard.Replica.TestReplica@6f6962ba] depends on not successfully finished methods]]>
            </message>
            <full-stacktrace>
              <![CDATA[java.lang.Throwable: Method TestReplica.testCreateReplicaAsync_CheckSelectTable()[pri:15, instance:TestPage.TestDashboard.Replica.TestReplica@6f6962ba] depends on not successfully finished methods
at org.testng.internal.TestInvoker.invokeTestMethods(TestInvoker.java:99)
at org.testng.internal.TestMethodWorker.invokeTestMethods(TestMethodWorker.java:146)
at org.testng.internal.TestMethodWorker.run(TestMethodWorker.java:128)
at java.base/java.util.ArrayList.forEach(ArrayList.java:1540)
at org.testng.TestRunner.privateRun(TestRunner.java:770)
at org.testng.TestRunner.run(TestRunner.java:591)
at org.testng.SuiteRunner.runTest(SuiteRunner.java:402)
at org.testng.SuiteRunner.runSequentially(SuiteRunner.java:396)
at org.testng.SuiteRunner.privateRun(SuiteRunner.java:355)
at org.testng.SuiteRunner.run(SuiteRunner.java:304)
at org.testng.SuiteRunnerWorker.runSuite(SuiteRunnerWorker.java:53)
at org.testng.SuiteRunnerWorker.run(SuiteRunnerWorker.java:96)
at org.testng.TestNG.runSuitesSequentially(TestNG.java:1180)
at org.testng.TestNG.runSuitesLocally(TestNG.java:1102)
at org.testng.TestNG.runSuites(TestNG.java:1032)
at org.testng.TestNG.run(TestNG.java:1000)
at org.apache.maven.surefire.testng.TestNGExecutor.run(TestNGExecutor.java:283)
at org.apache.maven.surefire.testng.TestNGXmlTestSuite.execute(TestNGXmlTestSuite.java:75)
at org.apache.maven.surefire.testng.TestNGProvider.invoke(TestNGProvider.java:120)
at org.apache.maven.surefire.booter.ForkedBooter.runSuitesInProcess(ForkedBooter.java:377)
at org.apache.maven.surefire.booter.ForkedBooter.execute(ForkedBooter.java:138)
at org.apache.maven.surefire.booter.ForkedBooter.run(ForkedBooter.java:465)
at org.apache.maven.surefire.booter.ForkedBooter.main(ForkedBooter.java:451)
]]>
            </full-stacktrace>
          </exception> <!-- java.lang.Throwable -->
          <reporter-output>
          </reporter-output>
        </test-method> <!-- testCreateReplicaAsync_CheckSelectTable -->
      </class> <!-- TestPage.TestDashboard.Replica.TestReplica -->
    </test> <!-- Replica -->
    <test started-at="2020-02-05T23:55:17 GMT+03:00" name="PerformanceMonitoring" finished-at="2020-02-05T23:55:24 GMT+03:00" duration-ms="6241">
      <class name="TestPage.TestPerformance.TestPerformanceMonitoring">
        <test-method is-config="true" signature="suiteSetUp(java.lang.String, java.lang.String, java.lang.String)[pri:0, instance:TestPage.TestPerformance.TestPerformanceMonitoring@3e134896]" started-at="2020-02-05T23:46:49 GMT+03:00" name="suiteSetUp" finished-at="2020-02-05T23:48:37 GMT+03:00" duration-ms="108129" status="PASS">
          <params>
            <param index="0">
              <value>
                <![CDATA[chrome]]>
              </value>
            </param>
            <param index="1">
              <value>
                <![CDATA[http://admin:strong password@localhost:8082/]]>
              </value>
            </param>
            <param index="2">
              <value>
                <![CDATA[C:\HQBirdData\]]>
              </value>
            </param>
          </params>
          <reporter-output>
          </reporter-output>
        </test-method> <!-- suiteSetUp -->
        <test-method is-config="true" signature="classSetUp()[pri:0, instance:TestPage.TestPerformance.TestPerformanceMonitoring@3e134896]" started-at="2020-02-05T23:55:17 GMT+03:00" name="classSetUp" finished-at="2020-02-05T23:55:20 GMT+03:00" duration-ms="2486" status="PASS">
          <reporter-output>
          </reporter-output>
        </test-method> <!-- classSetUp -->
        <test-method signature="testCheckPeriodEmptyField()[pri:1, instance:TestPage.TestPerformance.TestPerformanceMonitoring@3e134896]" started-at="2020-02-05T23:55:20 GMT+03:00" name="testCheckPeriodEmptyField" finished-at="2020-02-05T23:55:23 GMT+03:00" duration-ms="3058" status="PASS">
          <reporter-output>
          </reporter-output>
        </test-method> <!-- testCheckPeriodEmptyField -->
        <test-method is-config="true" signature="methodTearDown(java.lang.reflect.Method, org.testng.ITestResult)[pri:0, instance:TestPage.TestPerformance.TestPerformanceMonitoring@3e134896]" started-at="2020-02-05T23:55:23 GMT+03:00" name="methodTearDown" finished-at="2020-02-05T23:55:23 GMT+03:00" duration-ms="0" status="PASS">
          <params>
            <param index="0">
              <value>
                <![CDATA[public void TestPage.TestPerformance.TestPerformanceMonitoring.testCheckPeriodEmptyField()]]>
              </value>
            </param>
            <param index="1">
              <value>
                <![CDATA[[TestResult name=testCheckPeriodEmptyField status=SUCCESS method=TestPerformanceMonitoring.testCheckPeriodEmptyField()[pri:1, instance:TestPage.TestPerformance.TestPerformanceMonitoring@3e134896] output={null}]]]>
              </value>
            </param>
          </params>
          <reporter-output>
          </reporter-output>
        </test-method> <!-- methodTearDown -->
        <test-method signature="testCheckFieldOutputFolderEmptyValue()[pri:2, instance:TestPage.TestPerformance.TestPerformanceMonitoring@3e134896]" started-at="2020-02-05T23:55:23 GMT+03:00" name="testCheckFieldOutputFolderEmptyValue" finished-at="2020-02-05T23:55:24 GMT+03:00" duration-ms="662" status="PASS">
          <reporter-output>
          </reporter-output>
        </test-method> <!-- testCheckFieldOutputFolderEmptyValue -->
        <test-method is-config="true" signature="methodTearDown(java.lang.reflect.Method, org.testng.ITestResult)[pri:0, instance:TestPage.TestPerformance.TestPerformanceMonitoring@3e134896]" started-at="2020-02-05T23:55:24 GMT+03:00" name="methodTearDown" finished-at="2020-02-05T23:55:24 GMT+03:00" duration-ms="1" status="PASS">
          <params>
            <param index="0">
              <value>
                <![CDATA[public void TestPage.TestPerformance.TestPerformanceMonitoring.testCheckFieldOutputFolderEmptyValue()]]>
              </value>
            </param>
            <param index="1">
              <value>
                <![CDATA[[TestResult name=testCheckFieldOutputFolderEmptyValue status=SUCCESS method=TestPerformanceMonitoring.testCheckFieldOutputFolderEmptyValue()[pri:2, instance:TestPage.TestPerformance.TestPerformanceMonitoring@3e134896] output={null}]]]>
              </value>
            </param>
          </params>
          <reporter-output>
          </reporter-output>
        </test-method> <!-- methodTearDown -->
        <test-method is-config="true" signature="suiteTearDown()[pri:0, instance:TestPage.TestPerformance.TestPerformanceMonitoring@3e134896]" started-at="2020-02-05T23:55:24 GMT+03:00" name="suiteTearDown" finished-at="2020-02-05T23:55:24 GMT+03:00" duration-ms="779" status="PASS">
          <reporter-output>
          </reporter-output>
        </test-method> <!-- suiteTearDown -->
      </class> <!-- TestPage.TestPerformance.TestPerformanceMonitoring -->
    </test> <!-- PerformanceMonitoring -->
  </suite> <!-- TestOne -->
</testng-results>
