<?xml version="1.0" encoding="UTF-8"?>
<testsuite xmlns:xsi="http://www.w3.org/2001/XMLSchema-instance" xsi:noNamespaceSchemaLocation="https://maven.apache.org/surefire/maven-surefire-plugin/xsd/surefire-test-report-3.0.xsd" version="3.0" name="TestSuite" time="665.097" tests="120" errors="0" skipped="0" failures="2">
  <properties>
[...]
</properties>
  <testcase name="testAddDbEmptyPath" classname="TestPage.TestDashboard.TestDatabase" time="0.396"/>
  <testcase name="testAddDbEmptyName" classname="TestPage.TestDashboard.TestDatabase" time="0.379"/>
  <testcase name="testAddDbIncorrectPath" classname="TestPage.TestDashboard.TestDatabase" time="0.297"/>
  <testcase name="testAddDbIncorrectAlias" classname="TestPage.TestDashboard.TestDatabase" time="0.548"/>
  <testcase name="testAddDbCorrect" classname="TestPage.TestDashboard.TestDatabase" time="5.471"/>
  <testcase name="testAddDbAlreadyExist" classname="TestPage.TestDashboard.TestDatabase" time="2.221"/>
  <testcase name="testCreateVerifiedBackupScheduleIncorrect" classname="TestPage.TestDashboard.Backup.TestVerifiedBackup" time="1.311"/>
  <testcase name="testCreateVerifiedBackupMaxNumbNegative" classname="TestPage.TestDashboard.Backup.TestVerifiedBackup" time="0.486"/>
  <testcase name="testCreateVerifiedBackupMaxNumbNotNumbers" classname="TestPage.TestDashboard.Backup.TestVerifiedBackup" time="0.502"/>
  <testcase name="testCreateVerifiedBackupCorrect" classname="TestPage.TestDashboard.Backup.TestVerifiedBackup" time="33.762"/>
  <testcase name="testCreateIncrementalBackupMaxDurationEmpty" classname="TestPage.TestDashboard.Backup.TestIncrementalBackup" time="3.204"/>
  <testcase name="testCreateIncrementalBackupMinFreeSpaceEmpty" classname="TestPage.TestDashboard.Backup.TestIncrementalBackup" time="3.023"/>
  <testcase name="testCreateIncrementalBackupPathFolderEmpty" classname="TestPage.TestDashboard.Backup.TestIncrementalBackup" time="3.005"/>
  <testcase name="testCreateIncrementalBackupJournalFolderEmpty" classname="TestPage.TestDashboard.Backup.TestIncrementalBackup" time="2.989"/>
  <testcase name="testCreateIncrementalBackupPerformBackupEmpty" classname="TestPage.TestDashboard.Backup.TestIncrementalBackup" time="2.509"/>
  <testcase name="testCreateIncrementalBackupCorrect" classname="TestPage.TestDashboard.Backup.TestIncrementalBackup" time="34.822"/>
  <testcase name="testCreateDumpBackupScheduleIncorrect" classname="TestPage.TestDashboard.Backup.TestDumpBackup" time="0.726"/>
  <testcase name="testCreateDumpBackupMinFreeSpaceEmpty" classname="TestPage.TestDashboard.Backup.TestDumpBackup" time="0.585"/>
  <testcase name="testCreateDumpBackupPathFolderEmpty" classname="TestPage.TestDashboard.Backup.TestDumpBackup" time="0.601"/>
  <testcase name="testCreateDumpBackupMaxNumbFilesEmpty" classname="TestPage.TestDashboard.Backup.TestDumpBackup" time="0.613"/>
  <testcase name="testCreateDumpBackupCorrect" classname="TestPage.TestDashboard.Backup.TestDumpBackup" time="32.709"/>
  <testcase name="testCreateRestoreDbScheduleIncorrect" classname="TestPage.TestDashboard.Backup.TestRestoreDb" time="1.564"/>
  <testcase name="testCreateRestoreDbBackupFolderEmptyField" classname="TestPage.TestDashboard.Backup.TestRestoreDb" time="1.316"/>
  <testcase name="testCreateRestoreDbPathTemplateBackupFolderEmptyField" classname="TestPage.TestDashboard.Backup.TestRestoreDb" time="1.423"/>
  <testcase name="testCreateRestoreTimeTakeBackupEmptyField" classname="TestPage.TestDashboard.Backup.TestRestoreDb" time="1.718"/>
  <testcase name="testCreateRestoreDbPathRestoreFolderEmptyField" classname="TestPage.TestDashboard.Backup.TestRestoreDb" time="1.4"/>
  <testcase name="testCreateRestoreDbRestoreFileNameEmptyField" classname="TestPage.TestDashboard.Backup.TestRestoreDb" time="1.372"/>
  <testcase name="testCreateRestoreDbSuffixFileNameEmptyField" classname="TestPage.TestDashboard.Backup.TestRestoreDb" time="1.391"/>
  <testcase name="testCreateRestoreDbLimitProcessTimeEmptyField" classname="TestPage.TestDashboard.Backup.TestRestoreDb" time="1.334"/>
  <testcase name="testCreateRestoreDbMinFreeSpaceEmptyField" classname="TestPage.TestDashboard.Backup.TestRestoreDb" time="1.341"/>
  <testcase name="testCreateRestoreDbCorrect" classname="TestPage.TestDashboard.Backup.TestRestoreDb" time="33.854">
    <failure message="Status verified backup not OK expected [OK] but found [CRITICAL]" type="java.lang.AssertionError"><![CDATA[java.lang.AssertionError: Status verified backup not OK expected [OK] but found [CRITICAL]
	at TestPage.TestDashboard.Backup.TestRestoreDb.testCreateRestoreDbCorrect(TestRestoreDb.java:206)
]]></failure>
  </testcase>
  <testcase name="testCheckScheduleIncorrect" classname="TestPage.TestDashboard.Backup.TestSqlPing" time="1.368"/>
  <testcase name="testCheckSqlQueryEmptyField" classname="TestPage.TestDashboard.Backup.TestSqlPing" time="1.426"/>
  <testcase name="testCreateSqlPingCorrect" classname="TestPage.TestDashboard.Backup.TestSqlPing" time="34.267"/>
  <testcase name="testCheckScheduleIncorrectField" classname="TestPage.TestDashboard.Backup.TestValidateDb" time="1.302"/>
  <testcase name="testCheckShutdownTimeoutEmptyField" classname="TestPage.TestDashboard.Backup.TestValidateDb" time="0.453"/>
  <testcase name="testCreateValidateBDCorrect" classname="TestPage.TestDashboard.Backup.TestValidateDb" time="34.017"/>
  <testcase name="testCheckPeriodEmptyField" classname="TestPage.TestDashboard.Backup.TestCloudBackup" time="0.277"/>
  <testcase name="testCheckMonitorFolderEmptyField" classname="TestPage.TestDashboard.Backup.TestCloudBackup" time="0.786"/>
  <testcase name="testCheckFilenameTemplateEmptyField" classname="TestPage.TestDashboard.Backup.TestCloudBackup" time="0.79"/>
  <testcase name="testCheckFiledConnectionFtpEmptyField" classname="TestPage.TestDashboard.Backup.TestCloudBackup" time="0.763"/>
  <testcase name="testCheckKeepNSourceFilesFieldEmptyField" classname="TestPage.TestDashboard.Backup.TestCloudBackup" time="0.757"/>
  <testcase name="testCheckFtpServerEmptyField" classname="TestPage.TestDashboard.Backup.TestCloudBackup" time="3.851"/>
  <testcase name="testCheckFtpPortEmptyField" classname="TestPage.TestDashboard.Backup.TestCloudBackup" time="1.477"/>
  <testcase name="testCheckPeriodEmptyField" classname="TestPage.TestDashboard.Backup.TestCloudBackupReceiver" time="2.232"/>
  <testcase name="testCheckWatchIncomingFilesEmptyField" classname="TestPage.TestDashboard.Backup.TestCloudBackupReceiver" time="0.975"/>
  <testcase name="testCheckFilenameTemplateEmptyField" classname="TestPage.TestDashboard.Backup.TestCloudBackupReceiver" time="0.952"/>
  <testcase name="testCheckExtensionPackedFilesEmptyField" classname="TestPage.TestDashboard.Backup.TestCloudBackupReceiver" time="0.915"/>
  <testcase name="testCheckDecryptPasswordEmptyField" classname="TestPage.TestDashboard.Backup.TestCloudBackupReceiver" time="0.998"/>
  <testcase name="testCheckAlertFileCountIncorrectValue" classname="TestPage.TestDashboard.Backup.TestCloudBackupReceiver" time="1.043"/>
  <testcase name="testCheckAlertFileAgeEmptyField" classname="TestPage.TestDashboard.Backup.TestCloudBackupReceiver" time="1.002"/>
  <testcase name="testCheckPeriodEmptyField" classname="TestPage.TestDashboard.TestTransactions" time="1.311"/>
  <testcase name="testCheckFiledAlterOSTOITMoreEmptyField" classname="TestPage.TestDashboard.TestTransactions" time="0.573"/>
  <testcase name="testCheckFiledMaxTransactionsEmptyField" classname="TestPage.TestDashboard.TestTransactions" time="0.537"/>
  <testcase name="testCheckFiledAlterNextOATMoreEmptyField" classname="TestPage.TestDashboard.TestTransactions" time="0.501"/>
  <testcase name="testCheckPeriodEmptyField" classname="TestPage.TestDashboard.TestLockprint" time="0.344"/>
  <testcase name="testCheckFiledDeadlockScansThresholdEmptyValue" classname="TestPage.TestDashboard.TestLockprint" time="1.084"/>
  <testcase name="testCreateFiledDeadlockScansThresholdNumbNegativeValue" classname="TestPage.TestDashboard.TestLockprint" time="0.244"/>
  <testcase name="testCheckFiledDeadlockThresholdEmptyValue" classname="TestPage.TestDashboard.TestLockprint" time="0.934"/>
  <testcase name="testCreateFiledDeadlockThresholdNumbNegativeValue" classname="TestPage.TestDashboard.TestLockprint" time="0.263"/>
  <testcase name="testCheckFiledMutexWaitThresholdEmptyValue" classname="TestPage.TestDashboard.TestLockprint" time="0.944"/>
  <testcase name="testCreateFiledMutexWaitThresholdNumbNegativeValue" classname="TestPage.TestDashboard.TestLockprint" time="0.298"/>
  <testcase name="testCheckFiledHashSlotsEmptyValue" classname="TestPage.TestDashboard.TestLockprint" time="0.924"/>
  <testcase name="testCreateFiledHashSlotsNumbNegativeValue" classname="TestPage.TestDashboard.TestLockprint" time="0.282"/>
  <testcase name="testCheckFiledMinLengthEmptyValue" classname="TestPage.TestDashboard.TestLockprint" time="0.895"/>
  <testcase name="testCreateFiledMinLengthNumbNegativeValue" classname="TestPage.TestDashboard.TestLockprint" time="0.263"/>
  <testcase name="testCheckFiledAverageLengthEmptyValue" classname="TestPage.TestDashboard.TestLockprint" time="0.899"/>
  <testcase name="testCreateFiledAverageLengthNumbNegativeValue" classname="TestPage.TestDashboard.TestLockprint" time="0.282"/>
  <testcase name="testCheckFiledOwnersLimitEmptyValue" classname="TestPage.TestDashboard.TestLockprint" time="0.916"/>
  <testcase name="testCreateFiledOwnersLimitNumbNegativeValue" classname="TestPage.TestDashboard.TestLockprint" time="0.259"/>
  <testcase name="testCheckFiledFreeOwnersLimitEmptyValue" classname="TestPage.TestDashboard.TestLockprint" time="0.928"/>
  <testcase name="testCreateFiledFreeOwnersLimitNumbNegativeValue" classname="TestPage.TestDashboard.TestLockprint" time="0.263"/>
  <testcase name="testCheckFiledLockTableSizeEmptyValue" classname="TestPage.TestDashboard.TestLockprint" time="0.92"/>
  <testcase name="testCreateFiledLockTableSizeNumbNegativeValue" classname="TestPage.TestDashboard.TestLockprint" time="0.247"/>
  <testcase name="testCheckFiledBuffersMaxEmptyValue" classname="TestPage.TestDashboard.TestLockprint" time="1.178"/>
  <testcase name="testCreateFiledBuffersMaxNumbNegativeValue" classname="TestPage.TestDashboard.TestLockprint" time="0.271"/>
  <testcase name="testCheckPeriodEmptyField" classname="TestPage.TestDashboard.TestSweepSchedule" time="1.31"/>
  <testcase name="testCheckFiledDeadlockScansThresholdEmptyValue" classname="TestPage.TestDashboard.TestSweepSchedule" time="1.502"/>
  <testcase name="testCreateFiledDeadlockScansThresholdNumbNegativeValue" classname="TestPage.TestDashboard.TestSweepSchedule" time="0.25"/>
  <testcase name="testCheckPeriodEmptyField" classname="TestPage.TestDashboard.TestDelta" time="1.332"/>
  <testcase name="testCheckFiledMaxDeltaBytesEmptyValue" classname="TestPage.TestDashboard.TestDelta" time="0.453"/>
  <testcase name="testCheckFiledMaxDeltaMinutesEmptyValue" classname="TestPage.TestDashboard.TestDelta" time="0.477">
    <failure message="value must be a number expected [&quot;&quot; is not an integer number] but found [&quot;NaN&quot; is not an integer number]" type="java.lang.AssertionError"><![CDATA[java.lang.AssertionError: value must be a number expected ["" is not an integer number] but found ["NaN" is not an integer number]
	at TestPage.TestDashboard.TestDelta.testCheckFiledMaxDeltaMinutesEmptyValue(TestDelta.java:87)
]]></failure>
  </testcase>
  <testcase name="testCheckPeriodEmptyField" classname="TestPage.TestDashboard.TestDiskSpace" time="1.32"/>
  <testcase name="testCheckFiledMaxDeltaBytesEmptyValue" classname="TestPage.TestDashboard.TestDiskSpace" time="0.478"/>
  <testcase name="testCheckFiledMaxDeltaMinutesEmptyValue" classname="TestPage.TestDashboard.TestDiskSpace" time="0.434"/>
  <testcase name="testCheckPeriodEmptyField" classname="TestPage.TestDashboard.TestDbStatus" time="1.326"/>
  <testcase name="testCheckStoreStatisticEmptyField" classname="TestPage.TestDashboard.TestDbStatus" time="0.64"/>
  <testcase name="testCheckStatisticsArchiveDepthEmptyValue" classname="TestPage.TestDashboard.TestDbStatus" time="0.604"/>
  <testcase name="testCheckStatisticsFileNamePatternEmptyField" classname="TestPage.TestDashboard.TestDbStatus" time="0.587"/>
  <testcase name="testCheckFieldPeriodEmptyValue" classname="TestPage.TestDashboard.TestIndexStatistics" time="1.355"/>
  <testcase name="testCheckFieldStatisticsArchiveDepthEmptyValue" classname="TestPage.TestDashboard.TestIndexStatistics" time="0.489"/>
  <testcase name="testCheckPeriodEmptyField" classname="TestPage.TestDashboard.TestLowLevelMetadata" time="1.369"/>
  <testcase name="testCheckFieldMetadataFolderEmptyValue" classname="TestPage.TestDashboard.TestLowLevelMetadata" time="0.625"/>
  <testcase name="testCheckFieldMaxFormatsEmptyValue" classname="TestPage.TestDashboard.TestLowLevelMetadata" time="0.637"/>
  <testcase name="testCheckFieldDateFormatFolderNameEmptyValue" classname="TestPage.TestDashboard.TestLowLevelMetadata" time="0.62"/>
  <testcase name="testCreateMasterSync_EmptyReplicaDatabaseField" classname="TestPage.TestDashboard.Replica.TestReplica" time="2.272"/>
  <testcase name="testCreateMasterSync_Correct" classname="TestPage.TestDashboard.Replica.TestReplica" time="5.126"/>
  <testcase name="testCreateReplicaSync_Correct" classname="TestPage.TestDashboard.Replica.TestReplica" time="7.366"/>
  <testcase name="testCreateMasterAsync_EmptyLogDirectoryField" classname="TestPage.TestDashboard.Replica.TestReplica" time="5.808"/>
  <testcase name="testCreateMasterAsync_EmptyLogArchiveDirectoryField" classname="TestPage.TestDashboard.Replica.TestReplica" time="1.501"/>
  <testcase name="testCreateMasterAsync_IncorrectLogArchiveTimeoutField" classname="TestPage.TestDashboard.Replica.TestReplica" time="0.47"/>
  <testcase name="testCreateMasterAsync_Correct" classname="TestPage.TestDashboard.Replica.TestReplica" time="6.113"/>
  <testcase name="testCreateMasterAsync_CheckCreateTable" classname="TestPage.TestDashboard.Replica.TestReplica" time="80.154"/>
  <testcase name="testCreateMasterAsync_ReinitializeReplicaDatabaseCorrect" classname="TestPage.TestDashboard.Replica.TestReplica" time="16.152"/>
  <testcase name="testCreateReplicaAsync_EmptyLogArchiveDirectoryField" classname="TestPage.TestDashboard.Replica.TestReplica" time="12.752"/>
  <testcase name="testCreateReplicaAsync_Correct" classname="TestPage.TestDashboard.Replica.TestReplica" time="4.838"/>
  <testcase name="testAddFtpCorrect" classname="TestPage.TestDashboard.Replica.TestReplica" time="10.317"/>
  <testcase name="testAddCloudBackupCorrect" classname="TestPage.TestDashboard.Replica.TestReplica" time="9.05"/>
  <testcase name="testAddCloudBackupReceiverCorrect" classname="TestPage.TestDashboard.Replica.TestReplica" time="7.365"/>
  <testcase name="testCreateReplicaAsync_CheckSelectTable" classname="TestPage.TestDashboard.Replica.TestReplica" time="5.005"/>
  <testcase name="testCheckPeriodEmptyField" classname="TestPage.TestPerformance.TestTransactionMonitoring" time="2.913"/>
  <testcase name="testCheckFieldOutputFolderEmptyValue" classname="TestPage.TestPerformance.TestTransactionMonitoring" time="1.167"/>
  <testcase name="testCheckFiledShowTransactionsOlderEmptyValue" classname="TestPage.TestPerformance.TestTransactionMonitoring" time="0.647"/>
  <testcase name="testCreateFiledShowTransactionsOlderNumbNegativeValue" classname="TestPage.TestPerformance.TestTransactionMonitoring" time="0.21"/>
  <testcase name="testCheckSendAlertOldestActiveTransactionEmptyValue" classname="TestPage.TestPerformance.TestTransactionMonitoring" time="0.596"/>
  <testcase name="testCreateSendAlertOldestActiveTransactionNumbNegativeValue" classname="TestPage.TestPerformance.TestTransactionMonitoring" time="0.237"/>
  <testcase name="testCheckShowOnlyNNOldestActiveTransactionsEmptyValue" classname="TestPage.TestPerformance.TestTransactionMonitoring" time="0.6"/>
  <testcase name="testCreateShowOnlyNNOldestActiveTransactionsNumbNegativeValue" classname="TestPage.TestPerformance.TestTransactionMonitoring" time="0.258"/>
  <testcase name="testCheckPeriodEmptyField" classname="TestPage.TestPerformance.TestPerformanceMonitoring" time="2.901"/>
  <testcase name="testCheckFieldOutputFolderEmptyValue" classname="TestPage.TestPerformance.TestPerformanceMonitoring" time="0.721"/>
</testsuite>