<?xml version="1.0" encoding="UTF-8"?>
<testng-results ignored="0" total="1" passed="1" failed="0" skipped="0">
  <reporter-output>
  </reporter-output>
  <suite started-at="2019-12-26T10:19:05 MSK" name="TestOne" finished-at="2019-12-26T10:19:06 MSK" duration-ms="1075">
    <groups>
    </groups>
    <test started-at="2019-12-26T10:19:05 MSK" name="Common" finished-at="2019-12-26T10:19:06 MSK" duration-ms="1075">
      <class name="TestPage.TestDashboard.Backup.TestCloudBackup">
        <test-method is-config="true" signature="suiteSetUp(java.lang.String, java.lang.String, java.lang.String, java.lang.String, java.lang.String)[pri:0, instance:TestPage.TestDashboard.Backup.TestCloudBackup@2b4a2ec7]" started-at="2019-12-26T10:18:52 MSK" name="suiteSetUp" finished-at="2019-12-26T10:19:05 MSK" duration-ms="12722" status="PASS">
          <params>
            <param index="0">
              <value>
                <![CDATA[chrome]]>
              </value>
            </param>
            <param index="1">
              <value>
                <![CDATA[src/test/resurces/chromedriver.exe]]>
              </value>
            </param>
            <param index="2">
              <value>
                <![CDATA[http://admin:strong password@localhost:8082/]]>
              </value>
            </param>
            <param index="3">
              <value>
                <![CDATA[admin]]>
              </value>
            </param>
            <param index="4">
              <value>
                <![CDATA[strong password]]>
              </value>
            </param>
          </params>
          <reporter-output>
          </reporter-output>
        </test-method> <!-- suiteSetUp -->
        <test-method is-config="true" signature="suiteSetUp()[pri:0, instance:TestPage.TestDashboard.Backup.TestCloudBackup@2b4a2ec7]" started-at="2019-12-26T10:19:05 MSK" name="suiteSetUp" finished-at="2019-12-26T10:19:06 MSK" duration-ms="1024" status="PASS">
          <reporter-output>
          </reporter-output>
        </test-method> <!-- suiteSetUp -->
        <test-method signature="testCreateVBScheduleIncorrect()[pri:1, instance:TestPage.TestDashboard.Backup.TestCloudBackup@2b4a2ec7]" started-at="2019-12-26T10:19:06 MSK" name="testCreateVBScheduleIncorrect" finished-at="2019-12-26T10:19:06 MSK" duration-ms="1" status="PASS">
          <reporter-output>
          </reporter-output>
        </test-method> <!-- testCreateVBScheduleIncorrect -->
        <test-method is-config="true" signature="tearDown()[pri:0, instance:TestPage.TestDashboard.Backup.TestCloudBackup@2b4a2ec7]" started-at="2019-12-26T10:19:06 MSK" name="tearDown" finished-at="2019-12-26T10:19:06 MSK" duration-ms="15" status="PASS">
          <reporter-output>
          </reporter-output>
        </test-method> <!-- tearDown -->
        <test-method is-config="true" signature="testTearDown(java.lang.reflect.Method)[pri:0, instance:TestPage.TestDashboard.Backup.TestCloudBackup@2b4a2ec7]" started-at="2019-12-26T10:19:06 MSK" name="testTearDown" finished-at="2019-12-26T10:19:06 MSK" duration-ms="8" status="PASS">
          <params>
            <param index="0">
              <value>
                <![CDATA[public void TestPage.TestDashboard.Backup.TestCloudBackup.testCreateVBScheduleIncorrect()]]>
              </value>
            </param>
          </params>
          <reporter-output>
          </reporter-output>
        </test-method> <!-- testTearDown -->
        <test-method is-config="true" signature="testTearDownTests()[pri:0, instance:TestPage.TestDashboard.Backup.TestCloudBackup@2b4a2ec7]" started-at="2019-12-26T10:19:06 MSK" name="testTearDownTests" finished-at="2019-12-26T10:19:06 MSK" duration-ms="1" status="PASS">
          <reporter-output>
          </reporter-output>
        </test-method> <!-- testTearDownTests -->
        <test-method is-config="true" signature="suiteTearDown()[pri:0, instance:TestPage.TestDashboard.Backup.TestCloudBackup@2b4a2ec7]" started-at="2019-12-26T10:19:06 MSK" name="suiteTearDown" finished-at="2019-12-26T10:19:07 MSK" duration-ms="945" status="PASS">
          <reporter-output>
          </reporter-output>
        </test-method> <!-- suiteTearDown -->
      </class> <!-- TestPage.TestDashboard.Backup.TestCloudBackup -->
    </test> <!-- Common -->
  </suite> <!-- TestOne -->
</testng-results>
